Change Pin Designator/Name:  Old Designator=U4C-A13 Old Name=IO_L7P_T1_AD2P_15 New Designator =IO_L4P_T0_15 New Name=B10
Change Pin Designator/Name:  Old Designator=U4C-A14 Old Name=IO_L7N_T1_AD2N_15 New Designator =IO_L13P_T2_MRCC_15 New Name=E12
Change Pin Designator/Name:  Old Designator=U4C-B10 Old Name=IO_L4P_T0_15 New Designator =IO_L14N_T2_SRCC_15 New Name=D11
Change Pin Designator/Name:  Old Designator=U4C-B11 Old Name=IO_L4N_T0_15 New Designator =IO_L13N_T2_MRCC_15 New Name=E13
Change Pin Designator/Name:  Old Designator=U4C-B12 Old Name=IO_L5P_T0_AD9P_15 New Designator =IO_L14P_T2_SRCC_15 New Name=E11
Change Pin Designator/Name:  Old Designator=U4C-E16 Old Name=IO_L17P_T2_A26_15 New Designator =IO_L24P_T3_RS1_15 New Name=H14
Change Pin Designator/Name:  Old Designator=U4C-E15 Old Name=IO_L18N_T2_A23_15 New Designator =IO_L23N_T3_FWE_B_15 New Name=J16
Change Pin Designator/Name:  Old Designator=U4C-D16 Old Name=IO_L17N_T2_A25_15 New Designator =IO_L4N_T0_15 New Name=B11
Change Pin Designator/Name:  Old Designator=U4C-H16 Old Name=IO_L22P_T3_A17_15 New Designator =IO_L5P_T0_AD9P_15 New Name=B12
Change Pin Designator/Name:  Old Designator=U4C-C14 Old Name=IO_L8P_T1_AD10P_15 New Designator =IO_L22P_T3_A17_15 New Name=H16
Change Pin Designator/Name:  Old Designator=U4C-B14 Old Name=IO_L8N_T1_AD10N_15 New Designator =IO_L8P_T1_AD10P_15 New Name=C14
Change Pin Designator/Name:  Old Designator=U4C-E12 Old Name=IO_L13P_T2_MRCC_15 New Designator =IO_L7N_T1_AD2N_15 New Name=A14
Change Pin Designator/Name:  Old Designator=U4C-E13 Old Name=IO_L13N_T2_MRCC_15 New Designator =IO_L24N_T3_RS0_15 New Name=G15
Change Pin Designator/Name:  Old Designator=U4C-E11 Old Name=IO_L14P_T2_SRCC_15 New Designator =IO_L9P_T1_DQS_AD3P_15 New Name=B15
Change Pin Designator/Name:  Old Designator=U4C-D11 Old Name=IO_L14N_T2_SRCC_15 New Designator =IO_L22N_T3_A16_15 New Name=G16
Change Pin Designator/Name:  Old Designator=U4C-D14 Old Name=IO_L15P_T2_DQS_15 New Designator =IO_L9N_T1_DQS_AD3N_15 New Name=A15
Change Pin Designator/Name:  Old Designator=U4C-D15 Old Name=IO_L15N_T2_DQS_ADV_B_15 New Designator =IO_L17P_T2_A26_15 New Name=E16
Change Pin Designator/Name:  Old Designator=U4C-B15 Old Name=IO_L9P_T1_DQS_AD3P_15 New Designator =IO_L23P_T3_FOE_B_15 New Name=J15
Change Pin Designator/Name:  Old Designator=U4C-A15 Old Name=IO_L9N_T1_DQS_AD3N_15 New Designator =IO_L7P_T1_AD2P_15 New Name=A13
Change Pin Designator/Name:  Old Designator=U4C-G16 Old Name=IO_L22N_T3_A16_15 New Designator =IO_L17N_T2_A25_15 New Name=D16
Change Pin Designator/Name:  Old Designator=U4C-J15 Old Name=IO_L23P_T3_FOE_B_15 New Designator =IO_L15P_T2_DQS_15 New Name=D14
Change Pin Designator/Name:  Old Designator=U4C-J16 Old Name=IO_L23N_T3_FWE_B_15 New Designator =IO_L18N_T2_A23_15 New Name=E15
Change Pin Designator/Name:  Old Designator=U4C-H14 Old Name=IO_L24P_T3_RS1_15 New Designator =IO_L15N_T2_DQS_ADV_B_15 New Name=D15
Change Pin Designator/Name:  Old Designator=U4C-G15 Old Name=IO_L24N_T3_RS0_15 New Designator =IO_L8N_T1_AD10N_15 New Name=B14
Change Pin Designator/Name:  Old Designator=U4C-G11 Old Name=IO_25_15 New Designator =IO_L18P_T2_A24_15 New Name=F15
Change Pin Designator/Name:  Old Designator=U4C-F15 Old Name=IO_L18P_T2_A24_15 New Designator =IO_25_15 New Name=G11
