Change Net Color : Net Name= A2 Old Net Color=Default New Net Color=Yellow
Change Net Color : Net Name= A3 Old Net Color=Default New Net Color=Yellow
Change Net Color : Net Name= A4 Old Net Color=Default New Net Color=Yellow
Change Net Color : Net Name= A5 Old Net Color=Default New Net Color=Yellow
Change Net Color : Net Name= A7 Old Net Color=Default New Net Color=Yellow
Change Net Color : Net Name= B1 Old Net Color=Default New Net Color=Yellow
Change Net Color : Net Name= B2 Old Net Color=Default New Net Color=Yellow
Change Net Color : Net Name= B4 Old Net Color=Default New Net Color=Yellow
Change Net Color : Net Name= B5 Old Net Color=Default New Net Color=Yellow
Change Net Color : Net Name= B6 Old Net Color=Default New Net Color=Yellow
Change Net Color : Net Name= B7 Old Net Color=Default New Net Color=Yellow
Change Net Color : Net Name= C1 Old Net Color=Default New Net Color=Yellow
Change Net Color : Net Name= C2 Old Net Color=Default New Net Color=Yellow
Change Net Color : Net Name= C3 Old Net Color=Default New Net Color=Yellow
Change Net Color : Net Name= C4 Old Net Color=Default New Net Color=Yellow
Change Net Color : Net Name= C6 Old Net Color=Default New Net Color=Yellow
Change Net Color : Net Name= C7 Old Net Color=Default New Net Color=Yellow
Change Net Color : Net Name= D1 Old Net Color=Default New Net Color=Yellow
Change Net Color : Net Name= D3 Old Net Color=Default New Net Color=Yellow
Change Net Color : Net Name= D4 Old Net Color=Default New Net Color=Yellow
Change Net Color : Net Name= D5 Old Net Color=Default New Net Color=Yellow
Change Net Color : Net Name= D6 Old Net Color=Default New Net Color=Yellow
Change Net Color : Net Name= E1 Old Net Color=Default New Net Color=Yellow
Change Net Color : Net Name= E2 Old Net Color=Default New Net Color=Yellow
Change Net Color : Net Name= E3 Old Net Color=Default New Net Color=Yellow
Change Net Color : Net Name= E5 Old Net Color=Default New Net Color=Yellow
Change Net Color : Net Name= F2 Old Net Color=Default New Net Color=Yellow
Change Net Color : Net Name= F3 Old Net Color=Default New Net Color=Yellow
Change Net Color : Net Name= F4 Old Net Color=Default New Net Color=Yellow
Change Net Color : Net Name= F5 Old Net Color=Default New Net Color=Yellow
Change Net Color : Net Name= G1 Old Net Color=Default New Net Color=Yellow
Change Net Color : Net Name= G2 Old Net Color=Default New Net Color=Yellow
Change Net Color : Net Name= G4 Old Net Color=Default New Net Color=Yellow
Change Net Color : Net Name= G5 Old Net Color=Default New Net Color=Yellow
Change Net Color : Net Name= H1 Old Net Color=Default New Net Color=Yellow
Change Net Color : Net Name= H2 Old Net Color=Default New Net Color=Yellow
Change Net Color : Net Name= H3 Old Net Color=Default New Net Color=Yellow
Change Net Color : Net Name= H4 Old Net Color=Default New Net Color=Yellow
Change Net Color : Net Name= H5 Old Net Color=Default New Net Color=Yellow
Change Net Color : Net Name= J1 Old Net Color=Default New Net Color=Yellow
Change Net Color : Net Name= J3 Old Net Color=Default New Net Color=Yellow
Change Net Color : Net Name= J4 Old Net Color=Default New Net Color=Yellow
Change Net Color : Net Name= J5 Old Net Color=Default New Net Color=Yellow
Change Net Color : Net Name= K1 Old Net Color=Default New Net Color=Yellow
Change Net Color : Net Name= L2 Old Net Color=Default New Net Color=Yellow
Change Net Color : Net Name= L3 Old Net Color=Default New Net Color=Yellow
