Change Pin Designator/Name:  Old Designator=U4E-A2 Old Name=IO_L8N_T1_AD14N_35 New Designator =IO_L4N_T0_35 New Name=A3
Change Pin Designator/Name:  Old Designator=U4E-A3 Old Name=IO_L4N_T0_35 New Designator =IO_L12P_T1_MRCC_35 New Name=D4
Change Pin Designator/Name:  Old Designator=U4E-A4 Old Name=IO_L3N_T0_DQS_AD5N_35 New Designator =IO_L5N_T0_AD13N_35 New Name=C6
Change Pin Designator/Name:  Old Designator=U4E-A5 Old Name=IO_L3P_T0_DQS_AD5P_35 New Designator =IO_L5P_T0_AD13P_35 New Name=C7
Change Pin Designator/Name:  Old Designator=U4E-A7 Old Name=IO_L1N_T0_AD4N_35 New Designator =IO_L6P_T0_35 New Name=D6
Change Pin Designator/Name:  Old Designator=U4E-B1 Old Name=IO_L9N_T1_DQS_AD7N_35 New Designator =IO_L11N_T1_SRCC_35 New Name=D3
Change Pin Designator/Name:  Old Designator=U4E-B2 Old Name=IO_L8P_T1_AD14P_35 New Designator =IO_L4P_T0_35 New Name=B4
Change Pin Designator/Name:  Old Designator=U4E-B4 Old Name=IO_L4P_T0_35 New Designator =IO_L6N_T0_VREF_35 New Name=D5
Change Pin Designator/Name:  Old Designator=U4E-B5 Old Name=IO_L2N_T0_AD12N_35 New Designator =IO_L14P_T2_SRCC_35 New Name=F4
Change Pin Designator/Name:  Old Designator=U4E-B6 Old Name=IO_L2P_T0_AD12P_35 New Designator =IO_L13P_T2_MRCC_35 New Name=F5
Change Pin Designator/Name:  Old Designator=U4E-B7 Old Name=IO_L1P_T0_AD4P_35 New Designator =IO_L13N_T2_MRCC_35 New Name=E5
Change Pin Designator/Name:  Old Designator=U4E-C1 Old Name=IO_L9P_T1_DQS_AD7P_35 New Designator =IO_L3N_T0_DQS_AD5N_35 New Name=A4
Change Pin Designator/Name:  Old Designator=U4E-C2 Old Name=IO_L7N_T1_AD6N_35 New Designator =IO_L2N_T0_AD12N_35 New Name=B5
Change Pin Designator/Name:  Old Designator=U4E-C3 Old Name=IO_L7P_T1_AD6P_35 New Designator =IO_L3P_T0_DQS_AD5P_35 New Name=A5
Change Pin Designator/Name:  Old Designator=U4E-C4 Old Name=IO_L12N_T1_MRCC_35 New Designator =IO_L15N_T2_DQS_35 New Name=E1
Change Pin Designator/Name:  Old Designator=U4E-C6 Old Name=IO_L5N_T0_AD13N_35 New Designator =IO_L1N_T0_AD4N_35 New Name=A7
Change Pin Designator/Name:  Old Designator=U4E-C7 Old Name=IO_L5P_T0_AD13P_35 New Designator =IO_L2P_T0_AD12P_35 New Name=B6
Change Pin Designator/Name:  Old Designator=U4E-D1 Old Name=IO_L10N_T1_AD15N_35 New Designator =IO_L9N_T1_DQS_AD7N_35 New Name=B1
Change Pin Designator/Name:  Old Designator=U4E-D3 Old Name=IO_L11N_T1_SRCC_35 New Designator =IO_L11P_T1_SRCC_35 New Name=E3
Change Pin Designator/Name:  Old Designator=U4E-D4 Old Name=IO_L12P_T1_MRCC_35 New Designator =IO_L10P_T1_AD15P_35 New Name=E2
Change Pin Designator/Name:  Old Designator=U4E-D5 Old Name=IO_L6N_T0_VREF_35 New Designator =IO_L12N_T1_MRCC_35 New Name=C4
Change Pin Designator/Name:  Old Designator=U4E-D6 Old Name=IO_L6P_T0_35 New Designator =IO_L1P_T0_AD4P_35 New Name=B7
Change Pin Designator/Name:  Old Designator=U4E-E1 Old Name=IO_L15N_T2_DQS_35 New Designator =IO_L10N_T1_AD15N_35 New Name=D1
Change Pin Designator/Name:  Old Designator=U4E-E2 Old Name=IO_L10P_T1_AD15P_35 New Designator =IO_L8N_T1_AD14N_35 New Name=A2
Change Pin Designator/Name:  Old Designator=U4E-E3 Old Name=IO_L11P_T1_SRCC_35 New Designator =IO_L7P_T1_AD6P_35 New Name=C3
Change Pin Designator/Name:  Old Designator=U4E-E5 Old Name=IO_L13N_T2_MRCC_35 New Designator =IO_L7N_T1_AD6N_35 New Name=C2
Change Pin Designator/Name:  Old Designator=U4E-F2 Old Name=IO_L15P_T2_DQS_35 New Designator =IO_L9P_T1_DQS_AD7P_35 New Name=C1
Change Pin Designator/Name:  Old Designator=U4E-F3 Old Name=IO_L14N_T2_SRCC_35 New Designator =IO_L15P_T2_DQS_35 New Name=F2
Change Pin Designator/Name:  Old Designator=U4E-F4 Old Name=IO_L14P_T2_SRCC_35 New Designator =IO_L14N_T2_SRCC_35 New Name=F3
Change Pin Designator/Name:  Old Designator=U4E-F5 Old Name=IO_L13P_T2_MRCC_35 New Designator =IO_L8P_T1_AD14P_35 New Name=B2
