Replace Symbol from C20 C0805C474K4RACTU in C:\Users\santi\OneDrive\Documentos\PCB_Design\Proyecto0\Proyecto0\FPGA_Power&Ports.SchDoc with C0805C474K4RACTU from Pasivos.IntLib
Replace Symbol from C21 C0805C474K4RACTU in C:\Users\santi\OneDrive\Documentos\PCB_Design\Proyecto0\Proyecto0\FPGA_Power&Ports.SchDoc with C0805C474K4RACTU from Pasivos.IntLib
Replace Symbol from C22 C0805C474K4RACTU in C:\Users\santi\OneDrive\Documentos\PCB_Design\Proyecto0\Proyecto0\FPGA_Power&Ports.SchDoc with C0805C474K4RACTU from Pasivos.IntLib
Replace Symbol from C23 C0805C474K4RACTU in C:\Users\santi\OneDrive\Documentos\PCB_Design\Proyecto0\Proyecto0\FPGA_Power&Ports.SchDoc with C0805C474K4RACTU from Pasivos.IntLib
Replace Symbol from C24 C0805C475K4RACTU in C:\Users\santi\OneDrive\Documentos\PCB_Design\Proyecto0\Proyecto0\FPGA_Power&Ports.SchDoc with C0805C475K4RACTU from Pasivos.IntLib
Replace Symbol from C25 C0805C475K4RACTU in C:\Users\santi\OneDrive\Documentos\PCB_Design\Proyecto0\Proyecto0\FPGA_Power&Ports.SchDoc with C0805C475K4RACTU from Pasivos.IntLib
Replace Symbol from C26 CL21A476MQYNNNE in C:\Users\santi\OneDrive\Documentos\PCB_Design\Proyecto0\Proyecto0\FPGA_Power&Ports.SchDoc with CL21A476MQYNNNE from Pasivos.IntLib
Replace Symbol from C27 C0805C474K4RACTU in C:\Users\santi\OneDrive\Documentos\PCB_Design\Proyecto0\Proyecto0\FPGA_Power&Ports.SchDoc with C0805C474K4RACTU from Pasivos.IntLib
Replace Symbol from C28 C0805C474K4RACTU in C:\Users\santi\OneDrive\Documentos\PCB_Design\Proyecto0\Proyecto0\FPGA_Power&Ports.SchDoc with C0805C474K4RACTU from Pasivos.IntLib
Replace Symbol from C29 C0805C474K4RACTU in C:\Users\santi\OneDrive\Documentos\PCB_Design\Proyecto0\Proyecto0\FPGA_Power&Ports.SchDoc with C0805C474K4RACTU from Pasivos.IntLib
Replace Symbol from C30 C0805C474K4RACTU in C:\Users\santi\OneDrive\Documentos\PCB_Design\Proyecto0\Proyecto0\FPGA_Power&Ports.SchDoc with C0805C474K4RACTU from Pasivos.IntLib
Replace Symbol from C31 C0805C475K4RACTU in C:\Users\santi\OneDrive\Documentos\PCB_Design\Proyecto0\Proyecto0\FPGA_Power&Ports.SchDoc with C0805C475K4RACTU from Pasivos.IntLib
Replace Symbol from C32 C0805C475K4RACTU in C:\Users\santi\OneDrive\Documentos\PCB_Design\Proyecto0\Proyecto0\FPGA_Power&Ports.SchDoc with C0805C475K4RACTU from Pasivos.IntLib
Replace Symbol from C33 CL21A476MQYNNNE in C:\Users\santi\OneDrive\Documentos\PCB_Design\Proyecto0\Proyecto0\FPGA_Power&Ports.SchDoc with CL21A476MQYNNNE from Pasivos.IntLib
Replace Symbol from C34 CL21A476MQYNNNE in C:\Users\santi\OneDrive\Documentos\PCB_Design\Proyecto0\Proyecto0\FPGA_Power&Ports.SchDoc with CL21A476MQYNNNE from Pasivos.IntLib
Replace Symbol from C35 C0805C475K4RACTU in C:\Users\santi\OneDrive\Documentos\PCB_Design\Proyecto0\Proyecto0\FPGA_Power&Ports.SchDoc with C0805C475K4RACTU from Pasivos.IntLib
Replace Symbol from C36 C0805C474K4RACTU in C:\Users\santi\OneDrive\Documentos\PCB_Design\Proyecto0\Proyecto0\FPGA_Power&Ports.SchDoc with C0805C474K4RACTU from Pasivos.IntLib
Replace Symbol from C37 C0603C104K4RAC7867 in C:\Users\santi\OneDrive\Documentos\PCB_Design\Proyecto0\Proyecto0\FPGA_Power&Ports.SchDoc with C0603C104K4RAC7867 from Pasivos.IntLib
Replace Symbol from C38 C0805C474K4RACTU in C:\Users\santi\OneDrive\Documentos\PCB_Design\Proyecto0\Proyecto0\FPGA_Power&Ports.SchDoc with C0805C474K4RACTU from Pasivos.IntLib
Replace Symbol from C39 C0805C474K4RACTU in C:\Users\santi\OneDrive\Documentos\PCB_Design\Proyecto0\Proyecto0\FPGA_Power&Ports.SchDoc with C0805C474K4RACTU from Pasivos.IntLib
Replace Symbol from C40 C0805C474K4RACTU in C:\Users\santi\OneDrive\Documentos\PCB_Design\Proyecto0\Proyecto0\FPGA_Power&Ports.SchDoc with C0805C474K4RACTU from Pasivos.IntLib
Replace Symbol from C41 C0805C474K4RACTU in C:\Users\santi\OneDrive\Documentos\PCB_Design\Proyecto0\Proyecto0\FPGA_Power&Ports.SchDoc with C0805C474K4RACTU from Pasivos.IntLib
Replace Symbol from C42 C0805C475K4RACTU in C:\Users\santi\OneDrive\Documentos\PCB_Design\Proyecto0\Proyecto0\FPGA_Power&Ports.SchDoc with C0805C475K4RACTU from Pasivos.IntLib
Replace Symbol from C43 C0805C475K4RACTU in C:\Users\santi\OneDrive\Documentos\PCB_Design\Proyecto0\Proyecto0\FPGA_Power&Ports.SchDoc with C0805C475K4RACTU from Pasivos.IntLib
Replace Symbol from C44 CL21A476MQYNNNE in C:\Users\santi\OneDrive\Documentos\PCB_Design\Proyecto0\Proyecto0\FPGA_Power&Ports.SchDoc with CL21A476MQYNNNE from Pasivos.IntLib
Replace Symbol from C45 C0805C474K4RACTU in C:\Users\santi\OneDrive\Documentos\PCB_Design\Proyecto0\Proyecto0\FPGA_Power&Ports.SchDoc with C0805C474K4RACTU from Pasivos.IntLib
Replace Symbol from C46 C0805C474K4RACTU in C:\Users\santi\OneDrive\Documentos\PCB_Design\Proyecto0\Proyecto0\FPGA_Power&Ports.SchDoc with C0805C474K4RACTU from Pasivos.IntLib
Replace Symbol from C47 C0805C474K4RACTU in C:\Users\santi\OneDrive\Documentos\PCB_Design\Proyecto0\Proyecto0\FPGA_Power&Ports.SchDoc with C0805C474K4RACTU from Pasivos.IntLib
Replace Symbol from C48 C0805C474K4RACTU in C:\Users\santi\OneDrive\Documentos\PCB_Design\Proyecto0\Proyecto0\FPGA_Power&Ports.SchDoc with C0805C474K4RACTU from Pasivos.IntLib
Replace Symbol from C49 C0805C475K4RACTU in C:\Users\santi\OneDrive\Documentos\PCB_Design\Proyecto0\Proyecto0\FPGA_Power&Ports.SchDoc with C0805C475K4RACTU from Pasivos.IntLib
Replace Symbol from C50 C0805C475K4RACTU in C:\Users\santi\OneDrive\Documentos\PCB_Design\Proyecto0\Proyecto0\FPGA_Power&Ports.SchDoc with C0805C475K4RACTU from Pasivos.IntLib
Replace Symbol from C51 CL21A476MQYNNNE in C:\Users\santi\OneDrive\Documentos\PCB_Design\Proyecto0\Proyecto0\FPGA_Power&Ports.SchDoc with CL21A476MQYNNNE from Pasivos.IntLib
Replace Symbol from C52 C0603C104K4RAC7867 in C:\Users\santi\OneDrive\Documentos\PCB_Design\Proyecto0\Proyecto0\FPGA_Power&Ports.SchDoc with C0603C104K4RAC7867 from Pasivos.IntLib
Replace Symbol from C53 C0603C106M9PAC7867 in C:\Users\santi\OneDrive\Documentos\PCB_Design\Proyecto0\Proyecto0\FPGA_Power&Ports.SchDoc with C0603C106M9PAC7867 from Pasivos.IntLib
Replace Symbol from C54 C0603C104K4RAC7867 in C:\Users\santi\OneDrive\Documentos\PCB_Design\Proyecto0\Proyecto0\FPGA_Power&Ports.SchDoc with C0603C104K4RAC7867 from Pasivos.IntLib
Replace Symbol from C55 C0603C102K4RAC in C:\Users\santi\OneDrive\Documentos\PCB_Design\Proyecto0\Proyecto0\FPGA_Power&Ports.SchDoc with C0603C102K4RAC from Pasivos.IntLib
Replace Symbol from C56 C0805C474K4RACTU in C:\Users\santi\OneDrive\Documentos\PCB_Design\Proyecto0\Proyecto0\FPGA_Power&Ports.SchDoc with C0805C474K4RACTU from Pasivos.IntLib
Replace Symbol from C57 C0805C474K4RACTU in C:\Users\santi\OneDrive\Documentos\PCB_Design\Proyecto0\Proyecto0\FPGA_Power&Ports.SchDoc with C0805C474K4RACTU from Pasivos.IntLib
Replace Symbol from C58 C0805C474K4RACTU in C:\Users\santi\OneDrive\Documentos\PCB_Design\Proyecto0\Proyecto0\FPGA_Power&Ports.SchDoc with C0805C474K4RACTU from Pasivos.IntLib
Replace Symbol from C59 C0805C475K4RACTU in C:\Users\santi\OneDrive\Documentos\PCB_Design\Proyecto0\Proyecto0\FPGA_Power&Ports.SchDoc with C0805C475K4RACTU from Pasivos.IntLib
Replace Symbol from C60 C0805C475K4RACTU in C:\Users\santi\OneDrive\Documentos\PCB_Design\Proyecto0\Proyecto0\FPGA_Power&Ports.SchDoc with C0805C475K4RACTU from Pasivos.IntLib
Replace Symbol from C61 C1206C107M9PAC in C:\Users\santi\OneDrive\Documentos\PCB_Design\Proyecto0\Proyecto0\FPGA_Power&Ports.SchDoc with C1206C107M9PAC from Pasivos.IntLib
Replace Symbol from C62 C0805C474K4RACTU in C:\Users\santi\OneDrive\Documentos\PCB_Design\Proyecto0\Proyecto0\FPGA_Power&Ports.SchDoc with C0805C474K4RACTU from Pasivos.IntLib
Replace Symbol from C63 CL21A476MQYNNNE in C:\Users\santi\OneDrive\Documentos\PCB_Design\Proyecto0\Proyecto0\FPGA_Power&Ports.SchDoc with CL21A476MQYNNNE from Pasivos.IntLib
Replace Symbol from C64 C0805C474K4RACTU in C:\Users\santi\OneDrive\Documentos\PCB_Design\Proyecto0\Proyecto0\FPGA_Power&Ports.SchDoc with C0805C474K4RACTU from Pasivos.IntLib
Replace Symbol from C65 C0805C474K4RACTU in C:\Users\santi\OneDrive\Documentos\PCB_Design\Proyecto0\Proyecto0\FPGA_Power&Ports.SchDoc with C0805C474K4RACTU from Pasivos.IntLib
Replace Symbol from C66 C0805C474K4RACTU in C:\Users\santi\OneDrive\Documentos\PCB_Design\Proyecto0\Proyecto0\FPGA_Power&Ports.SchDoc with C0805C474K4RACTU from Pasivos.IntLib
Replace Symbol from C67 C0805C475K4RACTU in C:\Users\santi\OneDrive\Documentos\PCB_Design\Proyecto0\Proyecto0\FPGA_Power&Ports.SchDoc with C0805C475K4RACTU from Pasivos.IntLib
Replace Symbol from C68 C0805C475K4RACTU in C:\Users\santi\OneDrive\Documentos\PCB_Design\Proyecto0\Proyecto0\FPGA_Power&Ports.SchDoc with C0805C475K4RACTU from Pasivos.IntLib
Replace Symbol from C69 CL21A476MQYNNNE in C:\Users\santi\OneDrive\Documentos\PCB_Design\Proyecto0\Proyecto0\FPGA_Power&Ports.SchDoc with CL21A476MQYNNNE from Pasivos.IntLib
Replace Symbol from D3 LED_BLUE_0603 in C:\Users\santi\OneDrive\Documentos\PCB_Design\Proyecto0\Proyecto0\FPGA_Power&Ports.SchDoc with LED_BLUE_0603 from Integrated_Circuits.IntLib
Replace Symbol from L3 HZ0603C651R-10 in C:\Users\santi\OneDrive\Documentos\PCB_Design\Proyecto0\Proyecto0\FPGA_Power&Ports.SchDoc with HZ0603C651R-10 from Pasivos.IntLib
Replace Symbol from L4 HZ0603C651R-10 in C:\Users\santi\OneDrive\Documentos\PCB_Design\Proyecto0\Proyecto0\FPGA_Power&Ports.SchDoc with HZ0603C651R-10 from Pasivos.IntLib
Replace Symbol from R14 CRCW0603200RFKEA in C:\Users\santi\OneDrive\Documentos\PCB_Design\Proyecto0\Proyecto0\FPGA_Power&Ports.SchDoc with CRCW0603200RFKEA from Pasivos.IntLib
Replace Symbol from R15 CRCW0603165RFKEA in C:\Users\santi\OneDrive\Documentos\PCB_Design\Proyecto0\Proyecto0\FPGA_Power&Ports.SchDoc with CRCW0603165RFKEA from Pasivos.IntLib
Replace Symbol from R16 EXB-38V101JV in C:\Users\santi\OneDrive\Documentos\PCB_Design\Proyecto0\Proyecto0\FPGA_Power&Ports.SchDoc with EXB-38V101JV from Pasivos.IntLib
Replace Symbol from R17 CRCW06034K70FKEA in C:\Users\santi\OneDrive\Documentos\PCB_Design\Proyecto0\Proyecto0\FPGA_Power&Ports.SchDoc with CRCW06034K70FKEA from Pasivos.IntLib
Replace Symbol from R18 CRCW06034K70FKEA in C:\Users\santi\OneDrive\Documentos\PCB_Design\Proyecto0\Proyecto0\FPGA_Power&Ports.SchDoc with CRCW06034K70FKEA from Pasivos.IntLib
Replace Symbol from R19 EXB-38V101JV in C:\Users\santi\OneDrive\Documentos\PCB_Design\Proyecto0\Proyecto0\FPGA_Power&Ports.SchDoc with EXB-38V101JV from Pasivos.IntLib
Replace Symbol from R20 CRCW060378R7FKEA in C:\Users\santi\OneDrive\Documentos\PCB_Design\Proyecto0\Proyecto0\FPGA_Power&Ports.SchDoc with CRCW060378R7FKEA from Pasivos.IntLib
Replace Symbol from R21 CRCW060378R7FKEA in C:\Users\santi\OneDrive\Documentos\PCB_Design\Proyecto0\Proyecto0\FPGA_Power&Ports.SchDoc with CRCW060378R7FKEA from Pasivos.IntLib
Replace Symbol from U4 XC7A35TFTG256 in C:\Users\santi\OneDrive\Documentos\PCB_Design\Proyecto0\Proyecto0\FPGA_Power&Ports.SchDoc with XC7A35TFTG256 from Integrated_Circuits.IntLib
Replace Symbol from U4 XC7A35TFTG256 in C:\Users\santi\OneDrive\Documentos\PCB_Design\Proyecto0\Proyecto0\FPGA_Power&Ports.SchDoc with XC7A35TFTG256 from Integrated_Circuits.IntLib
Replace Symbol from U4 XC7A35TFTG256 in C:\Users\santi\OneDrive\Documentos\PCB_Design\Proyecto0\Proyecto0\FPGA_Power&Ports.SchDoc with XC7A35TFTG256 from Integrated_Circuits.IntLib
Replace Symbol from U4 XC7A35TFTG256 in C:\Users\santi\OneDrive\Documentos\PCB_Design\Proyecto0\Proyecto0\FPGA_Power&Ports.SchDoc with XC7A35TFTG256 from Integrated_Circuits.IntLib
Replace Symbol from U4 XC7A35TFTG256 in C:\Users\santi\OneDrive\Documentos\PCB_Design\Proyecto0\Proyecto0\FPGA_Power&Ports.SchDoc with XC7A35TFTG256 from Integrated_Circuits.IntLib
Replace Symbol from U4 XC7A35TFTG256 in C:\Users\santi\OneDrive\Documentos\PCB_Design\Proyecto0\Proyecto0\FPGA_Power&Ports.SchDoc with XC7A35TFTG256 from Integrated_Circuits.IntLib
Replace Symbol from U4 XC7A35TFTG256 in C:\Users\santi\OneDrive\Documentos\PCB_Design\Proyecto0\Proyecto0\FPGA_Power&Ports.SchDoc with XC7A35TFTG256 from Integrated_Circuits.IntLib
Replace Symbol from U4 XC7A35TFTG256 in C:\Users\santi\OneDrive\Documentos\PCB_Design\Proyecto0\Proyecto0\FPGA_Power&Ports.SchDoc with XC7A35TFTG256 from Integrated_Circuits.IntLib
Replace Symbol from U4 XC7A35TFTG256 in C:\Users\santi\OneDrive\Documentos\PCB_Design\Proyecto0\Proyecto0\FPGA_Power&Ports.SchDoc with XC7A35TFTG256 from Integrated_Circuits.IntLib
Replace Symbol from U5 REF3012 in C:\Users\santi\OneDrive\Documentos\PCB_Design\Proyecto0\Proyecto0\FPGA_Power&Ports.SchDoc with REF3012 from Integrated_Circuits.IntLib
