Replace Part C? C0805C474K4RACTU in C:\Users\santi\OneDrive\Documentos\PCB_Design\Proyecto0\Proyecto0\FPGA_Power&Ports.SchDoc with C0805C474K4RACTU from Pasivos.IntLib
Replace Part C? C0805C474K4RACTU in C:\Users\santi\OneDrive\Documentos\PCB_Design\Proyecto0\Proyecto0\FPGA_Power&Ports.SchDoc with C0805C474K4RACTU from Pasivos.IntLib
Replace Part C? C0805C474K4RACTU in C:\Users\santi\OneDrive\Documentos\PCB_Design\Proyecto0\Proyecto0\FPGA_Power&Ports.SchDoc with C0805C474K4RACTU from Pasivos.IntLib
Replace Part C? C0805C474K4RACTU in C:\Users\santi\OneDrive\Documentos\PCB_Design\Proyecto0\Proyecto0\FPGA_Power&Ports.SchDoc with C0805C474K4RACTU from Pasivos.IntLib
Replace Part C? C0805C475K4RACTU in C:\Users\santi\OneDrive\Documentos\PCB_Design\Proyecto0\Proyecto0\FPGA_Power&Ports.SchDoc with C0805C475K4RACTU from Pasivos.IntLib
Replace Part C? C0805C475K4RACTU in C:\Users\santi\OneDrive\Documentos\PCB_Design\Proyecto0\Proyecto0\FPGA_Power&Ports.SchDoc with C0805C475K4RACTU from Pasivos.IntLib
Replace Part C? CL21A476MQYNNNE in C:\Users\santi\OneDrive\Documentos\PCB_Design\Proyecto0\Proyecto0\FPGA_Power&Ports.SchDoc with CL21A476MQYNNNE from Pasivos.IntLib
Replace Part C? C0805C474K4RACTU in C:\Users\santi\OneDrive\Documentos\PCB_Design\Proyecto0\Proyecto0\FPGA_Power&Ports.SchDoc with C0805C474K4RACTU from Pasivos.IntLib
Replace Part C? C0805C474K4RACTU in C:\Users\santi\OneDrive\Documentos\PCB_Design\Proyecto0\Proyecto0\FPGA_Power&Ports.SchDoc with C0805C474K4RACTU from Pasivos.IntLib
Replace Part C? C0805C474K4RACTU in C:\Users\santi\OneDrive\Documentos\PCB_Design\Proyecto0\Proyecto0\FPGA_Power&Ports.SchDoc with C0805C474K4RACTU from Pasivos.IntLib
Replace Part C? C0805C475K4RACTU in C:\Users\santi\OneDrive\Documentos\PCB_Design\Proyecto0\Proyecto0\FPGA_Power&Ports.SchDoc with C0805C475K4RACTU from Pasivos.IntLib
Replace Part C? C0805C475K4RACTU in C:\Users\santi\OneDrive\Documentos\PCB_Design\Proyecto0\Proyecto0\FPGA_Power&Ports.SchDoc with C0805C475K4RACTU from Pasivos.IntLib
Replace Part C? C0805C474K4RACTU in C:\Users\santi\OneDrive\Documentos\PCB_Design\Proyecto0\Proyecto0\FPGA_Power&Ports.SchDoc with C0805C474K4RACTU from Pasivos.IntLib
Replace Part C? C0805C474K4RACTU in C:\Users\santi\OneDrive\Documentos\PCB_Design\Proyecto0\Proyecto0\FPGA_Power&Ports.SchDoc with C0805C474K4RACTU from Pasivos.IntLib
Replace Part C? C0805C474K4RACTU in C:\Users\santi\OneDrive\Documentos\PCB_Design\Proyecto0\Proyecto0\FPGA_Power&Ports.SchDoc with C0805C474K4RACTU from Pasivos.IntLib
Replace Part C? C0805C474K4RACTU in C:\Users\santi\OneDrive\Documentos\PCB_Design\Proyecto0\Proyecto0\FPGA_Power&Ports.SchDoc with C0805C474K4RACTU from Pasivos.IntLib
Replace Part C? C0805C475K4RACTU in C:\Users\santi\OneDrive\Documentos\PCB_Design\Proyecto0\Proyecto0\FPGA_Power&Ports.SchDoc with C0805C475K4RACTU from Pasivos.IntLib
Replace Part C? C0805C475K4RACTU in C:\Users\santi\OneDrive\Documentos\PCB_Design\Proyecto0\Proyecto0\FPGA_Power&Ports.SchDoc with C0805C475K4RACTU from Pasivos.IntLib
Replace Part C? CL21A476MQYNNNE in C:\Users\santi\OneDrive\Documentos\PCB_Design\Proyecto0\Proyecto0\FPGA_Power&Ports.SchDoc with CL21A476MQYNNNE from Pasivos.IntLib
Replace Part C? C0805C474K4RACTU in C:\Users\santi\OneDrive\Documentos\PCB_Design\Proyecto0\Proyecto0\FPGA_Power&Ports.SchDoc with C0805C474K4RACTU from Pasivos.IntLib
Replace Part C? C0805C474K4RACTU in C:\Users\santi\OneDrive\Documentos\PCB_Design\Proyecto0\Proyecto0\FPGA_Power&Ports.SchDoc with C0805C474K4RACTU from Pasivos.IntLib
Replace Part C? C0805C474K4RACTU in C:\Users\santi\OneDrive\Documentos\PCB_Design\Proyecto0\Proyecto0\FPGA_Power&Ports.SchDoc with C0805C474K4RACTU from Pasivos.IntLib
Replace Part C? C0805C474K4RACTU in C:\Users\santi\OneDrive\Documentos\PCB_Design\Proyecto0\Proyecto0\FPGA_Power&Ports.SchDoc with C0805C474K4RACTU from Pasivos.IntLib
Replace Part C? C0805C475K4RACTU in C:\Users\santi\OneDrive\Documentos\PCB_Design\Proyecto0\Proyecto0\FPGA_Power&Ports.SchDoc with C0805C475K4RACTU from Pasivos.IntLib
Replace Part C? C0805C475K4RACTU in C:\Users\santi\OneDrive\Documentos\PCB_Design\Proyecto0\Proyecto0\FPGA_Power&Ports.SchDoc with C0805C475K4RACTU from Pasivos.IntLib
Replace Part C? CL21A476MQYNNNE in C:\Users\santi\OneDrive\Documentos\PCB_Design\Proyecto0\Proyecto0\FPGA_Power&Ports.SchDoc with CL21A476MQYNNNE from Pasivos.IntLib
Replace Part C? C1206C107M9PAC in C:\Users\santi\OneDrive\Documentos\PCB_Design\Proyecto0\Proyecto0\FPGA_Power&Ports.SchDoc with C1206C107M9PAC from Pasivos.IntLib
Replace Part C? C0805C474K4RACTU in C:\Users\santi\OneDrive\Documentos\PCB_Design\Proyecto0\Proyecto0\FPGA_Power&Ports.SchDoc with C0805C474K4RACTU from Pasivos.IntLib
Replace Part C? CL21A476MQYNNNE in C:\Users\santi\OneDrive\Documentos\PCB_Design\Proyecto0\Proyecto0\FPGA_Power&Ports.SchDoc with CL21A476MQYNNNE from Pasivos.IntLib
Replace Part C? C0805C474K4RACTU in C:\Users\santi\OneDrive\Documentos\PCB_Design\Proyecto0\Proyecto0\FPGA_Power&Ports.SchDoc with C0805C474K4RACTU from Pasivos.IntLib
Replace Part C? C0805C474K4RACTU in C:\Users\santi\OneDrive\Documentos\PCB_Design\Proyecto0\Proyecto0\FPGA_Power&Ports.SchDoc with C0805C474K4RACTU from Pasivos.IntLib
Replace Part C? C0805C474K4RACTU in C:\Users\santi\OneDrive\Documentos\PCB_Design\Proyecto0\Proyecto0\FPGA_Power&Ports.SchDoc with C0805C474K4RACTU from Pasivos.IntLib
Replace Part C? C0805C475K4RACTU in C:\Users\santi\OneDrive\Documentos\PCB_Design\Proyecto0\Proyecto0\FPGA_Power&Ports.SchDoc with C0805C475K4RACTU from Pasivos.IntLib
Replace Part C? C0805C475K4RACTU in C:\Users\santi\OneDrive\Documentos\PCB_Design\Proyecto0\Proyecto0\FPGA_Power&Ports.SchDoc with C0805C475K4RACTU from Pasivos.IntLib
Replace Part C? CL21A476MQYNNNE in C:\Users\santi\OneDrive\Documentos\PCB_Design\Proyecto0\Proyecto0\FPGA_Power&Ports.SchDoc with CL21A476MQYNNNE from Pasivos.IntLib
Replace Part C? C0805C474K4RACTU in C:\Users\santi\OneDrive\Documentos\PCB_Design\Proyecto0\Proyecto0\FPGA_Power&Ports.SchDoc with C0805C474K4RACTU from Pasivos.IntLib
Replace Part C? C0805C474K4RACTU in C:\Users\santi\OneDrive\Documentos\PCB_Design\Proyecto0\Proyecto0\FPGA_Power&Ports.SchDoc with C0805C474K4RACTU from Pasivos.IntLib
Replace Part C? C0805C474K4RACTU in C:\Users\santi\OneDrive\Documentos\PCB_Design\Proyecto0\Proyecto0\FPGA_Power&Ports.SchDoc with C0805C474K4RACTU from Pasivos.IntLib
Replace Part C? C0805C474K4RACTU in C:\Users\santi\OneDrive\Documentos\PCB_Design\Proyecto0\Proyecto0\FPGA_Power&Ports.SchDoc with C0805C474K4RACTU from Pasivos.IntLib
Replace Part C? C0805C475K4RACTU in C:\Users\santi\OneDrive\Documentos\PCB_Design\Proyecto0\Proyecto0\FPGA_Power&Ports.SchDoc with C0805C475K4RACTU from Pasivos.IntLib
Replace Part C? C0805C475K4RACTU in C:\Users\santi\OneDrive\Documentos\PCB_Design\Proyecto0\Proyecto0\FPGA_Power&Ports.SchDoc with C0805C475K4RACTU from Pasivos.IntLib
Replace Part C? CL21A476MQYNNNE in C:\Users\santi\OneDrive\Documentos\PCB_Design\Proyecto0\Proyecto0\FPGA_Power&Ports.SchDoc with CL21A476MQYNNNE from Pasivos.IntLib
Replace Part C? C0603C104K4RAC7867 in C:\Users\santi\OneDrive\Documentos\PCB_Design\Proyecto0\Proyecto0\FPGA_Power&Ports.SchDoc with C0603C104K4RAC7867 from Pasivos.IntLib
Replace Part C? C0805C474K4RACTU in C:\Users\santi\OneDrive\Documentos\PCB_Design\Proyecto0\Proyecto0\FPGA_Power&Ports.SchDoc with C0805C474K4RACTU from Pasivos.IntLib
Replace Part C? C0603C106M9PAC7867 in C:\Users\santi\OneDrive\Documentos\PCB_Design\Proyecto0\Proyecto0\FPGA_Power&Ports.SchDoc with C0603C106M9PAC7867 from Pasivos.IntLib
Replace Part C? C0805C475K4RACTU in C:\Users\santi\OneDrive\Documentos\PCB_Design\Proyecto0\Proyecto0\FPGA_Power&Ports.SchDoc with C0805C475K4RACTU from Pasivos.IntLib
Replace Part C? C0603C104K4RAC7867 in C:\Users\santi\OneDrive\Documentos\PCB_Design\Proyecto0\Proyecto0\FPGA_Power&Ports.SchDoc with C0603C104K4RAC7867 from Pasivos.IntLib
Replace Part C? C0603C104K4RAC7867 in C:\Users\santi\OneDrive\Documentos\PCB_Design\Proyecto0\Proyecto0\FPGA_Power&Ports.SchDoc with C0603C104K4RAC7867 from Pasivos.IntLib
Replace Part C? C0603C102K4RAC in C:\Users\santi\OneDrive\Documentos\PCB_Design\Proyecto0\Proyecto0\FPGA_Power&Ports.SchDoc with C0603C102K4RAC from Pasivos.IntLib
Replace Part C? CL21A476MQYNNNE in C:\Users\santi\OneDrive\Documentos\PCB_Design\Proyecto0\Proyecto0\FPGA_Power&Ports.SchDoc with CL21A476MQYNNNE from Pasivos.IntLib
Replace Part D? LED_BLUE_0603 in C:\Users\santi\OneDrive\Documentos\PCB_Design\Proyecto0\Proyecto0\FPGA_Power&Ports.SchDoc with LED_BLUE_0603 from Integrated_Circuits.IntLib
Replace Part L? HZ0603C651R-10 in C:\Users\santi\OneDrive\Documentos\PCB_Design\Proyecto0\Proyecto0\FPGA_Power&Ports.SchDoc with HZ0603C651R-10 from Pasivos.IntLib
Replace Part L? HZ0603C651R-10 in C:\Users\santi\OneDrive\Documentos\PCB_Design\Proyecto0\Proyecto0\FPGA_Power&Ports.SchDoc with HZ0603C651R-10 from Pasivos.IntLib
Replace Part R? EXB-38V101JV in C:\Users\santi\OneDrive\Documentos\PCB_Design\Proyecto0\Proyecto0\FPGA_Power&Ports.SchDoc with EXB-38V101JV from Pasivos.IntLib
Replace Part R? CRCW060378R7FKEA in C:\Users\santi\OneDrive\Documentos\PCB_Design\Proyecto0\Proyecto0\FPGA_Power&Ports.SchDoc with CRCW060378R7FKEA from Pasivos.IntLib
Replace Part R? CRCW060378R7FKEA in C:\Users\santi\OneDrive\Documentos\PCB_Design\Proyecto0\Proyecto0\FPGA_Power&Ports.SchDoc with CRCW060378R7FKEA from Pasivos.IntLib
Replace Part R? CRCW06034K70FKEA in C:\Users\santi\OneDrive\Documentos\PCB_Design\Proyecto0\Proyecto0\FPGA_Power&Ports.SchDoc with CRCW06034K70FKEA from Pasivos.IntLib
Replace Part R? CRCW06034K70FKEA in C:\Users\santi\OneDrive\Documentos\PCB_Design\Proyecto0\Proyecto0\FPGA_Power&Ports.SchDoc with CRCW06034K70FKEA from Pasivos.IntLib
Replace Part R? CRCW0603200RFKEA in C:\Users\santi\OneDrive\Documentos\PCB_Design\Proyecto0\Proyecto0\FPGA_Power&Ports.SchDoc with CRCW0603200RFKEA from Pasivos.IntLib
Replace Part R? CRCW0603165RFKEA in C:\Users\santi\OneDrive\Documentos\PCB_Design\Proyecto0\Proyecto0\FPGA_Power&Ports.SchDoc with CRCW0603165RFKEA from Pasivos.IntLib
Replace Part R? EXB-38V101JV in C:\Users\santi\OneDrive\Documentos\PCB_Design\Proyecto0\Proyecto0\FPGA_Power&Ports.SchDoc with EXB-38V101JV from Pasivos.IntLib
Replace Part U? REF3012 in C:\Users\santi\OneDrive\Documentos\PCB_Design\Proyecto0\Proyecto0\FPGA_Power&Ports.SchDoc with REF3012 from Integrated_Circuits.IntLib
Replace Part U? XC7A35TFTG256 in C:\Users\santi\OneDrive\Documentos\PCB_Design\Proyecto0\Proyecto0\FPGA_Power&Ports.SchDoc with XC7A35TFTG256 from Integrated_Circuits.IntLib
Replace Part U? XC7A35TFTG256 in C:\Users\santi\OneDrive\Documentos\PCB_Design\Proyecto0\Proyecto0\FPGA_Power&Ports.SchDoc with XC7A35TFTG256 from Integrated_Circuits.IntLib
Replace Part U? XC7A35TFTG256 in C:\Users\santi\OneDrive\Documentos\PCB_Design\Proyecto0\Proyecto0\FPGA_Power&Ports.SchDoc with XC7A35TFTG256 from Integrated_Circuits.IntLib
Replace Part U? XC7A35TFTG256 in C:\Users\santi\OneDrive\Documentos\PCB_Design\Proyecto0\Proyecto0\FPGA_Power&Ports.SchDoc with XC7A35TFTG256 from Integrated_Circuits.IntLib
Replace Part U? XC7A35TFTG256 in C:\Users\santi\OneDrive\Documentos\PCB_Design\Proyecto0\Proyecto0\FPGA_Power&Ports.SchDoc with XC7A35TFTG256 from Integrated_Circuits.IntLib
Replace Part U? XC7A35TFTG256 in C:\Users\santi\OneDrive\Documentos\PCB_Design\Proyecto0\Proyecto0\FPGA_Power&Ports.SchDoc with XC7A35TFTG256 from Integrated_Circuits.IntLib
Replace Part U? XC7A35TFTG256 in C:\Users\santi\OneDrive\Documentos\PCB_Design\Proyecto0\Proyecto0\FPGA_Power&Ports.SchDoc with XC7A35TFTG256 from Integrated_Circuits.IntLib
Replace Part U? XC7A35TFTG256 in C:\Users\santi\OneDrive\Documentos\PCB_Design\Proyecto0\Proyecto0\FPGA_Power&Ports.SchDoc with XC7A35TFTG256 from Integrated_Circuits.IntLib
Replace Part U? XC7A35TFTG256 in C:\Users\santi\OneDrive\Documentos\PCB_Design\Proyecto0\Proyecto0\FPGA_Power&Ports.SchDoc with XC7A35TFTG256 from Integrated_Circuits.IntLib
