Replace Part C20 C0805C474K4RACTU in C:\Users\santi\OneDrive\Documentos\PCB_Design\Proyecto0\Proyecto0\FPGA_Power&Ports.SchDoc with C0805C474K4RACTU from Pasivos.IntLib
Replace Part C21 C0805C474K4RACTU in C:\Users\santi\OneDrive\Documentos\PCB_Design\Proyecto0\Proyecto0\FPGA_Power&Ports.SchDoc with C0805C474K4RACTU from Pasivos.IntLib
Replace Part C22 C0805C474K4RACTU in C:\Users\santi\OneDrive\Documentos\PCB_Design\Proyecto0\Proyecto0\FPGA_Power&Ports.SchDoc with C0805C474K4RACTU from Pasivos.IntLib
Replace Part C23 C0805C474K4RACTU in C:\Users\santi\OneDrive\Documentos\PCB_Design\Proyecto0\Proyecto0\FPGA_Power&Ports.SchDoc with C0805C474K4RACTU from Pasivos.IntLib
Replace Part C24 C0805C475K4RACTU in C:\Users\santi\OneDrive\Documentos\PCB_Design\Proyecto0\Proyecto0\FPGA_Power&Ports.SchDoc with C0805C475K4RACTU from Pasivos.IntLib
Replace Part C25 C0805C475K4RACTU in C:\Users\santi\OneDrive\Documentos\PCB_Design\Proyecto0\Proyecto0\FPGA_Power&Ports.SchDoc with C0805C475K4RACTU from Pasivos.IntLib
Replace Part C26 CL21A476MQYNNNE in C:\Users\santi\OneDrive\Documentos\PCB_Design\Proyecto0\Proyecto0\FPGA_Power&Ports.SchDoc with CL21A476MQYNNNE from Pasivos.IntLib
Replace Part C27 C0805C474K4RACTU in C:\Users\santi\OneDrive\Documentos\PCB_Design\Proyecto0\Proyecto0\FPGA_Power&Ports.SchDoc with C0805C474K4RACTU from Pasivos.IntLib
Replace Part C28 C0805C474K4RACTU in C:\Users\santi\OneDrive\Documentos\PCB_Design\Proyecto0\Proyecto0\FPGA_Power&Ports.SchDoc with C0805C474K4RACTU from Pasivos.IntLib
Replace Part C29 C0805C474K4RACTU in C:\Users\santi\OneDrive\Documentos\PCB_Design\Proyecto0\Proyecto0\FPGA_Power&Ports.SchDoc with C0805C474K4RACTU from Pasivos.IntLib
Replace Part C30 C0805C474K4RACTU in C:\Users\santi\OneDrive\Documentos\PCB_Design\Proyecto0\Proyecto0\FPGA_Power&Ports.SchDoc with C0805C474K4RACTU from Pasivos.IntLib
Replace Part C31 C0805C475K4RACTU in C:\Users\santi\OneDrive\Documentos\PCB_Design\Proyecto0\Proyecto0\FPGA_Power&Ports.SchDoc with C0805C475K4RACTU from Pasivos.IntLib
Replace Part C32 C0805C475K4RACTU in C:\Users\santi\OneDrive\Documentos\PCB_Design\Proyecto0\Proyecto0\FPGA_Power&Ports.SchDoc with C0805C475K4RACTU from Pasivos.IntLib
Replace Part C33 CL21A476MQYNNNE in C:\Users\santi\OneDrive\Documentos\PCB_Design\Proyecto0\Proyecto0\FPGA_Power&Ports.SchDoc with CL21A476MQYNNNE from Pasivos.IntLib
Replace Part C34 CL21A476MQYNNNE in C:\Users\santi\OneDrive\Documentos\PCB_Design\Proyecto0\Proyecto0\FPGA_Power&Ports.SchDoc with CL21A476MQYNNNE from Pasivos.IntLib
Replace Part C35 C0805C475K4RACTU in C:\Users\santi\OneDrive\Documentos\PCB_Design\Proyecto0\Proyecto0\FPGA_Power&Ports.SchDoc with C0805C475K4RACTU from Pasivos.IntLib
Replace Part C36 C0805C474K4RACTU in C:\Users\santi\OneDrive\Documentos\PCB_Design\Proyecto0\Proyecto0\FPGA_Power&Ports.SchDoc with C0805C474K4RACTU from Pasivos.IntLib
Replace Part C37 C0603C104K4RAC7867 in C:\Users\santi\OneDrive\Documentos\PCB_Design\Proyecto0\Proyecto0\FPGA_Power&Ports.SchDoc with C0603C104K4RAC7867 from Pasivos.IntLib
Replace Part C38 C0805C474K4RACTU in C:\Users\santi\OneDrive\Documentos\PCB_Design\Proyecto0\Proyecto0\FPGA_Power&Ports.SchDoc with C0805C474K4RACTU from Pasivos.IntLib
Replace Part C39 C0805C474K4RACTU in C:\Users\santi\OneDrive\Documentos\PCB_Design\Proyecto0\Proyecto0\FPGA_Power&Ports.SchDoc with C0805C474K4RACTU from Pasivos.IntLib
Replace Part C40 C0805C474K4RACTU in C:\Users\santi\OneDrive\Documentos\PCB_Design\Proyecto0\Proyecto0\FPGA_Power&Ports.SchDoc with C0805C474K4RACTU from Pasivos.IntLib
Replace Part C41 C0805C474K4RACTU in C:\Users\santi\OneDrive\Documentos\PCB_Design\Proyecto0\Proyecto0\FPGA_Power&Ports.SchDoc with C0805C474K4RACTU from Pasivos.IntLib
Replace Part C42 C0805C475K4RACTU in C:\Users\santi\OneDrive\Documentos\PCB_Design\Proyecto0\Proyecto0\FPGA_Power&Ports.SchDoc with C0805C475K4RACTU from Pasivos.IntLib
Replace Part C43 C0805C475K4RACTU in C:\Users\santi\OneDrive\Documentos\PCB_Design\Proyecto0\Proyecto0\FPGA_Power&Ports.SchDoc with C0805C475K4RACTU from Pasivos.IntLib
Replace Part C44 CL21A476MQYNNNE in C:\Users\santi\OneDrive\Documentos\PCB_Design\Proyecto0\Proyecto0\FPGA_Power&Ports.SchDoc with CL21A476MQYNNNE from Pasivos.IntLib
Replace Part C45 C0805C474K4RACTU in C:\Users\santi\OneDrive\Documentos\PCB_Design\Proyecto0\Proyecto0\FPGA_Power&Ports.SchDoc with C0805C474K4RACTU from Pasivos.IntLib
Replace Part C46 C0805C474K4RACTU in C:\Users\santi\OneDrive\Documentos\PCB_Design\Proyecto0\Proyecto0\FPGA_Power&Ports.SchDoc with C0805C474K4RACTU from Pasivos.IntLib
Replace Part C47 C0805C474K4RACTU in C:\Users\santi\OneDrive\Documentos\PCB_Design\Proyecto0\Proyecto0\FPGA_Power&Ports.SchDoc with C0805C474K4RACTU from Pasivos.IntLib
Replace Part C48 C0805C474K4RACTU in C:\Users\santi\OneDrive\Documentos\PCB_Design\Proyecto0\Proyecto0\FPGA_Power&Ports.SchDoc with C0805C474K4RACTU from Pasivos.IntLib
Replace Part C49 C0805C475K4RACTU in C:\Users\santi\OneDrive\Documentos\PCB_Design\Proyecto0\Proyecto0\FPGA_Power&Ports.SchDoc with C0805C475K4RACTU from Pasivos.IntLib
Replace Part C50 C0805C475K4RACTU in C:\Users\santi\OneDrive\Documentos\PCB_Design\Proyecto0\Proyecto0\FPGA_Power&Ports.SchDoc with C0805C475K4RACTU from Pasivos.IntLib
Replace Part C51 CL21A476MQYNNNE in C:\Users\santi\OneDrive\Documentos\PCB_Design\Proyecto0\Proyecto0\FPGA_Power&Ports.SchDoc with CL21A476MQYNNNE from Pasivos.IntLib
Replace Part C52 C0603C104K4RAC7867 in C:\Users\santi\OneDrive\Documentos\PCB_Design\Proyecto0\Proyecto0\FPGA_Power&Ports.SchDoc with C0603C104K4RAC7867 from Pasivos.IntLib
Replace Part C53 C0603C106M9PAC7867 in C:\Users\santi\OneDrive\Documentos\PCB_Design\Proyecto0\Proyecto0\FPGA_Power&Ports.SchDoc with C0603C106M9PAC7867 from Pasivos.IntLib
Replace Part C54 C0603C104K4RAC7867 in C:\Users\santi\OneDrive\Documentos\PCB_Design\Proyecto0\Proyecto0\FPGA_Power&Ports.SchDoc with C0603C104K4RAC7867 from Pasivos.IntLib
Replace Part C55 C0603C102K4RAC in C:\Users\santi\OneDrive\Documentos\PCB_Design\Proyecto0\Proyecto0\FPGA_Power&Ports.SchDoc with C0603C102K4RAC from Pasivos.IntLib
Replace Part C56 C0805C474K4RACTU in C:\Users\santi\OneDrive\Documentos\PCB_Design\Proyecto0\Proyecto0\FPGA_Power&Ports.SchDoc with C0805C474K4RACTU from Pasivos.IntLib
Replace Part C57 C0805C474K4RACTU in C:\Users\santi\OneDrive\Documentos\PCB_Design\Proyecto0\Proyecto0\FPGA_Power&Ports.SchDoc with C0805C474K4RACTU from Pasivos.IntLib
Replace Part C58 C0805C474K4RACTU in C:\Users\santi\OneDrive\Documentos\PCB_Design\Proyecto0\Proyecto0\FPGA_Power&Ports.SchDoc with C0805C474K4RACTU from Pasivos.IntLib
Replace Part C59 C0805C475K4RACTU in C:\Users\santi\OneDrive\Documentos\PCB_Design\Proyecto0\Proyecto0\FPGA_Power&Ports.SchDoc with C0805C475K4RACTU from Pasivos.IntLib
Replace Part C60 C0805C475K4RACTU in C:\Users\santi\OneDrive\Documentos\PCB_Design\Proyecto0\Proyecto0\FPGA_Power&Ports.SchDoc with C0805C475K4RACTU from Pasivos.IntLib
Replace Part C61 C1206C107M9PAC in C:\Users\santi\OneDrive\Documentos\PCB_Design\Proyecto0\Proyecto0\FPGA_Power&Ports.SchDoc with C1206C107M9PAC from Pasivos.IntLib
Replace Part C62 C0805C474K4RACTU in C:\Users\santi\OneDrive\Documentos\PCB_Design\Proyecto0\Proyecto0\FPGA_Power&Ports.SchDoc with C0805C474K4RACTU from Pasivos.IntLib
Replace Part C63 CL21A476MQYNNNE in C:\Users\santi\OneDrive\Documentos\PCB_Design\Proyecto0\Proyecto0\FPGA_Power&Ports.SchDoc with CL21A476MQYNNNE from Pasivos.IntLib
Replace Part C64 C0805C474K4RACTU in C:\Users\santi\OneDrive\Documentos\PCB_Design\Proyecto0\Proyecto0\FPGA_Power&Ports.SchDoc with C0805C474K4RACTU from Pasivos.IntLib
Replace Part C65 C0805C474K4RACTU in C:\Users\santi\OneDrive\Documentos\PCB_Design\Proyecto0\Proyecto0\FPGA_Power&Ports.SchDoc with C0805C474K4RACTU from Pasivos.IntLib
Replace Part C66 C0805C474K4RACTU in C:\Users\santi\OneDrive\Documentos\PCB_Design\Proyecto0\Proyecto0\FPGA_Power&Ports.SchDoc with C0805C474K4RACTU from Pasivos.IntLib
Replace Part C67 C0805C475K4RACTU in C:\Users\santi\OneDrive\Documentos\PCB_Design\Proyecto0\Proyecto0\FPGA_Power&Ports.SchDoc with C0805C475K4RACTU from Pasivos.IntLib
Replace Part C68 C0805C475K4RACTU in C:\Users\santi\OneDrive\Documentos\PCB_Design\Proyecto0\Proyecto0\FPGA_Power&Ports.SchDoc with C0805C475K4RACTU from Pasivos.IntLib
Replace Part C69 CL21A476MQYNNNE in C:\Users\santi\OneDrive\Documentos\PCB_Design\Proyecto0\Proyecto0\FPGA_Power&Ports.SchDoc with CL21A476MQYNNNE from Pasivos.IntLib
Replace Part D3 LED_BLUE_0603 in C:\Users\santi\OneDrive\Documentos\PCB_Design\Proyecto0\Proyecto0\FPGA_Power&Ports.SchDoc with LED_BLUE_0603 from Integrated_Circuits.IntLib
Replace Part L3 HZ0603C651R-10 in C:\Users\santi\OneDrive\Documentos\PCB_Design\Proyecto0\Proyecto0\FPGA_Power&Ports.SchDoc with HZ0603C651R-10 from Pasivos.IntLib
Replace Part L4 HZ0603C651R-10 in C:\Users\santi\OneDrive\Documentos\PCB_Design\Proyecto0\Proyecto0\FPGA_Power&Ports.SchDoc with HZ0603C651R-10 from Pasivos.IntLib
Replace Part R14 CRCW0603200RFKEA in C:\Users\santi\OneDrive\Documentos\PCB_Design\Proyecto0\Proyecto0\FPGA_Power&Ports.SchDoc with CRCW0603200RFKEA from Pasivos.IntLib
Replace Part R15 CRCW0603165RFKEA in C:\Users\santi\OneDrive\Documentos\PCB_Design\Proyecto0\Proyecto0\FPGA_Power&Ports.SchDoc with CRCW0603165RFKEA from Pasivos.IntLib
Replace Part R16 EXB-38V101JV in C:\Users\santi\OneDrive\Documentos\PCB_Design\Proyecto0\Proyecto0\FPGA_Power&Ports.SchDoc with EXB-38V101JV from Pasivos.IntLib
Replace Part R17 CRCW06034K70FKEA in C:\Users\santi\OneDrive\Documentos\PCB_Design\Proyecto0\Proyecto0\FPGA_Power&Ports.SchDoc with CRCW06034K70FKEA from Pasivos.IntLib
Replace Part R18 CRCW06034K70FKEA in C:\Users\santi\OneDrive\Documentos\PCB_Design\Proyecto0\Proyecto0\FPGA_Power&Ports.SchDoc with CRCW06034K70FKEA from Pasivos.IntLib
Replace Part R19 EXB-38V101JV in C:\Users\santi\OneDrive\Documentos\PCB_Design\Proyecto0\Proyecto0\FPGA_Power&Ports.SchDoc with EXB-38V101JV from Pasivos.IntLib
Replace Part R20 CRCW060378R7FKEA in C:\Users\santi\OneDrive\Documentos\PCB_Design\Proyecto0\Proyecto0\FPGA_Power&Ports.SchDoc with CRCW060378R7FKEA from Pasivos.IntLib
Replace Part R21 CRCW060378R7FKEA in C:\Users\santi\OneDrive\Documentos\PCB_Design\Proyecto0\Proyecto0\FPGA_Power&Ports.SchDoc with CRCW060378R7FKEA from Pasivos.IntLib
Replace Part U4 XC7A35TFTG256 in C:\Users\santi\OneDrive\Documentos\PCB_Design\Proyecto0\Proyecto0\FPGA_Power&Ports.SchDoc with XC7A35TFTG256 from Integrated_Circuits.IntLib
Replace Part U4 XC7A35TFTG256 in C:\Users\santi\OneDrive\Documentos\PCB_Design\Proyecto0\Proyecto0\FPGA_Power&Ports.SchDoc with XC7A35TFTG256 from Integrated_Circuits.IntLib
Replace Part U4 XC7A35TFTG256 in C:\Users\santi\OneDrive\Documentos\PCB_Design\Proyecto0\Proyecto0\FPGA_Power&Ports.SchDoc with XC7A35TFTG256 from Integrated_Circuits.IntLib
Replace Part U4 XC7A35TFTG256 in C:\Users\santi\OneDrive\Documentos\PCB_Design\Proyecto0\Proyecto0\FPGA_Power&Ports.SchDoc with XC7A35TFTG256 from Integrated_Circuits.IntLib
Replace Part U4 XC7A35TFTG256 in C:\Users\santi\OneDrive\Documentos\PCB_Design\Proyecto0\Proyecto0\FPGA_Power&Ports.SchDoc with XC7A35TFTG256 from Integrated_Circuits.IntLib
Replace Part U4 XC7A35TFTG256 in C:\Users\santi\OneDrive\Documentos\PCB_Design\Proyecto0\Proyecto0\FPGA_Power&Ports.SchDoc with XC7A35TFTG256 from Integrated_Circuits.IntLib
Replace Part U4 XC7A35TFTG256 in C:\Users\santi\OneDrive\Documentos\PCB_Design\Proyecto0\Proyecto0\FPGA_Power&Ports.SchDoc with XC7A35TFTG256 from Integrated_Circuits.IntLib
Replace Part U4 XC7A35TFTG256 in C:\Users\santi\OneDrive\Documentos\PCB_Design\Proyecto0\Proyecto0\FPGA_Power&Ports.SchDoc with XC7A35TFTG256 from Integrated_Circuits.IntLib
Replace Part U4 XC7A35TFTG256 in C:\Users\santi\OneDrive\Documentos\PCB_Design\Proyecto0\Proyecto0\FPGA_Power&Ports.SchDoc with XC7A35TFTG256 from Integrated_Circuits.IntLib
Replace Part U5 REF3012 in C:\Users\santi\OneDrive\Documentos\PCB_Design\Proyecto0\Proyecto0\FPGA_Power&Ports.SchDoc with REF3012 from Integrated_Circuits.IntLib
