Added Component: Designator=C20(CAP0805)
Add component (AddParameter): Name = "ComponentLink1Description"; Value = "DataSheet"; VariantName = "[No Variations]"
Add component (AddParameter): Name = "ComponentLink1URL"; Value = "https://content.kemet.com/datasheets/KEM_C1002_X7R_SMD.pdf"; VariantName = "[No Variations]"
Add component (AddParameter): Name = "ComponentLink2Description"; Value = "DigiKey"; VariantName = "[No Variations]"
Add component (AddParameter): Name = "ComponentLink2URL"; Value = "https://www.digikey.com/es/products/detail/kemet/C0805C474K4RAC7800/2212885?s=N4IgTCBcDaIMIAYAcCCscAsB2DBpDASgIJwAqAqiALoC%2BQA"; VariantName = "[No Variations]"
Add component (AddParameter): Name = "ComponentLink3Description"; Value = "ProductPage"; VariantName = "[No Variations]"
Add component (AddParameter): Name = "ComponentLink3URL"; Value = "https://www.kemet.com/en/us/product/C0805C474K4RACTU.html"; VariantName = "[No Variations]"
Add component (AddParameter): Name = "PartNumber"; Value = "C0805C474K4RACTU"; VariantName = "[No Variations]"
Add component (AddParameter): Name = "Size"; Value = "0805"; VariantName = "[No Variations]"
Add component (AddParameter): Name = "Voltage"; Value = "16 V"; VariantName = "[No Variations]"
Added Component: Designator=C21(CAP0805)
Add component (AddParameter): Name = "ComponentLink1Description"; Value = "DataSheet"; VariantName = "[No Variations]"
Add component (AddParameter): Name = "ComponentLink1URL"; Value = "https://content.kemet.com/datasheets/KEM_C1002_X7R_SMD.pdf"; VariantName = "[No Variations]"
Add component (AddParameter): Name = "ComponentLink2Description"; Value = "DigiKey"; VariantName = "[No Variations]"
Add component (AddParameter): Name = "ComponentLink2URL"; Value = "https://www.digikey.com/es/products/detail/kemet/C0805C474K4RAC7800/2212885?s=N4IgTCBcDaIMIAYAcCCscAsB2DBpDASgIJwAqAqiALoC%2BQA"; VariantName = "[No Variations]"
Add component (AddParameter): Name = "ComponentLink3Description"; Value = "ProductPage"; VariantName = "[No Variations]"
Add component (AddParameter): Name = "ComponentLink3URL"; Value = "https://www.kemet.com/en/us/product/C0805C474K4RACTU.html"; VariantName = "[No Variations]"
Add component (AddParameter): Name = "PartNumber"; Value = "C0805C474K4RACTU"; VariantName = "[No Variations]"
Add component (AddParameter): Name = "Size"; Value = "0805"; VariantName = "[No Variations]"
Add component (AddParameter): Name = "Voltage"; Value = "16 V"; VariantName = "[No Variations]"
Added Component: Designator=C22(CAP0805)
Add component (AddParameter): Name = "ComponentLink1Description"; Value = "DataSheet"; VariantName = "[No Variations]"
Add component (AddParameter): Name = "ComponentLink1URL"; Value = "https://content.kemet.com/datasheets/KEM_C1002_X7R_SMD.pdf"; VariantName = "[No Variations]"
Add component (AddParameter): Name = "ComponentLink2Description"; Value = "DigiKey"; VariantName = "[No Variations]"
Add component (AddParameter): Name = "ComponentLink2URL"; Value = "https://www.digikey.com/es/products/detail/kemet/C0805C474K4RAC7800/2212885?s=N4IgTCBcDaIMIAYAcCCscAsB2DBpDASgIJwAqAqiALoC%2BQA"; VariantName = "[No Variations]"
Add component (AddParameter): Name = "ComponentLink3Description"; Value = "ProductPage"; VariantName = "[No Variations]"
Add component (AddParameter): Name = "ComponentLink3URL"; Value = "https://www.kemet.com/en/us/product/C0805C474K4RACTU.html"; VariantName = "[No Variations]"
Add component (AddParameter): Name = "PartNumber"; Value = "C0805C474K4RACTU"; VariantName = "[No Variations]"
Add component (AddParameter): Name = "Size"; Value = "0805"; VariantName = "[No Variations]"
Add component (AddParameter): Name = "Voltage"; Value = "16 V"; VariantName = "[No Variations]"
Added Component: Designator=C23(CAP0805)
Add component (AddParameter): Name = "ComponentLink1Description"; Value = "DataSheet"; VariantName = "[No Variations]"
Add component (AddParameter): Name = "ComponentLink1URL"; Value = "https://content.kemet.com/datasheets/KEM_C1002_X7R_SMD.pdf"; VariantName = "[No Variations]"
Add component (AddParameter): Name = "ComponentLink2Description"; Value = "DigiKey"; VariantName = "[No Variations]"
Add component (AddParameter): Name = "ComponentLink2URL"; Value = "https://www.digikey.com/es/products/detail/kemet/C0805C474K4RAC7800/2212885?s=N4IgTCBcDaIMIAYAcCCscAsB2DBpDASgIJwAqAqiALoC%2BQA"; VariantName = "[No Variations]"
Add component (AddParameter): Name = "ComponentLink3Description"; Value = "ProductPage"; VariantName = "[No Variations]"
Add component (AddParameter): Name = "ComponentLink3URL"; Value = "https://www.kemet.com/en/us/product/C0805C474K4RACTU.html"; VariantName = "[No Variations]"
Add component (AddParameter): Name = "PartNumber"; Value = "C0805C474K4RACTU"; VariantName = "[No Variations]"
Add component (AddParameter): Name = "Size"; Value = "0805"; VariantName = "[No Variations]"
Add component (AddParameter): Name = "Voltage"; Value = "16 V"; VariantName = "[No Variations]"
Added Component: Designator=C24(CAP0805)
Add component (AddParameter): Name = "Capacitance"; Value = "4.7 uF"; VariantName = "[No Variations]"
Add component (AddParameter): Name = "ComponentLink1Description"; Value = "DataSheet"; VariantName = "[No Variations]"
Add component (AddParameter): Name = "ComponentLink1URL"; Value = "https://content.kemet.com/datasheets/KEM_C1002_X7R_SMD.pdf"; VariantName = "[No Variations]"
Add component (AddParameter): Name = "ComponentLink2Description"; Value = "DigiKey"; VariantName = "[No Variations]"
Add component (AddParameter): Name = "ComponentLink2URL"; Value = "https://www.digikey.com/es/products/detail/kemet/C0805C475K4RAC7800/3317621?s=N4IgTCBcDaIMIAYAcCCscAsB2VBpDASgIJwAqAqiALoC%2BQA"; VariantName = "[No Variations]"
Add component (AddParameter): Name = "ComponentLink3Description"; Value = "ProdructPage"; VariantName = "[No Variations]"
Add component (AddParameter): Name = "ComponentLink3URL"; Value = "https://www.kemet.com/en/us/product/C0805C475K4RACTU.html"; VariantName = "[No Variations]"
Add component (AddParameter): Name = "PartNumber"; Value = "C0805C475K4RACTU"; VariantName = "[No Variations]"
Add component (AddParameter): Name = "Size"; Value = "0805"; VariantName = "[No Variations]"
Add component (AddParameter): Name = "Variation"; Value = "+/- 10%"; VariantName = "[No Variations]"
Add component (AddParameter): Name = "Voltage"; Value = "16V"; VariantName = "[No Variations]"
Added Component: Designator=C25(CAP0805)
Add component (AddParameter): Name = "Capacitance"; Value = "4.7 uF"; VariantName = "[No Variations]"
Add component (AddParameter): Name = "ComponentLink1Description"; Value = "DataSheet"; VariantName = "[No Variations]"
Add component (AddParameter): Name = "ComponentLink1URL"; Value = "https://content.kemet.com/datasheets/KEM_C1002_X7R_SMD.pdf"; VariantName = "[No Variations]"
Add component (AddParameter): Name = "ComponentLink2Description"; Value = "DigiKey"; VariantName = "[No Variations]"
Add component (AddParameter): Name = "ComponentLink2URL"; Value = "https://www.digikey.com/es/products/detail/kemet/C0805C475K4RAC7800/3317621?s=N4IgTCBcDaIMIAYAcCCscAsB2VBpDASgIJwAqAqiALoC%2BQA"; VariantName = "[No Variations]"
Add component (AddParameter): Name = "ComponentLink3Description"; Value = "ProdructPage"; VariantName = "[No Variations]"
Add component (AddParameter): Name = "ComponentLink3URL"; Value = "https://www.kemet.com/en/us/product/C0805C475K4RACTU.html"; VariantName = "[No Variations]"
Add component (AddParameter): Name = "PartNumber"; Value = "C0805C475K4RACTU"; VariantName = "[No Variations]"
Add component (AddParameter): Name = "Size"; Value = "0805"; VariantName = "[No Variations]"
Add component (AddParameter): Name = "Variation"; Value = "+/- 10%"; VariantName = "[No Variations]"
Add component (AddParameter): Name = "Voltage"; Value = "16V"; VariantName = "[No Variations]"
Added Component: Designator=C26(CAP0805)
Add component (AddParameter): Name = "ComponentLink1Description"; Value = "DataSheet"; VariantName = "[No Variations]"
Add component (AddParameter): Name = "ComponentLink1URL"; Value = "https://mm.digikey.com/Volume0/opasdata/d220001/medias/docus/658/CL21A476MQYNNNE_Spec.pdf"; VariantName = "[No Variations]"
Add component (AddParameter): Name = "ComponentLink2Description"; Value = "DigiKey"; VariantName = "[No Variations]"
Add component (AddParameter): Name = "ComponentLink2URL"; Value = "https://www.digikey.com/en/products/detail/samsung-electro-mechanics/CL21A476MQYNNNE/3887510"; VariantName = "[No Variations]"
Add component (AddParameter): Name = "Manufacturer"; Value = "Sanmsung"; VariantName = "[No Variations]"
Add component (AddParameter): Name = "Size"; Value = "0805"; VariantName = "[No Variations]"
Add component (AddParameter): Name = "Value"; Value = "47uF"; VariantName = "[No Variations]"
Add component (AddParameter): Name = "Voltage"; Value = "6.3V"; VariantName = "[No Variations]"
Added Component: Designator=C27(CAP0805)
Add component (AddParameter): Name = "ComponentLink1Description"; Value = "DataSheet"; VariantName = "[No Variations]"
Add component (AddParameter): Name = "ComponentLink1URL"; Value = "https://content.kemet.com/datasheets/KEM_C1002_X7R_SMD.pdf"; VariantName = "[No Variations]"
Add component (AddParameter): Name = "ComponentLink2Description"; Value = "DigiKey"; VariantName = "[No Variations]"
Add component (AddParameter): Name = "ComponentLink2URL"; Value = "https://www.digikey.com/es/products/detail/kemet/C0805C474K4RAC7800/2212885?s=N4IgTCBcDaIMIAYAcCCscAsB2DBpDASgIJwAqAqiALoC%2BQA"; VariantName = "[No Variations]"
Add component (AddParameter): Name = "ComponentLink3Description"; Value = "ProductPage"; VariantName = "[No Variations]"
Add component (AddParameter): Name = "ComponentLink3URL"; Value = "https://www.kemet.com/en/us/product/C0805C474K4RACTU.html"; VariantName = "[No Variations]"
Add component (AddParameter): Name = "PartNumber"; Value = "C0805C474K4RACTU"; VariantName = "[No Variations]"
Add component (AddParameter): Name = "Size"; Value = "0805"; VariantName = "[No Variations]"
Add component (AddParameter): Name = "Voltage"; Value = "16 V"; VariantName = "[No Variations]"
Added Component: Designator=C28(CAP0805)
Add component (AddParameter): Name = "ComponentLink1Description"; Value = "DataSheet"; VariantName = "[No Variations]"
Add component (AddParameter): Name = "ComponentLink1URL"; Value = "https://content.kemet.com/datasheets/KEM_C1002_X7R_SMD.pdf"; VariantName = "[No Variations]"
Add component (AddParameter): Name = "ComponentLink2Description"; Value = "DigiKey"; VariantName = "[No Variations]"
Add component (AddParameter): Name = "ComponentLink2URL"; Value = "https://www.digikey.com/es/products/detail/kemet/C0805C474K4RAC7800/2212885?s=N4IgTCBcDaIMIAYAcCCscAsB2DBpDASgIJwAqAqiALoC%2BQA"; VariantName = "[No Variations]"
Add component (AddParameter): Name = "ComponentLink3Description"; Value = "ProductPage"; VariantName = "[No Variations]"
Add component (AddParameter): Name = "ComponentLink3URL"; Value = "https://www.kemet.com/en/us/product/C0805C474K4RACTU.html"; VariantName = "[No Variations]"
Add component (AddParameter): Name = "PartNumber"; Value = "C0805C474K4RACTU"; VariantName = "[No Variations]"
Add component (AddParameter): Name = "Size"; Value = "0805"; VariantName = "[No Variations]"
Add component (AddParameter): Name = "Voltage"; Value = "16 V"; VariantName = "[No Variations]"
Added Component: Designator=C29(CAP0805)
Add component (AddParameter): Name = "ComponentLink1Description"; Value = "DataSheet"; VariantName = "[No Variations]"
Add component (AddParameter): Name = "ComponentLink1URL"; Value = "https://content.kemet.com/datasheets/KEM_C1002_X7R_SMD.pdf"; VariantName = "[No Variations]"
Add component (AddParameter): Name = "ComponentLink2Description"; Value = "DigiKey"; VariantName = "[No Variations]"
Add component (AddParameter): Name = "ComponentLink2URL"; Value = "https://www.digikey.com/es/products/detail/kemet/C0805C474K4RAC7800/2212885?s=N4IgTCBcDaIMIAYAcCCscAsB2DBpDASgIJwAqAqiALoC%2BQA"; VariantName = "[No Variations]"
Add component (AddParameter): Name = "ComponentLink3Description"; Value = "ProductPage"; VariantName = "[No Variations]"
Add component (AddParameter): Name = "ComponentLink3URL"; Value = "https://www.kemet.com/en/us/product/C0805C474K4RACTU.html"; VariantName = "[No Variations]"
Add component (AddParameter): Name = "PartNumber"; Value = "C0805C474K4RACTU"; VariantName = "[No Variations]"
Add component (AddParameter): Name = "Size"; Value = "0805"; VariantName = "[No Variations]"
Add component (AddParameter): Name = "Voltage"; Value = "16 V"; VariantName = "[No Variations]"
Added Component: Designator=C30(CAP0805)
Add component (AddParameter): Name = "ComponentLink1Description"; Value = "DataSheet"; VariantName = "[No Variations]"
Add component (AddParameter): Name = "ComponentLink1URL"; Value = "https://content.kemet.com/datasheets/KEM_C1002_X7R_SMD.pdf"; VariantName = "[No Variations]"
Add component (AddParameter): Name = "ComponentLink2Description"; Value = "DigiKey"; VariantName = "[No Variations]"
Add component (AddParameter): Name = "ComponentLink2URL"; Value = "https://www.digikey.com/es/products/detail/kemet/C0805C474K4RAC7800/2212885?s=N4IgTCBcDaIMIAYAcCCscAsB2DBpDASgIJwAqAqiALoC%2BQA"; VariantName = "[No Variations]"
Add component (AddParameter): Name = "ComponentLink3Description"; Value = "ProductPage"; VariantName = "[No Variations]"
Add component (AddParameter): Name = "ComponentLink3URL"; Value = "https://www.kemet.com/en/us/product/C0805C474K4RACTU.html"; VariantName = "[No Variations]"
Add component (AddParameter): Name = "PartNumber"; Value = "C0805C474K4RACTU"; VariantName = "[No Variations]"
Add component (AddParameter): Name = "Size"; Value = "0805"; VariantName = "[No Variations]"
Add component (AddParameter): Name = "Voltage"; Value = "16 V"; VariantName = "[No Variations]"
Added Component: Designator=C31(CAP0805)
Add component (AddParameter): Name = "Capacitance"; Value = "4.7 uF"; VariantName = "[No Variations]"
Add component (AddParameter): Name = "ComponentLink1Description"; Value = "DataSheet"; VariantName = "[No Variations]"
Add component (AddParameter): Name = "ComponentLink1URL"; Value = "https://content.kemet.com/datasheets/KEM_C1002_X7R_SMD.pdf"; VariantName = "[No Variations]"
Add component (AddParameter): Name = "ComponentLink2Description"; Value = "DigiKey"; VariantName = "[No Variations]"
Add component (AddParameter): Name = "ComponentLink2URL"; Value = "https://www.digikey.com/es/products/detail/kemet/C0805C475K4RAC7800/3317621?s=N4IgTCBcDaIMIAYAcCCscAsB2VBpDASgIJwAqAqiALoC%2BQA"; VariantName = "[No Variations]"
Add component (AddParameter): Name = "ComponentLink3Description"; Value = "ProdructPage"; VariantName = "[No Variations]"
Add component (AddParameter): Name = "ComponentLink3URL"; Value = "https://www.kemet.com/en/us/product/C0805C475K4RACTU.html"; VariantName = "[No Variations]"
Add component (AddParameter): Name = "PartNumber"; Value = "C0805C475K4RACTU"; VariantName = "[No Variations]"
Add component (AddParameter): Name = "Size"; Value = "0805"; VariantName = "[No Variations]"
Add component (AddParameter): Name = "Variation"; Value = "+/- 10%"; VariantName = "[No Variations]"
Add component (AddParameter): Name = "Voltage"; Value = "16V"; VariantName = "[No Variations]"
Added Component: Designator=C32(CAP0805)
Add component (AddParameter): Name = "Capacitance"; Value = "4.7 uF"; VariantName = "[No Variations]"
Add component (AddParameter): Name = "ComponentLink1Description"; Value = "DataSheet"; VariantName = "[No Variations]"
Add component (AddParameter): Name = "ComponentLink1URL"; Value = "https://content.kemet.com/datasheets/KEM_C1002_X7R_SMD.pdf"; VariantName = "[No Variations]"
Add component (AddParameter): Name = "ComponentLink2Description"; Value = "DigiKey"; VariantName = "[No Variations]"
Add component (AddParameter): Name = "ComponentLink2URL"; Value = "https://www.digikey.com/es/products/detail/kemet/C0805C475K4RAC7800/3317621?s=N4IgTCBcDaIMIAYAcCCscAsB2VBpDASgIJwAqAqiALoC%2BQA"; VariantName = "[No Variations]"
Add component (AddParameter): Name = "ComponentLink3Description"; Value = "ProdructPage"; VariantName = "[No Variations]"
Add component (AddParameter): Name = "ComponentLink3URL"; Value = "https://www.kemet.com/en/us/product/C0805C475K4RACTU.html"; VariantName = "[No Variations]"
Add component (AddParameter): Name = "PartNumber"; Value = "C0805C475K4RACTU"; VariantName = "[No Variations]"
Add component (AddParameter): Name = "Size"; Value = "0805"; VariantName = "[No Variations]"
Add component (AddParameter): Name = "Variation"; Value = "+/- 10%"; VariantName = "[No Variations]"
Add component (AddParameter): Name = "Voltage"; Value = "16V"; VariantName = "[No Variations]"
Added Component: Designator=C33(CAP0805)
Add component (AddParameter): Name = "ComponentLink1Description"; Value = "DataSheet"; VariantName = "[No Variations]"
Add component (AddParameter): Name = "ComponentLink1URL"; Value = "https://mm.digikey.com/Volume0/opasdata/d220001/medias/docus/658/CL21A476MQYNNNE_Spec.pdf"; VariantName = "[No Variations]"
Add component (AddParameter): Name = "ComponentLink2Description"; Value = "DigiKey"; VariantName = "[No Variations]"
Add component (AddParameter): Name = "ComponentLink2URL"; Value = "https://www.digikey.com/en/products/detail/samsung-electro-mechanics/CL21A476MQYNNNE/3887510"; VariantName = "[No Variations]"
Add component (AddParameter): Name = "Manufacturer"; Value = "Sanmsung"; VariantName = "[No Variations]"
Add component (AddParameter): Name = "Size"; Value = "0805"; VariantName = "[No Variations]"
Add component (AddParameter): Name = "Value"; Value = "47uF"; VariantName = "[No Variations]"
Add component (AddParameter): Name = "Voltage"; Value = "6.3V"; VariantName = "[No Variations]"
Added Component: Designator=C34(CAP0805)
Add component (AddParameter): Name = "ComponentLink1Description"; Value = "DataSheet"; VariantName = "[No Variations]"
Add component (AddParameter): Name = "ComponentLink1URL"; Value = "https://mm.digikey.com/Volume0/opasdata/d220001/medias/docus/658/CL21A476MQYNNNE_Spec.pdf"; VariantName = "[No Variations]"
Add component (AddParameter): Name = "ComponentLink2Description"; Value = "DigiKey"; VariantName = "[No Variations]"
Add component (AddParameter): Name = "ComponentLink2URL"; Value = "https://www.digikey.com/en/products/detail/samsung-electro-mechanics/CL21A476MQYNNNE/3887510"; VariantName = "[No Variations]"
Add component (AddParameter): Name = "Manufacturer"; Value = "Sanmsung"; VariantName = "[No Variations]"
Add component (AddParameter): Name = "Size"; Value = "0805"; VariantName = "[No Variations]"
Add component (AddParameter): Name = "Value"; Value = "47uF"; VariantName = "[No Variations]"
Add component (AddParameter): Name = "Voltage"; Value = "6.3V"; VariantName = "[No Variations]"
Added Component: Designator=C35(CAP0805)
Add component (AddParameter): Name = "Capacitance"; Value = "4.7 uF"; VariantName = "[No Variations]"
Add component (AddParameter): Name = "ComponentLink1Description"; Value = "DataSheet"; VariantName = "[No Variations]"
Add component (AddParameter): Name = "ComponentLink1URL"; Value = "https://content.kemet.com/datasheets/KEM_C1002_X7R_SMD.pdf"; VariantName = "[No Variations]"
Add component (AddParameter): Name = "ComponentLink2Description"; Value = "DigiKey"; VariantName = "[No Variations]"
Add component (AddParameter): Name = "ComponentLink2URL"; Value = "https://www.digikey.com/es/products/detail/kemet/C0805C475K4RAC7800/3317621?s=N4IgTCBcDaIMIAYAcCCscAsB2VBpDASgIJwAqAqiALoC%2BQA"; VariantName = "[No Variations]"
Add component (AddParameter): Name = "ComponentLink3Description"; Value = "ProdructPage"; VariantName = "[No Variations]"
Add component (AddParameter): Name = "ComponentLink3URL"; Value = "https://www.kemet.com/en/us/product/C0805C475K4RACTU.html"; VariantName = "[No Variations]"
Add component (AddParameter): Name = "PartNumber"; Value = "C0805C475K4RACTU"; VariantName = "[No Variations]"
Add component (AddParameter): Name = "Size"; Value = "0805"; VariantName = "[No Variations]"
Add component (AddParameter): Name = "Variation"; Value = "+/- 10%"; VariantName = "[No Variations]"
Add component (AddParameter): Name = "Voltage"; Value = "16V"; VariantName = "[No Variations]"
Added Component: Designator=C36(CAP0805)
Add component (AddParameter): Name = "ComponentLink1Description"; Value = "DataSheet"; VariantName = "[No Variations]"
Add component (AddParameter): Name = "ComponentLink1URL"; Value = "https://content.kemet.com/datasheets/KEM_C1002_X7R_SMD.pdf"; VariantName = "[No Variations]"
Add component (AddParameter): Name = "ComponentLink2Description"; Value = "DigiKey"; VariantName = "[No Variations]"
Add component (AddParameter): Name = "ComponentLink2URL"; Value = "https://www.digikey.com/es/products/detail/kemet/C0805C474K4RAC7800/2212885?s=N4IgTCBcDaIMIAYAcCCscAsB2DBpDASgIJwAqAqiALoC%2BQA"; VariantName = "[No Variations]"
Add component (AddParameter): Name = "ComponentLink3Description"; Value = "ProductPage"; VariantName = "[No Variations]"
Add component (AddParameter): Name = "ComponentLink3URL"; Value = "https://www.kemet.com/en/us/product/C0805C474K4RACTU.html"; VariantName = "[No Variations]"
Add component (AddParameter): Name = "PartNumber"; Value = "C0805C474K4RACTU"; VariantName = "[No Variations]"
Add component (AddParameter): Name = "Size"; Value = "0805"; VariantName = "[No Variations]"
Add component (AddParameter): Name = "Voltage"; Value = "16 V"; VariantName = "[No Variations]"
Added Component: Designator=C37(CAP0603)
Add component (AddParameter): Name = "ComponentLink1Description"; Value = "DataSheet"; VariantName = "[No Variations]"
Add component (AddParameter): Name = "ComponentLink1URL"; Value = "https://content.kemet.com/datasheets/KEM_C1002_X7R_SMD.pdf"; VariantName = "[No Variations]"
Add component (AddParameter): Name = "ComponentLink2Description"; Value = "DigiKey"; VariantName = "[No Variations]"
Add component (AddParameter): Name = "ComponentLink2URL"; Value = "https://www.digikey.com/en/products/detail/kemet/C0603C104K4RAC7867/411095"; VariantName = "[No Variations]"
Add component (AddParameter): Name = "Size"; Value = "0603"; VariantName = "[No Variations]"
Add component (AddParameter): Name = "Voltage"; Value = "50V"; VariantName = "[No Variations]"
Added Component: Designator=C38(CAP0805)
Add component (AddParameter): Name = "ComponentLink1Description"; Value = "DataSheet"; VariantName = "[No Variations]"
Add component (AddParameter): Name = "ComponentLink1URL"; Value = "https://content.kemet.com/datasheets/KEM_C1002_X7R_SMD.pdf"; VariantName = "[No Variations]"
Add component (AddParameter): Name = "ComponentLink2Description"; Value = "DigiKey"; VariantName = "[No Variations]"
Add component (AddParameter): Name = "ComponentLink2URL"; Value = "https://www.digikey.com/es/products/detail/kemet/C0805C474K4RAC7800/2212885?s=N4IgTCBcDaIMIAYAcCCscAsB2DBpDASgIJwAqAqiALoC%2BQA"; VariantName = "[No Variations]"
Add component (AddParameter): Name = "ComponentLink3Description"; Value = "ProductPage"; VariantName = "[No Variations]"
Add component (AddParameter): Name = "ComponentLink3URL"; Value = "https://www.kemet.com/en/us/product/C0805C474K4RACTU.html"; VariantName = "[No Variations]"
Add component (AddParameter): Name = "PartNumber"; Value = "C0805C474K4RACTU"; VariantName = "[No Variations]"
Add component (AddParameter): Name = "Size"; Value = "0805"; VariantName = "[No Variations]"
Add component (AddParameter): Name = "Voltage"; Value = "16 V"; VariantName = "[No Variations]"
Added Component: Designator=C39(CAP0805)
Add component (AddParameter): Name = "ComponentLink1Description"; Value = "DataSheet"; VariantName = "[No Variations]"
Add component (AddParameter): Name = "ComponentLink1URL"; Value = "https://content.kemet.com/datasheets/KEM_C1002_X7R_SMD.pdf"; VariantName = "[No Variations]"
Add component (AddParameter): Name = "ComponentLink2Description"; Value = "DigiKey"; VariantName = "[No Variations]"
Add component (AddParameter): Name = "ComponentLink2URL"; Value = "https://www.digikey.com/es/products/detail/kemet/C0805C474K4RAC7800/2212885?s=N4IgTCBcDaIMIAYAcCCscAsB2DBpDASgIJwAqAqiALoC%2BQA"; VariantName = "[No Variations]"
Add component (AddParameter): Name = "ComponentLink3Description"; Value = "ProductPage"; VariantName = "[No Variations]"
Add component (AddParameter): Name = "ComponentLink3URL"; Value = "https://www.kemet.com/en/us/product/C0805C474K4RACTU.html"; VariantName = "[No Variations]"
Add component (AddParameter): Name = "PartNumber"; Value = "C0805C474K4RACTU"; VariantName = "[No Variations]"
Add component (AddParameter): Name = "Size"; Value = "0805"; VariantName = "[No Variations]"
Add component (AddParameter): Name = "Voltage"; Value = "16 V"; VariantName = "[No Variations]"
Added Component: Designator=C40(CAP0805)
Add component (AddParameter): Name = "ComponentLink1Description"; Value = "DataSheet"; VariantName = "[No Variations]"
Add component (AddParameter): Name = "ComponentLink1URL"; Value = "https://content.kemet.com/datasheets/KEM_C1002_X7R_SMD.pdf"; VariantName = "[No Variations]"
Add component (AddParameter): Name = "ComponentLink2Description"; Value = "DigiKey"; VariantName = "[No Variations]"
Add component (AddParameter): Name = "ComponentLink2URL"; Value = "https://www.digikey.com/es/products/detail/kemet/C0805C474K4RAC7800/2212885?s=N4IgTCBcDaIMIAYAcCCscAsB2DBpDASgIJwAqAqiALoC%2BQA"; VariantName = "[No Variations]"
Add component (AddParameter): Name = "ComponentLink3Description"; Value = "ProductPage"; VariantName = "[No Variations]"
Add component (AddParameter): Name = "ComponentLink3URL"; Value = "https://www.kemet.com/en/us/product/C0805C474K4RACTU.html"; VariantName = "[No Variations]"
Add component (AddParameter): Name = "PartNumber"; Value = "C0805C474K4RACTU"; VariantName = "[No Variations]"
Add component (AddParameter): Name = "Size"; Value = "0805"; VariantName = "[No Variations]"
Add component (AddParameter): Name = "Voltage"; Value = "16 V"; VariantName = "[No Variations]"
Added Component: Designator=C41(CAP0805)
Add component (AddParameter): Name = "ComponentLink1Description"; Value = "DataSheet"; VariantName = "[No Variations]"
Add component (AddParameter): Name = "ComponentLink1URL"; Value = "https://content.kemet.com/datasheets/KEM_C1002_X7R_SMD.pdf"; VariantName = "[No Variations]"
Add component (AddParameter): Name = "ComponentLink2Description"; Value = "DigiKey"; VariantName = "[No Variations]"
Add component (AddParameter): Name = "ComponentLink2URL"; Value = "https://www.digikey.com/es/products/detail/kemet/C0805C474K4RAC7800/2212885?s=N4IgTCBcDaIMIAYAcCCscAsB2DBpDASgIJwAqAqiALoC%2BQA"; VariantName = "[No Variations]"
Add component (AddParameter): Name = "ComponentLink3Description"; Value = "ProductPage"; VariantName = "[No Variations]"
Add component (AddParameter): Name = "ComponentLink3URL"; Value = "https://www.kemet.com/en/us/product/C0805C474K4RACTU.html"; VariantName = "[No Variations]"
Add component (AddParameter): Name = "PartNumber"; Value = "C0805C474K4RACTU"; VariantName = "[No Variations]"
Add component (AddParameter): Name = "Size"; Value = "0805"; VariantName = "[No Variations]"
Add component (AddParameter): Name = "Voltage"; Value = "16 V"; VariantName = "[No Variations]"
Added Component: Designator=C42(CAP0805)
Add component (AddParameter): Name = "Capacitance"; Value = "4.7 uF"; VariantName = "[No Variations]"
Add component (AddParameter): Name = "ComponentLink1Description"; Value = "DataSheet"; VariantName = "[No Variations]"
Add component (AddParameter): Name = "ComponentLink1URL"; Value = "https://content.kemet.com/datasheets/KEM_C1002_X7R_SMD.pdf"; VariantName = "[No Variations]"
Add component (AddParameter): Name = "ComponentLink2Description"; Value = "DigiKey"; VariantName = "[No Variations]"
Add component (AddParameter): Name = "ComponentLink2URL"; Value = "https://www.digikey.com/es/products/detail/kemet/C0805C475K4RAC7800/3317621?s=N4IgTCBcDaIMIAYAcCCscAsB2VBpDASgIJwAqAqiALoC%2BQA"; VariantName = "[No Variations]"
Add component (AddParameter): Name = "ComponentLink3Description"; Value = "ProdructPage"; VariantName = "[No Variations]"
Add component (AddParameter): Name = "ComponentLink3URL"; Value = "https://www.kemet.com/en/us/product/C0805C475K4RACTU.html"; VariantName = "[No Variations]"
Add component (AddParameter): Name = "PartNumber"; Value = "C0805C475K4RACTU"; VariantName = "[No Variations]"
Add component (AddParameter): Name = "Size"; Value = "0805"; VariantName = "[No Variations]"
Add component (AddParameter): Name = "Variation"; Value = "+/- 10%"; VariantName = "[No Variations]"
Add component (AddParameter): Name = "Voltage"; Value = "16V"; VariantName = "[No Variations]"
Added Component: Designator=C43(CAP0805)
Add component (AddParameter): Name = "Capacitance"; Value = "4.7 uF"; VariantName = "[No Variations]"
Add component (AddParameter): Name = "ComponentLink1Description"; Value = "DataSheet"; VariantName = "[No Variations]"
Add component (AddParameter): Name = "ComponentLink1URL"; Value = "https://content.kemet.com/datasheets/KEM_C1002_X7R_SMD.pdf"; VariantName = "[No Variations]"
Add component (AddParameter): Name = "ComponentLink2Description"; Value = "DigiKey"; VariantName = "[No Variations]"
Add component (AddParameter): Name = "ComponentLink2URL"; Value = "https://www.digikey.com/es/products/detail/kemet/C0805C475K4RAC7800/3317621?s=N4IgTCBcDaIMIAYAcCCscAsB2VBpDASgIJwAqAqiALoC%2BQA"; VariantName = "[No Variations]"
Add component (AddParameter): Name = "ComponentLink3Description"; Value = "ProdructPage"; VariantName = "[No Variations]"
Add component (AddParameter): Name = "ComponentLink3URL"; Value = "https://www.kemet.com/en/us/product/C0805C475K4RACTU.html"; VariantName = "[No Variations]"
Add component (AddParameter): Name = "PartNumber"; Value = "C0805C475K4RACTU"; VariantName = "[No Variations]"
Add component (AddParameter): Name = "Size"; Value = "0805"; VariantName = "[No Variations]"
Add component (AddParameter): Name = "Variation"; Value = "+/- 10%"; VariantName = "[No Variations]"
Add component (AddParameter): Name = "Voltage"; Value = "16V"; VariantName = "[No Variations]"
Added Component: Designator=C44(CAP0805)
Add component (AddParameter): Name = "ComponentLink1Description"; Value = "DataSheet"; VariantName = "[No Variations]"
Add component (AddParameter): Name = "ComponentLink1URL"; Value = "https://mm.digikey.com/Volume0/opasdata/d220001/medias/docus/658/CL21A476MQYNNNE_Spec.pdf"; VariantName = "[No Variations]"
Add component (AddParameter): Name = "ComponentLink2Description"; Value = "DigiKey"; VariantName = "[No Variations]"
Add component (AddParameter): Name = "ComponentLink2URL"; Value = "https://www.digikey.com/en/products/detail/samsung-electro-mechanics/CL21A476MQYNNNE/3887510"; VariantName = "[No Variations]"
Add component (AddParameter): Name = "Manufacturer"; Value = "Sanmsung"; VariantName = "[No Variations]"
Add component (AddParameter): Name = "Size"; Value = "0805"; VariantName = "[No Variations]"
Add component (AddParameter): Name = "Value"; Value = "47uF"; VariantName = "[No Variations]"
Add component (AddParameter): Name = "Voltage"; Value = "6.3V"; VariantName = "[No Variations]"
Added Component: Designator=C45(CAP0805)
Add component (AddParameter): Name = "ComponentLink1Description"; Value = "DataSheet"; VariantName = "[No Variations]"
Add component (AddParameter): Name = "ComponentLink1URL"; Value = "https://content.kemet.com/datasheets/KEM_C1002_X7R_SMD.pdf"; VariantName = "[No Variations]"
Add component (AddParameter): Name = "ComponentLink2Description"; Value = "DigiKey"; VariantName = "[No Variations]"
Add component (AddParameter): Name = "ComponentLink2URL"; Value = "https://www.digikey.com/es/products/detail/kemet/C0805C474K4RAC7800/2212885?s=N4IgTCBcDaIMIAYAcCCscAsB2DBpDASgIJwAqAqiALoC%2BQA"; VariantName = "[No Variations]"
Add component (AddParameter): Name = "ComponentLink3Description"; Value = "ProductPage"; VariantName = "[No Variations]"
Add component (AddParameter): Name = "ComponentLink3URL"; Value = "https://www.kemet.com/en/us/product/C0805C474K4RACTU.html"; VariantName = "[No Variations]"
Add component (AddParameter): Name = "PartNumber"; Value = "C0805C474K4RACTU"; VariantName = "[No Variations]"
Add component (AddParameter): Name = "Size"; Value = "0805"; VariantName = "[No Variations]"
Add component (AddParameter): Name = "Voltage"; Value = "16 V"; VariantName = "[No Variations]"
Added Component: Designator=C46(CAP0805)
Add component (AddParameter): Name = "ComponentLink1Description"; Value = "DataSheet"; VariantName = "[No Variations]"
Add component (AddParameter): Name = "ComponentLink1URL"; Value = "https://content.kemet.com/datasheets/KEM_C1002_X7R_SMD.pdf"; VariantName = "[No Variations]"
Add component (AddParameter): Name = "ComponentLink2Description"; Value = "DigiKey"; VariantName = "[No Variations]"
Add component (AddParameter): Name = "ComponentLink2URL"; Value = "https://www.digikey.com/es/products/detail/kemet/C0805C474K4RAC7800/2212885?s=N4IgTCBcDaIMIAYAcCCscAsB2DBpDASgIJwAqAqiALoC%2BQA"; VariantName = "[No Variations]"
Add component (AddParameter): Name = "ComponentLink3Description"; Value = "ProductPage"; VariantName = "[No Variations]"
Add component (AddParameter): Name = "ComponentLink3URL"; Value = "https://www.kemet.com/en/us/product/C0805C474K4RACTU.html"; VariantName = "[No Variations]"
Add component (AddParameter): Name = "PartNumber"; Value = "C0805C474K4RACTU"; VariantName = "[No Variations]"
Add component (AddParameter): Name = "Size"; Value = "0805"; VariantName = "[No Variations]"
Add component (AddParameter): Name = "Voltage"; Value = "16 V"; VariantName = "[No Variations]"
Added Component: Designator=C47(CAP0805)
Add component (AddParameter): Name = "ComponentLink1Description"; Value = "DataSheet"; VariantName = "[No Variations]"
Add component (AddParameter): Name = "ComponentLink1URL"; Value = "https://content.kemet.com/datasheets/KEM_C1002_X7R_SMD.pdf"; VariantName = "[No Variations]"
Add component (AddParameter): Name = "ComponentLink2Description"; Value = "DigiKey"; VariantName = "[No Variations]"
Add component (AddParameter): Name = "ComponentLink2URL"; Value = "https://www.digikey.com/es/products/detail/kemet/C0805C474K4RAC7800/2212885?s=N4IgTCBcDaIMIAYAcCCscAsB2DBpDASgIJwAqAqiALoC%2BQA"; VariantName = "[No Variations]"
Add component (AddParameter): Name = "ComponentLink3Description"; Value = "ProductPage"; VariantName = "[No Variations]"
Add component (AddParameter): Name = "ComponentLink3URL"; Value = "https://www.kemet.com/en/us/product/C0805C474K4RACTU.html"; VariantName = "[No Variations]"
Add component (AddParameter): Name = "PartNumber"; Value = "C0805C474K4RACTU"; VariantName = "[No Variations]"
Add component (AddParameter): Name = "Size"; Value = "0805"; VariantName = "[No Variations]"
Add component (AddParameter): Name = "Voltage"; Value = "16 V"; VariantName = "[No Variations]"
Added Component: Designator=C48(CAP0805)
Add component (AddParameter): Name = "ComponentLink1Description"; Value = "DataSheet"; VariantName = "[No Variations]"
Add component (AddParameter): Name = "ComponentLink1URL"; Value = "https://content.kemet.com/datasheets/KEM_C1002_X7R_SMD.pdf"; VariantName = "[No Variations]"
Add component (AddParameter): Name = "ComponentLink2Description"; Value = "DigiKey"; VariantName = "[No Variations]"
Add component (AddParameter): Name = "ComponentLink2URL"; Value = "https://www.digikey.com/es/products/detail/kemet/C0805C474K4RAC7800/2212885?s=N4IgTCBcDaIMIAYAcCCscAsB2DBpDASgIJwAqAqiALoC%2BQA"; VariantName = "[No Variations]"
Add component (AddParameter): Name = "ComponentLink3Description"; Value = "ProductPage"; VariantName = "[No Variations]"
Add component (AddParameter): Name = "ComponentLink3URL"; Value = "https://www.kemet.com/en/us/product/C0805C474K4RACTU.html"; VariantName = "[No Variations]"
Add component (AddParameter): Name = "PartNumber"; Value = "C0805C474K4RACTU"; VariantName = "[No Variations]"
Add component (AddParameter): Name = "Size"; Value = "0805"; VariantName = "[No Variations]"
Add component (AddParameter): Name = "Voltage"; Value = "16 V"; VariantName = "[No Variations]"
Added Component: Designator=C49(CAP0805)
Add component (AddParameter): Name = "Capacitance"; Value = "4.7 uF"; VariantName = "[No Variations]"
Add component (AddParameter): Name = "ComponentLink1Description"; Value = "DataSheet"; VariantName = "[No Variations]"
Add component (AddParameter): Name = "ComponentLink1URL"; Value = "https://content.kemet.com/datasheets/KEM_C1002_X7R_SMD.pdf"; VariantName = "[No Variations]"
Add component (AddParameter): Name = "ComponentLink2Description"; Value = "DigiKey"; VariantName = "[No Variations]"
Add component (AddParameter): Name = "ComponentLink2URL"; Value = "https://www.digikey.com/es/products/detail/kemet/C0805C475K4RAC7800/3317621?s=N4IgTCBcDaIMIAYAcCCscAsB2VBpDASgIJwAqAqiALoC%2BQA"; VariantName = "[No Variations]"
Add component (AddParameter): Name = "ComponentLink3Description"; Value = "ProdructPage"; VariantName = "[No Variations]"
Add component (AddParameter): Name = "ComponentLink3URL"; Value = "https://www.kemet.com/en/us/product/C0805C475K4RACTU.html"; VariantName = "[No Variations]"
Add component (AddParameter): Name = "PartNumber"; Value = "C0805C475K4RACTU"; VariantName = "[No Variations]"
Add component (AddParameter): Name = "Size"; Value = "0805"; VariantName = "[No Variations]"
Add component (AddParameter): Name = "Variation"; Value = "+/- 10%"; VariantName = "[No Variations]"
Add component (AddParameter): Name = "Voltage"; Value = "16V"; VariantName = "[No Variations]"
Added Component: Designator=C50(CAP0805)
Add component (AddParameter): Name = "Capacitance"; Value = "4.7 uF"; VariantName = "[No Variations]"
Add component (AddParameter): Name = "ComponentLink1Description"; Value = "DataSheet"; VariantName = "[No Variations]"
Add component (AddParameter): Name = "ComponentLink1URL"; Value = "https://content.kemet.com/datasheets/KEM_C1002_X7R_SMD.pdf"; VariantName = "[No Variations]"
Add component (AddParameter): Name = "ComponentLink2Description"; Value = "DigiKey"; VariantName = "[No Variations]"
Add component (AddParameter): Name = "ComponentLink2URL"; Value = "https://www.digikey.com/es/products/detail/kemet/C0805C475K4RAC7800/3317621?s=N4IgTCBcDaIMIAYAcCCscAsB2VBpDASgIJwAqAqiALoC%2BQA"; VariantName = "[No Variations]"
Add component (AddParameter): Name = "ComponentLink3Description"; Value = "ProdructPage"; VariantName = "[No Variations]"
Add component (AddParameter): Name = "ComponentLink3URL"; Value = "https://www.kemet.com/en/us/product/C0805C475K4RACTU.html"; VariantName = "[No Variations]"
Add component (AddParameter): Name = "PartNumber"; Value = "C0805C475K4RACTU"; VariantName = "[No Variations]"
Add component (AddParameter): Name = "Size"; Value = "0805"; VariantName = "[No Variations]"
Add component (AddParameter): Name = "Variation"; Value = "+/- 10%"; VariantName = "[No Variations]"
Add component (AddParameter): Name = "Voltage"; Value = "16V"; VariantName = "[No Variations]"
Added Component: Designator=C51(CAP0805)
Add component (AddParameter): Name = "ComponentLink1Description"; Value = "DataSheet"; VariantName = "[No Variations]"
Add component (AddParameter): Name = "ComponentLink1URL"; Value = "https://mm.digikey.com/Volume0/opasdata/d220001/medias/docus/658/CL21A476MQYNNNE_Spec.pdf"; VariantName = "[No Variations]"
Add component (AddParameter): Name = "ComponentLink2Description"; Value = "DigiKey"; VariantName = "[No Variations]"
Add component (AddParameter): Name = "ComponentLink2URL"; Value = "https://www.digikey.com/en/products/detail/samsung-electro-mechanics/CL21A476MQYNNNE/3887510"; VariantName = "[No Variations]"
Add component (AddParameter): Name = "Manufacturer"; Value = "Sanmsung"; VariantName = "[No Variations]"
Add component (AddParameter): Name = "Size"; Value = "0805"; VariantName = "[No Variations]"
Add component (AddParameter): Name = "Value"; Value = "47uF"; VariantName = "[No Variations]"
Add component (AddParameter): Name = "Voltage"; Value = "6.3V"; VariantName = "[No Variations]"
Added Component: Designator=C52(CAP0603)
Add component (AddParameter): Name = "ComponentLink1Description"; Value = "DataSheet"; VariantName = "[No Variations]"
Add component (AddParameter): Name = "ComponentLink1URL"; Value = "https://content.kemet.com/datasheets/KEM_C1002_X7R_SMD.pdf"; VariantName = "[No Variations]"
Add component (AddParameter): Name = "ComponentLink2Description"; Value = "DigiKey"; VariantName = "[No Variations]"
Add component (AddParameter): Name = "ComponentLink2URL"; Value = "https://www.digikey.com/en/products/detail/kemet/C0603C104K4RAC7867/411095"; VariantName = "[No Variations]"
Add component (AddParameter): Name = "Size"; Value = "0603"; VariantName = "[No Variations]"
Add component (AddParameter): Name = "Voltage"; Value = "50V"; VariantName = "[No Variations]"
Added Component: Designator=C53(CAP0603)
Add component (AddParameter): Name = "ComponentLink1Description"; Value = "DataSheet"; VariantName = "[No Variations]"
Add component (AddParameter): Name = "ComponentLink1URL"; Value = "https://content.kemet.com/datasheets/KEM_C1006_X5R_SMD.pdf"; VariantName = "[No Variations]"
Add component (AddParameter): Name = "ComponentLink2Description"; Value = "DigiKey"; VariantName = "[No Variations]"
Add component (AddParameter): Name = "ComponentLink2URL"; Value = "https://www.digikey.com/en/products/detail/kemet/C0603C106M9PAC7867/1950664"; VariantName = "[No Variations]"
Add component (AddParameter): Name = "Size"; Value = "0603"; VariantName = "[No Variations]"
Add component (AddParameter): Name = "Voltage"; Value = "6.3V"; VariantName = "[No Variations]"
Added Component: Designator=C54(CAP0603)
Add component (AddParameter): Name = "ComponentLink1Description"; Value = "DataSheet"; VariantName = "[No Variations]"
Add component (AddParameter): Name = "ComponentLink1URL"; Value = "https://content.kemet.com/datasheets/KEM_C1002_X7R_SMD.pdf"; VariantName = "[No Variations]"
Add component (AddParameter): Name = "ComponentLink2Description"; Value = "DigiKey"; VariantName = "[No Variations]"
Add component (AddParameter): Name = "ComponentLink2URL"; Value = "https://www.digikey.com/en/products/detail/kemet/C0603C104K4RAC7867/411095"; VariantName = "[No Variations]"
Add component (AddParameter): Name = "Size"; Value = "0603"; VariantName = "[No Variations]"
Add component (AddParameter): Name = "Voltage"; Value = "50V"; VariantName = "[No Variations]"
Added Component: Designator=C55(CAP0603)
Add component (AddParameter): Name = "ComponentLink1Description"; Value = "DataSheet"; VariantName = "[No Variations]"
Add component (AddParameter): Name = "ComponentLink1URL"; Value = "https://content.kemet.com/datasheets/KEM_C1002_X7R_SMD.pdf"; VariantName = "[No Variations]"
Add component (AddParameter): Name = "ComponentLink2Description"; Value = "DigiKey"; VariantName = "[No Variations]"
Add component (AddParameter): Name = "ComponentLink2URL"; Value = "https://www.digikey.com/en/products/detail/kemet/C0603C102K4RAC7867/2199721"; VariantName = "[No Variations]"
Add component (AddParameter): Name = "Manufactuer"; Value = "Kemet"; VariantName = "[No Variations]"
Add component (AddParameter): Name = "PartNumber"; Value = "C0603C102K4RAC"; VariantName = "[No Variations]"
Add component (AddParameter): Name = "Size"; Value = "0603"; VariantName = "[No Variations]"
Add component (AddParameter): Name = "Tolerance"; Value = "10%"; VariantName = "[No Variations]"
Add component (AddParameter): Name = "Value"; Value = "1 nF"; VariantName = "[No Variations]"
Add component (AddParameter): Name = "Voltage"; Value = "16V"; VariantName = "[No Variations]"
Added Component: Designator=C56(CAP0805)
Add component (AddParameter): Name = "ComponentLink1Description"; Value = "DataSheet"; VariantName = "[No Variations]"
Add component (AddParameter): Name = "ComponentLink1URL"; Value = "https://content.kemet.com/datasheets/KEM_C1002_X7R_SMD.pdf"; VariantName = "[No Variations]"
Add component (AddParameter): Name = "ComponentLink2Description"; Value = "DigiKey"; VariantName = "[No Variations]"
Add component (AddParameter): Name = "ComponentLink2URL"; Value = "https://www.digikey.com/es/products/detail/kemet/C0805C474K4RAC7800/2212885?s=N4IgTCBcDaIMIAYAcCCscAsB2DBpDASgIJwAqAqiALoC%2BQA"; VariantName = "[No Variations]"
Add component (AddParameter): Name = "ComponentLink3Description"; Value = "ProductPage"; VariantName = "[No Variations]"
Add component (AddParameter): Name = "ComponentLink3URL"; Value = "https://www.kemet.com/en/us/product/C0805C474K4RACTU.html"; VariantName = "[No Variations]"
Add component (AddParameter): Name = "PartNumber"; Value = "C0805C474K4RACTU"; VariantName = "[No Variations]"
Add component (AddParameter): Name = "Size"; Value = "0805"; VariantName = "[No Variations]"
Add component (AddParameter): Name = "Voltage"; Value = "16 V"; VariantName = "[No Variations]"
Added Component: Designator=C57(CAP0805)
Add component (AddParameter): Name = "ComponentLink1Description"; Value = "DataSheet"; VariantName = "[No Variations]"
Add component (AddParameter): Name = "ComponentLink1URL"; Value = "https://content.kemet.com/datasheets/KEM_C1002_X7R_SMD.pdf"; VariantName = "[No Variations]"
Add component (AddParameter): Name = "ComponentLink2Description"; Value = "DigiKey"; VariantName = "[No Variations]"
Add component (AddParameter): Name = "ComponentLink2URL"; Value = "https://www.digikey.com/es/products/detail/kemet/C0805C474K4RAC7800/2212885?s=N4IgTCBcDaIMIAYAcCCscAsB2DBpDASgIJwAqAqiALoC%2BQA"; VariantName = "[No Variations]"
Add component (AddParameter): Name = "ComponentLink3Description"; Value = "ProductPage"; VariantName = "[No Variations]"
Add component (AddParameter): Name = "ComponentLink3URL"; Value = "https://www.kemet.com/en/us/product/C0805C474K4RACTU.html"; VariantName = "[No Variations]"
Add component (AddParameter): Name = "PartNumber"; Value = "C0805C474K4RACTU"; VariantName = "[No Variations]"
Add component (AddParameter): Name = "Size"; Value = "0805"; VariantName = "[No Variations]"
Add component (AddParameter): Name = "Voltage"; Value = "16 V"; VariantName = "[No Variations]"
Added Component: Designator=C58(CAP0805)
Add component (AddParameter): Name = "ComponentLink1Description"; Value = "DataSheet"; VariantName = "[No Variations]"
Add component (AddParameter): Name = "ComponentLink1URL"; Value = "https://content.kemet.com/datasheets/KEM_C1002_X7R_SMD.pdf"; VariantName = "[No Variations]"
Add component (AddParameter): Name = "ComponentLink2Description"; Value = "DigiKey"; VariantName = "[No Variations]"
Add component (AddParameter): Name = "ComponentLink2URL"; Value = "https://www.digikey.com/es/products/detail/kemet/C0805C474K4RAC7800/2212885?s=N4IgTCBcDaIMIAYAcCCscAsB2DBpDASgIJwAqAqiALoC%2BQA"; VariantName = "[No Variations]"
Add component (AddParameter): Name = "ComponentLink3Description"; Value = "ProductPage"; VariantName = "[No Variations]"
Add component (AddParameter): Name = "ComponentLink3URL"; Value = "https://www.kemet.com/en/us/product/C0805C474K4RACTU.html"; VariantName = "[No Variations]"
Add component (AddParameter): Name = "PartNumber"; Value = "C0805C474K4RACTU"; VariantName = "[No Variations]"
Add component (AddParameter): Name = "Size"; Value = "0805"; VariantName = "[No Variations]"
Add component (AddParameter): Name = "Voltage"; Value = "16 V"; VariantName = "[No Variations]"
Added Component: Designator=C59(CAP0805)
Add component (AddParameter): Name = "Capacitance"; Value = "4.7 uF"; VariantName = "[No Variations]"
Add component (AddParameter): Name = "ComponentLink1Description"; Value = "DataSheet"; VariantName = "[No Variations]"
Add component (AddParameter): Name = "ComponentLink1URL"; Value = "https://content.kemet.com/datasheets/KEM_C1002_X7R_SMD.pdf"; VariantName = "[No Variations]"
Add component (AddParameter): Name = "ComponentLink2Description"; Value = "DigiKey"; VariantName = "[No Variations]"
Add component (AddParameter): Name = "ComponentLink2URL"; Value = "https://www.digikey.com/es/products/detail/kemet/C0805C475K4RAC7800/3317621?s=N4IgTCBcDaIMIAYAcCCscAsB2VBpDASgIJwAqAqiALoC%2BQA"; VariantName = "[No Variations]"
Add component (AddParameter): Name = "ComponentLink3Description"; Value = "ProdructPage"; VariantName = "[No Variations]"
Add component (AddParameter): Name = "ComponentLink3URL"; Value = "https://www.kemet.com/en/us/product/C0805C475K4RACTU.html"; VariantName = "[No Variations]"
Add component (AddParameter): Name = "PartNumber"; Value = "C0805C475K4RACTU"; VariantName = "[No Variations]"
Add component (AddParameter): Name = "Size"; Value = "0805"; VariantName = "[No Variations]"
Add component (AddParameter): Name = "Variation"; Value = "+/- 10%"; VariantName = "[No Variations]"
Add component (AddParameter): Name = "Voltage"; Value = "16V"; VariantName = "[No Variations]"
Added Component: Designator=C60(CAP0805)
Add component (AddParameter): Name = "Capacitance"; Value = "4.7 uF"; VariantName = "[No Variations]"
Add component (AddParameter): Name = "ComponentLink1Description"; Value = "DataSheet"; VariantName = "[No Variations]"
Add component (AddParameter): Name = "ComponentLink1URL"; Value = "https://content.kemet.com/datasheets/KEM_C1002_X7R_SMD.pdf"; VariantName = "[No Variations]"
Add component (AddParameter): Name = "ComponentLink2Description"; Value = "DigiKey"; VariantName = "[No Variations]"
Add component (AddParameter): Name = "ComponentLink2URL"; Value = "https://www.digikey.com/es/products/detail/kemet/C0805C475K4RAC7800/3317621?s=N4IgTCBcDaIMIAYAcCCscAsB2VBpDASgIJwAqAqiALoC%2BQA"; VariantName = "[No Variations]"
Add component (AddParameter): Name = "ComponentLink3Description"; Value = "ProdructPage"; VariantName = "[No Variations]"
Add component (AddParameter): Name = "ComponentLink3URL"; Value = "https://www.kemet.com/en/us/product/C0805C475K4RACTU.html"; VariantName = "[No Variations]"
Add component (AddParameter): Name = "PartNumber"; Value = "C0805C475K4RACTU"; VariantName = "[No Variations]"
Add component (AddParameter): Name = "Size"; Value = "0805"; VariantName = "[No Variations]"
Add component (AddParameter): Name = "Variation"; Value = "+/- 10%"; VariantName = "[No Variations]"
Add component (AddParameter): Name = "Voltage"; Value = "16V"; VariantName = "[No Variations]"
Added Component: Designator=C61(CAP1206)
Add component (AddParameter): Name = "ComponentLink1Description"; Value = "DataSheet"; VariantName = "[No Variations]"
Add component (AddParameter): Name = "ComponentLink1URL"; Value = "https://www.digikey.com/en/products/detail/kemet/C1206C107M9PAC7210/12700784"; VariantName = "[No Variations]"
Add component (AddParameter): Name = "ComponentLink2Description"; Value = "DigiKey"; VariantName = "[No Variations]"
Add component (AddParameter): Name = "ComponentLink2URL"; Value = "https://www.digikey.com/en/products/detail/kemet/C0603C332K5RAC7867/411085?s=N4IgTCBcDaIMIAYBsCDMdWrAaQKwCUBBOAdgA4kSQBdAXyA"; VariantName = "[No Variations]"
Add component (AddParameter): Name = "PartNumber"; Value = "C1206C107M9PAC"; VariantName = "[No Variations]"
Add component (AddParameter): Name = "Size"; Value = "1206"; VariantName = "[No Variations]"
Add component (AddParameter): Name = "Tolerance"; Value = "20%"; VariantName = "[No Variations]"
Add component (AddParameter): Name = "Value"; Value = "100uF"; VariantName = "[No Variations]"
Add component (AddParameter): Name = "Voltage"; Value = "6.3V"; VariantName = "[No Variations]"
Added Component: Designator=C62(CAP0805)
Add component (AddParameter): Name = "ComponentLink1Description"; Value = "DataSheet"; VariantName = "[No Variations]"
Add component (AddParameter): Name = "ComponentLink1URL"; Value = "https://content.kemet.com/datasheets/KEM_C1002_X7R_SMD.pdf"; VariantName = "[No Variations]"
Add component (AddParameter): Name = "ComponentLink2Description"; Value = "DigiKey"; VariantName = "[No Variations]"
Add component (AddParameter): Name = "ComponentLink2URL"; Value = "https://www.digikey.com/es/products/detail/kemet/C0805C474K4RAC7800/2212885?s=N4IgTCBcDaIMIAYAcCCscAsB2DBpDASgIJwAqAqiALoC%2BQA"; VariantName = "[No Variations]"
Add component (AddParameter): Name = "ComponentLink3Description"; Value = "ProductPage"; VariantName = "[No Variations]"
Add component (AddParameter): Name = "ComponentLink3URL"; Value = "https://www.kemet.com/en/us/product/C0805C474K4RACTU.html"; VariantName = "[No Variations]"
Add component (AddParameter): Name = "PartNumber"; Value = "C0805C474K4RACTU"; VariantName = "[No Variations]"
Add component (AddParameter): Name = "Size"; Value = "0805"; VariantName = "[No Variations]"
Add component (AddParameter): Name = "Voltage"; Value = "16 V"; VariantName = "[No Variations]"
Added Component: Designator=C63(CAP0805)
Add component (AddParameter): Name = "ComponentLink1Description"; Value = "DataSheet"; VariantName = "[No Variations]"
Add component (AddParameter): Name = "ComponentLink1URL"; Value = "https://mm.digikey.com/Volume0/opasdata/d220001/medias/docus/658/CL21A476MQYNNNE_Spec.pdf"; VariantName = "[No Variations]"
Add component (AddParameter): Name = "ComponentLink2Description"; Value = "DigiKey"; VariantName = "[No Variations]"
Add component (AddParameter): Name = "ComponentLink2URL"; Value = "https://www.digikey.com/en/products/detail/samsung-electro-mechanics/CL21A476MQYNNNE/3887510"; VariantName = "[No Variations]"
Add component (AddParameter): Name = "Manufacturer"; Value = "Sanmsung"; VariantName = "[No Variations]"
Add component (AddParameter): Name = "Size"; Value = "0805"; VariantName = "[No Variations]"
Add component (AddParameter): Name = "Value"; Value = "47uF"; VariantName = "[No Variations]"
Add component (AddParameter): Name = "Voltage"; Value = "6.3V"; VariantName = "[No Variations]"
Added Component: Designator=C64(CAP0805)
Add component (AddParameter): Name = "ComponentLink1Description"; Value = "DataSheet"; VariantName = "[No Variations]"
Add component (AddParameter): Name = "ComponentLink1URL"; Value = "https://content.kemet.com/datasheets/KEM_C1002_X7R_SMD.pdf"; VariantName = "[No Variations]"
Add component (AddParameter): Name = "ComponentLink2Description"; Value = "DigiKey"; VariantName = "[No Variations]"
Add component (AddParameter): Name = "ComponentLink2URL"; Value = "https://www.digikey.com/es/products/detail/kemet/C0805C474K4RAC7800/2212885?s=N4IgTCBcDaIMIAYAcCCscAsB2DBpDASgIJwAqAqiALoC%2BQA"; VariantName = "[No Variations]"
Add component (AddParameter): Name = "ComponentLink3Description"; Value = "ProductPage"; VariantName = "[No Variations]"
Add component (AddParameter): Name = "ComponentLink3URL"; Value = "https://www.kemet.com/en/us/product/C0805C474K4RACTU.html"; VariantName = "[No Variations]"
Add component (AddParameter): Name = "PartNumber"; Value = "C0805C474K4RACTU"; VariantName = "[No Variations]"
Add component (AddParameter): Name = "Size"; Value = "0805"; VariantName = "[No Variations]"
Add component (AddParameter): Name = "Voltage"; Value = "16 V"; VariantName = "[No Variations]"
Added Component: Designator=C65(CAP0805)
Add component (AddParameter): Name = "ComponentLink1Description"; Value = "DataSheet"; VariantName = "[No Variations]"
Add component (AddParameter): Name = "ComponentLink1URL"; Value = "https://content.kemet.com/datasheets/KEM_C1002_X7R_SMD.pdf"; VariantName = "[No Variations]"
Add component (AddParameter): Name = "ComponentLink2Description"; Value = "DigiKey"; VariantName = "[No Variations]"
Add component (AddParameter): Name = "ComponentLink2URL"; Value = "https://www.digikey.com/es/products/detail/kemet/C0805C474K4RAC7800/2212885?s=N4IgTCBcDaIMIAYAcCCscAsB2DBpDASgIJwAqAqiALoC%2BQA"; VariantName = "[No Variations]"
Add component (AddParameter): Name = "ComponentLink3Description"; Value = "ProductPage"; VariantName = "[No Variations]"
Add component (AddParameter): Name = "ComponentLink3URL"; Value = "https://www.kemet.com/en/us/product/C0805C474K4RACTU.html"; VariantName = "[No Variations]"
Add component (AddParameter): Name = "PartNumber"; Value = "C0805C474K4RACTU"; VariantName = "[No Variations]"
Add component (AddParameter): Name = "Size"; Value = "0805"; VariantName = "[No Variations]"
Add component (AddParameter): Name = "Voltage"; Value = "16 V"; VariantName = "[No Variations]"
Added Component: Designator=C66(CAP0805)
Add component (AddParameter): Name = "ComponentLink1Description"; Value = "DataSheet"; VariantName = "[No Variations]"
Add component (AddParameter): Name = "ComponentLink1URL"; Value = "https://content.kemet.com/datasheets/KEM_C1002_X7R_SMD.pdf"; VariantName = "[No Variations]"
Add component (AddParameter): Name = "ComponentLink2Description"; Value = "DigiKey"; VariantName = "[No Variations]"
Add component (AddParameter): Name = "ComponentLink2URL"; Value = "https://www.digikey.com/es/products/detail/kemet/C0805C474K4RAC7800/2212885?s=N4IgTCBcDaIMIAYAcCCscAsB2DBpDASgIJwAqAqiALoC%2BQA"; VariantName = "[No Variations]"
Add component (AddParameter): Name = "ComponentLink3Description"; Value = "ProductPage"; VariantName = "[No Variations]"
Add component (AddParameter): Name = "ComponentLink3URL"; Value = "https://www.kemet.com/en/us/product/C0805C474K4RACTU.html"; VariantName = "[No Variations]"
Add component (AddParameter): Name = "PartNumber"; Value = "C0805C474K4RACTU"; VariantName = "[No Variations]"
Add component (AddParameter): Name = "Size"; Value = "0805"; VariantName = "[No Variations]"
Add component (AddParameter): Name = "Voltage"; Value = "16 V"; VariantName = "[No Variations]"
Added Component: Designator=C67(CAP0805)
Add component (AddParameter): Name = "Capacitance"; Value = "4.7 uF"; VariantName = "[No Variations]"
Add component (AddParameter): Name = "ComponentLink1Description"; Value = "DataSheet"; VariantName = "[No Variations]"
Add component (AddParameter): Name = "ComponentLink1URL"; Value = "https://content.kemet.com/datasheets/KEM_C1002_X7R_SMD.pdf"; VariantName = "[No Variations]"
Add component (AddParameter): Name = "ComponentLink2Description"; Value = "DigiKey"; VariantName = "[No Variations]"
Add component (AddParameter): Name = "ComponentLink2URL"; Value = "https://www.digikey.com/es/products/detail/kemet/C0805C475K4RAC7800/3317621?s=N4IgTCBcDaIMIAYAcCCscAsB2VBpDASgIJwAqAqiALoC%2BQA"; VariantName = "[No Variations]"
Add component (AddParameter): Name = "ComponentLink3Description"; Value = "ProdructPage"; VariantName = "[No Variations]"
Add component (AddParameter): Name = "ComponentLink3URL"; Value = "https://www.kemet.com/en/us/product/C0805C475K4RACTU.html"; VariantName = "[No Variations]"
Add component (AddParameter): Name = "PartNumber"; Value = "C0805C475K4RACTU"; VariantName = "[No Variations]"
Add component (AddParameter): Name = "Size"; Value = "0805"; VariantName = "[No Variations]"
Add component (AddParameter): Name = "Variation"; Value = "+/- 10%"; VariantName = "[No Variations]"
Add component (AddParameter): Name = "Voltage"; Value = "16V"; VariantName = "[No Variations]"
Added Component: Designator=C68(CAP0805)
Add component (AddParameter): Name = "Capacitance"; Value = "4.7 uF"; VariantName = "[No Variations]"
Add component (AddParameter): Name = "ComponentLink1Description"; Value = "DataSheet"; VariantName = "[No Variations]"
Add component (AddParameter): Name = "ComponentLink1URL"; Value = "https://content.kemet.com/datasheets/KEM_C1002_X7R_SMD.pdf"; VariantName = "[No Variations]"
Add component (AddParameter): Name = "ComponentLink2Description"; Value = "DigiKey"; VariantName = "[No Variations]"
Add component (AddParameter): Name = "ComponentLink2URL"; Value = "https://www.digikey.com/es/products/detail/kemet/C0805C475K4RAC7800/3317621?s=N4IgTCBcDaIMIAYAcCCscAsB2VBpDASgIJwAqAqiALoC%2BQA"; VariantName = "[No Variations]"
Add component (AddParameter): Name = "ComponentLink3Description"; Value = "ProdructPage"; VariantName = "[No Variations]"
Add component (AddParameter): Name = "ComponentLink3URL"; Value = "https://www.kemet.com/en/us/product/C0805C475K4RACTU.html"; VariantName = "[No Variations]"
Add component (AddParameter): Name = "PartNumber"; Value = "C0805C475K4RACTU"; VariantName = "[No Variations]"
Add component (AddParameter): Name = "Size"; Value = "0805"; VariantName = "[No Variations]"
Add component (AddParameter): Name = "Variation"; Value = "+/- 10%"; VariantName = "[No Variations]"
Add component (AddParameter): Name = "Voltage"; Value = "16V"; VariantName = "[No Variations]"
Added Component: Designator=C69(CAP0805)
Add component (AddParameter): Name = "ComponentLink1Description"; Value = "DataSheet"; VariantName = "[No Variations]"
Add component (AddParameter): Name = "ComponentLink1URL"; Value = "https://mm.digikey.com/Volume0/opasdata/d220001/medias/docus/658/CL21A476MQYNNNE_Spec.pdf"; VariantName = "[No Variations]"
Add component (AddParameter): Name = "ComponentLink2Description"; Value = "DigiKey"; VariantName = "[No Variations]"
Add component (AddParameter): Name = "ComponentLink2URL"; Value = "https://www.digikey.com/en/products/detail/samsung-electro-mechanics/CL21A476MQYNNNE/3887510"; VariantName = "[No Variations]"
Add component (AddParameter): Name = "Manufacturer"; Value = "Sanmsung"; VariantName = "[No Variations]"
Add component (AddParameter): Name = "Size"; Value = "0805"; VariantName = "[No Variations]"
Add component (AddParameter): Name = "Value"; Value = "47uF"; VariantName = "[No Variations]"
Add component (AddParameter): Name = "Voltage"; Value = "6.3V"; VariantName = "[No Variations]"
Added Component: Designator=D3(0603_LED)
Add component (AddParameter): Name = "Colour"; Value = "Blue"; VariantName = "[No Variations]"
Add component (AddParameter): Name = "ComponentLink1Description"; Value = "DataSheet"; VariantName = "[No Variations]"
Add component (AddParameter): Name = "ComponentLink1URL"; Value = "https://www.we-online.com/components/products/datasheet/150060BS55040.pdf"; VariantName = "[No Variations]"
Add component (AddParameter): Name = "ComponentLink2Description"; Value = "DigiKey"; VariantName = "[No Variations]"
Add component (AddParameter): Name = "ComponentLink2URL"; Value = "https://www.digikey.com/es/products/detail/w%C3%BCrth-elektronik/150060BS55040/8557178?s=N4IgTCBcDaIDoBcCMBWADGgbGgQgZRXQBY0QBdAXyA"; VariantName = "[No Variations]"
Add component (AddParameter): Name = "Size"; Value = "0603"; VariantName = "[No Variations]"
Added Component: Designator=L3(Fer0603)
Add component (AddParameter): Name = "ComponentLink1Description"; Value = "DataSheet"; VariantName = "[No Variations]"
Add component (AddParameter): Name = "ComponentLink1URL"; Value = "https://www.laird.com/sites/default/files/hz0603c651r-10-datasheet.pdf"; VariantName = "[No Variations]"
Add component (AddParameter): Name = "ComponentLink2Description"; Value = "DigiKey"; VariantName = "[No Variations]"
Add component (AddParameter): Name = "ComponentLink2URL"; Value = "https://www.digikey.com/es/products/detail/laird-signal-integrity-products/HZ0603C651R-10/806620?s=N4IgTCBcDaIBIC0AMA2JBmAwigrARgCUBaPJEAXQF8g"; VariantName = "[No Variations]"
Add component (AddParameter): Name = "Current"; Value = "300 mA"; VariantName = "[No Variations]"
Add component (AddParameter): Name = "DCR"; Value = "0.6 Ohm"; VariantName = "[No Variations]"
Add component (AddParameter): Name = "PartNumber"; Value = "HZ0603C651R-10"; VariantName = "[No Variations]"
Add component (AddParameter): Name = "Size"; Value = "0603"; VariantName = "[No Variations]"
Add component (AddParameter): Name = "Z@100MHz"; Value = "650 Ohms"; VariantName = "[No Variations]"
Added Component: Designator=L4(Fer0603)
Add component (AddParameter): Name = "ComponentLink1Description"; Value = "DataSheet"; VariantName = "[No Variations]"
Add component (AddParameter): Name = "ComponentLink1URL"; Value = "https://www.laird.com/sites/default/files/hz0603c651r-10-datasheet.pdf"; VariantName = "[No Variations]"
Add component (AddParameter): Name = "ComponentLink2Description"; Value = "DigiKey"; VariantName = "[No Variations]"
Add component (AddParameter): Name = "ComponentLink2URL"; Value = "https://www.digikey.com/es/products/detail/laird-signal-integrity-products/HZ0603C651R-10/806620?s=N4IgTCBcDaIBIC0AMA2JBmAwigrARgCUBaPJEAXQF8g"; VariantName = "[No Variations]"
Add component (AddParameter): Name = "Current"; Value = "300 mA"; VariantName = "[No Variations]"
Add component (AddParameter): Name = "DCR"; Value = "0.6 Ohm"; VariantName = "[No Variations]"
Add component (AddParameter): Name = "PartNumber"; Value = "HZ0603C651R-10"; VariantName = "[No Variations]"
Add component (AddParameter): Name = "Size"; Value = "0603"; VariantName = "[No Variations]"
Add component (AddParameter): Name = "Z@100MHz"; Value = "650 Ohms"; VariantName = "[No Variations]"
Added Component: Designator=R14(RES0603)
Add component (AddParameter): Name = "ComponentLink1Description"; Value = "DataSheet"; VariantName = "[No Variations]"
Add component (AddParameter): Name = "ComponentLink1URL"; Value = "https://www.vishay.com/docs/20035/dcrcwe3.pdf"; VariantName = "[No Variations]"
Add component (AddParameter): Name = "ComponentLink2Description"; Value = "DigiKey"; VariantName = "[No Variations]"
Add component (AddParameter): Name = "ComponentLink2URL"; Value = "https://www.digikey.com/es/products/detail/vishay-dale/CRCW0603200RFKEA/1174586?s=N4IgTCBcDaIMICU4HUAMA2VBmMrUIDEBpAUQEEQBdAXyA"; VariantName = "[No Variations]"
Add component (AddParameter): Name = "Manufacturer"; Value = "Vishay"; VariantName = "[No Variations]"
Add component (AddParameter): Name = "PartNumber"; Value = "CRCW0603200RFKEA"; VariantName = "[No Variations]"
Add component (AddParameter): Name = "Power"; Value = "0.1 W"; VariantName = "[No Variations]"
Add component (AddParameter): Name = "Size"; Value = "0603"; VariantName = "[No Variations]"
Add component (AddParameter): Name = "Tolerance"; Value = "1%"; VariantName = "[No Variations]"
Add component (AddParameter): Name = "Value"; Value = "200"; VariantName = "[No Variations]"
Added Component: Designator=R15(RES0603)
Add component (AddParameter): Name = "ComponentLink1Description"; Value = "DataSheet"; VariantName = "[No Variations]"
Add component (AddParameter): Name = "ComponentLink1URL"; Value = "https://www.vishay.com/docs/20035/dcrcwe3.pdf"; VariantName = "[No Variations]"
Add component (AddParameter): Name = "ComponentLink2Description"; Value = "DigiKey"; VariantName = "[No Variations]"
Add component (AddParameter): Name = "ComponentLink2URL"; Value = "https://www.digikey.com/es/products/detail/vishay-dale/CRCW0603165RFKEA/1174577?s=N4IgTCBcDaIMICU4HUAMA2VBmAjOgrAgGIDSAogIIgC6AvkA"; VariantName = "[No Variations]"
Add component (AddParameter): Name = "Manufacturer"; Value = "Vishay"; VariantName = "[No Variations]"
Add component (AddParameter): Name = "Power"; Value = "0.1 W"; VariantName = "[No Variations]"
Add component (AddParameter): Name = "Size"; Value = "0603"; VariantName = "[No Variations]"
Add component (AddParameter): Name = "Value"; Value = "165"; VariantName = "[No Variations]"
Added Component: Designator=R16(ArrayResistor-1206)
Add component (AddParameter): Name = "ComponentLink1Description"; Value = "DigiKey"; VariantName = "[No Variations]"
Add component (AddParameter): Name = "ComponentLink1URL"; Value = "https://www.digikey.com/en/products/detail/panasonic-electronic-components/EXB-38V101JV/256519?s=N4IgTCBcDaIKIA0BCBaAzADgGoEYAMOAUliALoC%2BQA"; VariantName = "[No Variations]"
Add component (AddParameter): Name = "ComponentLink2Description"; Value = "DataSheet"; VariantName = "[No Variations]"
Add component (AddParameter): Name = "ComponentLink2URL"; Value = "https://industrial.panasonic.com/cdbs/www-data/pdf/AOC0000/AOC0000C14.pdf"; VariantName = "[No Variations]"
Add component (AddParameter): Name = "Elements"; Value = "4"; VariantName = "[No Variations]"
Add component (AddParameter): Name = "Size"; Value = "1206"; VariantName = "[No Variations]"
Add component (AddParameter): Name = "Value"; Value = "100 Ohms"; VariantName = "[No Variations]"
Added Component: Designator=R17(RES0603)
Add component (AddParameter): Name = "ComponentLink1Description"; Value = "DataSheet"; VariantName = "[No Variations]"
Add component (AddParameter): Name = "ComponentLink1URL"; Value = "https://www.vishay.com/docs/20035/dcrcwe3.pdf"; VariantName = "[No Variations]"
Add component (AddParameter): Name = "ComponentLink2Description"; Value = "DigiKey"; VariantName = "[No Variations]"
Add component (AddParameter): Name = "ComponentLink2URL"; Value = "https://www.digikey.com/en/products/detail/vishay-dale/CRCW06034K70FKEA/1174744"; VariantName = "[No Variations]"
Add component (AddParameter): Name = "Manufacturer"; Value = "Vishay"; VariantName = "[No Variations]"
Add component (AddParameter): Name = "Power"; Value = "1/10 W"; VariantName = "[No Variations]"
Add component (AddParameter): Name = "Size"; Value = "0603"; VariantName = "[No Variations]"
Added Component: Designator=R18(RES0603)
Add component (AddParameter): Name = "ComponentLink1Description"; Value = "DataSheet"; VariantName = "[No Variations]"
Add component (AddParameter): Name = "ComponentLink1URL"; Value = "https://www.vishay.com/docs/20035/dcrcwe3.pdf"; VariantName = "[No Variations]"
Add component (AddParameter): Name = "ComponentLink2Description"; Value = "DigiKey"; VariantName = "[No Variations]"
Add component (AddParameter): Name = "ComponentLink2URL"; Value = "https://www.digikey.com/en/products/detail/vishay-dale/CRCW06034K70FKEA/1174744"; VariantName = "[No Variations]"
Add component (AddParameter): Name = "Manufacturer"; Value = "Vishay"; VariantName = "[No Variations]"
Add component (AddParameter): Name = "Power"; Value = "1/10 W"; VariantName = "[No Variations]"
Add component (AddParameter): Name = "Size"; Value = "0603"; VariantName = "[No Variations]"
Added Component: Designator=R19(ArrayResistor-1206)
Add component (AddParameter): Name = "ComponentLink1Description"; Value = "DigiKey"; VariantName = "[No Variations]"
Add component (AddParameter): Name = "ComponentLink1URL"; Value = "https://www.digikey.com/en/products/detail/panasonic-electronic-components/EXB-38V101JV/256519?s=N4IgTCBcDaIKIA0BCBaAzADgGoEYAMOAUliALoC%2BQA"; VariantName = "[No Variations]"
Add component (AddParameter): Name = "ComponentLink2Description"; Value = "DataSheet"; VariantName = "[No Variations]"
Add component (AddParameter): Name = "ComponentLink2URL"; Value = "https://industrial.panasonic.com/cdbs/www-data/pdf/AOC0000/AOC0000C14.pdf"; VariantName = "[No Variations]"
Add component (AddParameter): Name = "Elements"; Value = "4"; VariantName = "[No Variations]"
Add component (AddParameter): Name = "Size"; Value = "1206"; VariantName = "[No Variations]"
Add component (AddParameter): Name = "Value"; Value = "100 Ohms"; VariantName = "[No Variations]"
Added Component: Designator=R20(RES0603)
Add component (AddParameter): Name = "ComponentLink1Description"; Value = "DataSheet"; VariantName = "[No Variations]"
Add component (AddParameter): Name = "ComponentLink1URL"; Value = "https://www.vishay.com/docs/20035/dcrcwe3.pdf"; VariantName = "[No Variations]"
Add component (AddParameter): Name = "ComponentLink2Description"; Value = "DigiKey"; VariantName = "[No Variations]"
Add component (AddParameter): Name = "ComponentLink2URL"; Value = "https://www.digikey.com/es/products/detail/vishay-dale/CRCW060378R7FKEA/1174542"; VariantName = "[No Variations]"
Add component (AddParameter): Name = "Manufacturer"; Value = "Vishay"; VariantName = "[No Variations]"
Add component (AddParameter): Name = "Power"; Value = "0.1 W"; VariantName = "[No Variations]"
Add component (AddParameter): Name = "Size"; Value = "0603"; VariantName = "[No Variations]"
Add component (AddParameter): Name = "Tolerance"; Value = "1 %"; VariantName = "[No Variations]"
Add component (AddParameter): Name = "Value"; Value = "200"; VariantName = "[No Variations]"
Added Component: Designator=R21(RES0603)
Add component (AddParameter): Name = "ComponentLink1Description"; Value = "DataSheet"; VariantName = "[No Variations]"
Add component (AddParameter): Name = "ComponentLink1URL"; Value = "https://www.vishay.com/docs/20035/dcrcwe3.pdf"; VariantName = "[No Variations]"
Add component (AddParameter): Name = "ComponentLink2Description"; Value = "DigiKey"; VariantName = "[No Variations]"
Add component (AddParameter): Name = "ComponentLink2URL"; Value = "https://www.digikey.com/es/products/detail/vishay-dale/CRCW060378R7FKEA/1174542"; VariantName = "[No Variations]"
Add component (AddParameter): Name = "Manufacturer"; Value = "Vishay"; VariantName = "[No Variations]"
Add component (AddParameter): Name = "Power"; Value = "0.1 W"; VariantName = "[No Variations]"
Add component (AddParameter): Name = "Size"; Value = "0603"; VariantName = "[No Variations]"
Add component (AddParameter): Name = "Tolerance"; Value = "1 %"; VariantName = "[No Variations]"
Add component (AddParameter): Name = "Value"; Value = "200"; VariantName = "[No Variations]"
Added Component: Designator=U4(BGA-256)
Added Component: Designator=U5(SOT23-3)
Add component (AddParameter): Name = "ComponentLink1Description"; Value = "DataSheet"; VariantName = "[No Variations]"
Add component (AddParameter): Name = "ComponentLink1URL"; Value = "https://www.ti.com/lit/ds/symlink/ref3012.pdf?ts=1708128926119"; VariantName = "[No Variations]"
Added Pin To Net: NetName=GND Pin=C20-1
Added Pin To Net: NetName=+3V3 Pin=C20-2
Added Pin To Net: NetName=GND Pin=C21-1
Added Pin To Net: NetName=+3V3 Pin=C21-2
Added Pin To Net: NetName=GND Pin=C22-1
Added Pin To Net: NetName=+3V3 Pin=C22-2
Added Pin To Net: NetName=GND Pin=C23-1
Added Pin To Net: NetName=+3V3 Pin=C23-2
Added Pin To Net: NetName=GND Pin=C24-1
Added Pin To Net: NetName=+3V3 Pin=C24-2
Added Pin To Net: NetName=GND Pin=C25-1
Added Pin To Net: NetName=+3V3 Pin=C25-2
Added Pin To Net: NetName=GND Pin=C26-1
Added Pin To Net: NetName=+3V3 Pin=C26-2
Added Pin To Net: NetName=GND Pin=C27-1
Added Pin To Net: NetName=+3V3 Pin=C27-2
Added Pin To Net: NetName=GND Pin=C28-1
Added Pin To Net: NetName=+3V3 Pin=C28-2
Added Pin To Net: NetName=GND Pin=C29-1
Added Pin To Net: NetName=+3V3 Pin=C29-2
Added Pin To Net: NetName=GND Pin=C30-1
Added Pin To Net: NetName=+3V3 Pin=C30-2
Added Pin To Net: NetName=GND Pin=C31-1
Added Pin To Net: NetName=+3V3 Pin=C31-2
Added Pin To Net: NetName=GND Pin=C32-1
Added Pin To Net: NetName=+3V3 Pin=C32-2
Added Pin To Net: NetName=GND Pin=C33-1
Added Pin To Net: NetName=+3V3 Pin=C33-2
Added Pin To Net: NetName=GND Pin=C34-1
Added Pin To Net: NetName=+3V3 Pin=C34-2
Added Pin To Net: NetName=+1V8' Pin=C35-1
Added Pin To Net: NetName=GND Pin=C35-2
Added Pin To Net: NetName=GND Pin=C36-1
Added Pin To Net: NetName=+1V8_VCC_ADC Pin=C36-2
Added Pin To Net: NetName=+1V8_VCC_ADC Pin=C37-1
Added Pin To Net: NetName=AGND Pin=C37-2
Added Pin To Net: NetName=GND Pin=C38-1
Added Pin To Net: NetName=+1V35 Pin=C38-2
Added Pin To Net: NetName=GND Pin=C39-1
Added Pin To Net: NetName=+1V35 Pin=C39-2
Added Pin To Net: NetName=GND Pin=C40-1
Added Pin To Net: NetName=+1V35 Pin=C40-2
Added Pin To Net: NetName=GND Pin=C41-1
Added Pin To Net: NetName=+1V35 Pin=C41-2
Added Pin To Net: NetName=GND Pin=C42-1
Added Pin To Net: NetName=+1V35 Pin=C42-2
Added Pin To Net: NetName=GND Pin=C43-1
Added Pin To Net: NetName=+1V35 Pin=C43-2
Added Pin To Net: NetName=GND Pin=C44-1
Added Pin To Net: NetName=+1V35 Pin=C44-2
Added Pin To Net: NetName=GND Pin=C45-1
Added Pin To Net: NetName=+3V3/+1V8 Pin=C45-2
Added Pin To Net: NetName=GND Pin=C46-1
Added Pin To Net: NetName=+3V3/+1V8 Pin=C46-2
Added Pin To Net: NetName=GND Pin=C47-1
Added Pin To Net: NetName=+3V3/+1V8 Pin=C47-2
Added Pin To Net: NetName=GND Pin=C48-1
Added Pin To Net: NetName=+3V3/+1V8 Pin=C48-2
Added Pin To Net: NetName=GND Pin=C49-1
Added Pin To Net: NetName=+3V3/+1V8 Pin=C49-2
Added Pin To Net: NetName=GND Pin=C50-1
Added Pin To Net: NetName=+3V3/+1V8 Pin=C50-2
Added Pin To Net: NetName=GND Pin=C51-1
Added Pin To Net: NetName=+3V3/+1V8 Pin=C51-2
Added Pin To Net: NetName=+3V3 Pin=C52-1
Added Pin To Net: NetName=AGND Pin=C52-2
Added Pin To Net: NetName=AGND Pin=C53-1
Added Pin To Net: NetName=+1V25_VREF_ADC Pin=C53-2
Added Pin To Net: NetName=+1V25_VREF_ADC Pin=C54-1
Added Pin To Net: NetName=AGND Pin=C54-2
Added Pin To Net: NetName=ADC_IN_N Pin=C55-1
Added Pin To Net: NetName=ADC_IN_P Pin=C55-2
Added Pin To Net: NetName=GND Pin=C56-1
Added Pin To Net: NetName=+1V Pin=C56-2
Added Pin To Net: NetName=GND Pin=C57-1
Added Pin To Net: NetName=+1V Pin=C57-2
Added Pin To Net: NetName=GND Pin=C58-1
Added Pin To Net: NetName=+1V Pin=C58-2
Added Pin To Net: NetName=GND Pin=C59-1
Added Pin To Net: NetName=+1V Pin=C59-2
Added Pin To Net: NetName=GND Pin=C60-1
Added Pin To Net: NetName=+1V Pin=C60-2
Added Pin To Net: NetName=GND Pin=C61-1
Added Pin To Net: NetName=+1V Pin=C61-2
Added Pin To Net: NetName=GND Pin=C62-1
Added Pin To Net: NetName=+1V Pin=C62-2
Added Pin To Net: NetName=GND Pin=C63-1
Added Pin To Net: NetName=+1V Pin=C63-2
Added Pin To Net: NetName=GND Pin=C64-1
Added Pin To Net: NetName=+1V8 Pin=C64-2
Added Pin To Net: NetName=GND Pin=C65-1
Added Pin To Net: NetName=+1V8 Pin=C65-2
Added Pin To Net: NetName=GND Pin=C66-1
Added Pin To Net: NetName=+1V8 Pin=C66-2
Added Pin To Net: NetName=GND Pin=C67-1
Added Pin To Net: NetName=+1V8 Pin=C67-2
Added Pin To Net: NetName=GND Pin=C68-1
Added Pin To Net: NetName=+1V8 Pin=C68-2
Added Pin To Net: NetName=GND Pin=C69-1
Added Pin To Net: NetName=+1V8 Pin=C69-2
Added Pin To Net: NetName=NetD3_A Pin=D3-A
Added Pin To Net: NetName=GND Pin=D3-C
Added Pin To Net: NetName=+1V8' Pin=L3-1
Added Pin To Net: NetName=+1V8_VCC_ADC Pin=L3-2
Added Pin To Net: NetName=GND Pin=L4-1
Added Pin To Net: NetName=AGND Pin=L4-2
Added Pin To Net: NetName=DONE Pin=R14-1
Added Pin To Net: NetName=+3V3 Pin=R14-2
Added Pin To Net: NetName=NetD3_A Pin=R15-1
Added Pin To Net: NetName=DONE Pin=R15-2
Added Pin To Net: NetName=NetR16_1 Pin=R16-1
Added Pin To Net: NetName=NetR16_2 Pin=R16-2
Added Pin To Net: NetName=NetR16_3 Pin=R16-3
Added Pin To Net: NetName=NetR16_4 Pin=R16-4
Added Pin To Net: NetName=QSPI_DATA3 Pin=R16-5
Added Pin To Net: NetName=QSPI_DATA2 Pin=R16-6
Added Pin To Net: NetName=QSPI_DATA1 Pin=R16-7
Added Pin To Net: NetName=QSPI_DATA0 Pin=R16-8
Added Pin To Net: NetName=+3V3 Pin=R17-1
Added Pin To Net: NetName=NetR17_2 Pin=R17-2
Added Pin To Net: NetName=+3V3 Pin=R18-1
Added Pin To Net: NetName=PROGRAM_B Pin=R18-2
Added Pin To Net: NetName=NetR19_1 Pin=R19-1
Added Pin To Net: NetName=NetR19_2 Pin=R19-2
Added Pin To Net: NetName=NetR19_3 Pin=R19-3
Added Pin To Net: NetName=CONFIG_TCK Pin=R19-6
Added Pin To Net: NetName=CONFIG_TMS Pin=R19-7
Added Pin To Net: NetName=CONFIG_TDI Pin=R19-8
Added Pin To Net: NetName=ADC_IN_P Pin=R20-1
Added Pin To Net: NetName=IN_Filter_ADC_P Pin=R20-2
Added Pin To Net: NetName=ADC_IN_N Pin=R21-1
Added Pin To Net: NetName=IN_Filter_ADC_N Pin=R21-2
Added Pin To Net: NetName=GND Pin=U4-A1
Added Pin To Net: NetName=A2 Pin=U4-A2
Added Pin To Net: NetName=A3 Pin=U4-A3
Added Pin To Net: NetName=A4 Pin=U4-A4
Added Pin To Net: NetName=A5 Pin=U4-A5
Added Pin To Net: NetName=A6 Pin=U4-A7
Added Pin To Net: NetName=ADD3 Pin=U4-A8
Added Pin To Net: NetName=ADD4 Pin=U4-A9
Added Pin To Net: NetName=ADD6 Pin=U4-A10
Added Pin To Net: NetName=GND Pin=U4-A11
Added Pin To Net: NetName=ADD10 Pin=U4-A12
Added Pin To Net: NetName=ADD13 Pin=U4-A13
Added Pin To Net: NetName=ADD14 Pin=U4-A14
Added Pin To Net: NetName=DQ3 Pin=U4-A15
Added Pin To Net: NetName=+1V35 Pin=U4-A16
Added Pin To Net: NetName=B1 Pin=U4-B1
Added Pin To Net: NetName=B2 Pin=U4-B2
Added Pin To Net: NetName=B4 Pin=U4-B4
Added Pin To Net: NetName=B5 Pin=U4-B5
Added Pin To Net: NetName=B6 Pin=U4-B6
Added Pin To Net: NetName=B7 Pin=U4-B7
Added Pin To Net: NetName=GND Pin=U4-B8
Added Pin To Net: NetName=ADD5 Pin=U4-B9
Added Pin To Net: NetName=ADD7 Pin=U4-B10
Added Pin To Net: NetName=ADD8 Pin=U4-B11
Added Pin To Net: NetName=ADD9 Pin=U4-B12
Added Pin To Net: NetName=+1V35 Pin=U4-B13
Added Pin To Net: NetName=DQ1 Pin=U4-B14
Added Pin To Net: NetName=DQ2 Pin=U4-B15
Added Pin To Net: NetName=LDQS_P Pin=U4-B16
Added Pin To Net: NetName=C1 Pin=U4-C1
Added Pin To Net: NetName=C2 Pin=U4-C2
Added Pin To Net: NetName=C3 Pin=U4-C3
Added Pin To Net: NetName=C4 Pin=U4-C4
Added Pin To Net: NetName=GND Pin=U4-C5
Added Pin To Net: NetName=C6 Pin=U4-C6
Added Pin To Net: NetName=C7 Pin=U4-C7
Added Pin To Net: NetName=ADD1 Pin=U4-C8
Added Pin To Net: NetName=ADD2 Pin=U4-C9
Added Pin To Net: NetName=+1V35 Pin=U4-C10
Added Pin To Net: NetName=LDQS_N Pin=U4-C11
Added Pin To Net: NetName=UDQS_P Pin=U4-C12
Added Pin To Net: NetName=UDM Pin=U4-C13
Added Pin To Net: NetName=DQ0 Pin=U4-C14
Added Pin To Net: NetName=GND Pin=U4-C15
Added Pin To Net: NetName=LDM Pin=U4-C16
Added Pin To Net: NetName=D1 Pin=U4-D1
Added Pin To Net: NetName=GND Pin=U4-D2
Added Pin To Net: NetName=D3 Pin=U4-D3
Added Pin To Net: NetName=D4 Pin=U4-D4
Added Pin To Net: NetName=D5 Pin=U4-D5
Added Pin To Net: NetName=D6 Pin=U4-D6
Added Pin To Net: NetName=ADD11 Pin=U4-D8
Added Pin To Net: NetName=ADD12 Pin=U4-D9
Added Pin To Net: NetName=ADD0 Pin=U4-D10
Added Pin To Net: NetName=DQ13 Pin=U4-D11
Added Pin To Net: NetName=GND Pin=U4-D12
Added Pin To Net: NetName=UDQS_N Pin=U4-D13
Added Pin To Net: NetName=DQ14 Pin=U4-D14
Added Pin To Net: NetName=DQ15 Pin=U4-D15
Added Pin To Net: NetName=C\S\ Pin=U4-D16
Added Pin To Net: NetName=E1 Pin=U4-E1
Added Pin To Net: NetName=E2 Pin=U4-E2
Added Pin To Net: NetName=E3 Pin=U4-E3
Added Pin To Net: NetName=+3V3 Pin=U4-E4
Added Pin To Net: NetName=E5 Pin=U4-E5
Added Pin To Net: NetName=E6 Pin=U4-E6
Added Pin To Net: NetName=+3V3 Pin=U4-E7
Added Pin To Net: NetName=QSPI_CCLK Pin=U4-E8
Added Pin To Net: NetName=GND Pin=U4-E9
Added Pin To Net: NetName=+1V Pin=U4-E10
Added Pin To Net: NetName=DQ12 Pin=U4-E11
Added Pin To Net: NetName=DQ10 Pin=U4-E12
Added Pin To Net: NetName=DQ11 Pin=U4-E13
Added Pin To Net: NetName=+1V35 Pin=U4-E14
Added Pin To Net: NetName=C\A\S\ Pin=U4-E15
Added Pin To Net: NetName=BA2 Pin=U4-E16
Added Pin To Net: NetName=+3V3 Pin=U4-F1
Added Pin To Net: NetName=F2 Pin=U4-F2
Added Pin To Net: NetName=F3 Pin=U4-F3
Added Pin To Net: NetName=F4 Pin=U4-F4
Added Pin To Net: NetName=F5 Pin=U4-F5
Added Pin To Net: NetName=GND Pin=U4-F6
Added Pin To Net: NetName=+1V Pin=U4-F7
Added Pin To Net: NetName=GND Pin=U4-F8
Added Pin To Net: NetName=+1V Pin=U4-F9
Added Pin To Net: NetName=GND Pin=U4-F10
Added Pin To Net: NetName=+1V Pin=U4-F11
Added Pin To Net: NetName=BA0 Pin=U4-F12
Added Pin To Net: NetName=BA1 Pin=U4-F13
Added Pin To Net: NetName=CK_N Pin=U4-F14
Added Pin To Net: NetName=R\A\S\ Pin=U4-F15
Added Pin To Net: NetName=GND Pin=U4-F16
Added Pin To Net: NetName=G1 Pin=U4-G1
Added Pin To Net: NetName=G2 Pin=U4-G2
Added Pin To Net: NetName=GND Pin=U4-G3
Added Pin To Net: NetName=G4 Pin=U4-G4
Added Pin To Net: NetName=G5 Pin=U4-G5
Added Pin To Net: NetName=+1V Pin=U4-G6
Added Pin To Net: NetName=AGND Pin=U4-G7
Added Pin To Net: NetName=+1V8_VCC_ADC Pin=U4-G8
Added Pin To Net: NetName=GND Pin=U4-G9
Added Pin To Net: NetName=+1V8 Pin=U4-G10
Added Pin To Net: NetName=DQ9 Pin=U4-G11
Added Pin To Net: NetName=ODT Pin=U4-G12
Added Pin To Net: NetName=GND Pin=U4-G13
Added Pin To Net: NetName=CK_P Pin=U4-G14
Added Pin To Net: NetName=DQ8 Pin=U4-G15
Added Pin To Net: NetName=DQ4 Pin=U4-G16
Added Pin To Net: NetName=H1 Pin=U4-H1
Added Pin To Net: NetName=H2 Pin=U4-H2
Added Pin To Net: NetName=H3 Pin=U4-H3
Added Pin To Net: NetName=H4 Pin=U4-H4
Added Pin To Net: NetName=H5 Pin=U4-H5
Added Pin To Net: NetName=GND Pin=U4-H6
Added Pin To Net: NetName=AGND Pin=U4-H7
Added Pin To Net: NetName=ADC_IN_P Pin=U4-H8
Added Pin To Net: NetName=+1V Pin=U4-H9
Added Pin To Net: NetName=DONE Pin=U4-H10
Added Pin To Net: NetName=W\E\ Pin=U4-H11
Added Pin To Net: NetName=D\D\R\_\R\E\S\E\T\ Pin=U4-H13
Added Pin To Net: NetName=DQ7 Pin=U4-H14
Added Pin To Net: NetName=+1V35 Pin=U4-H15
Added Pin To Net: NetName=CKE Pin=U4-H16
Added Pin To Net: NetName=J1 Pin=U4-J1
Added Pin To Net: NetName=+3V3 Pin=U4-J2
Added Pin To Net: NetName=J3 Pin=U4-J3
Added Pin To Net: NetName=J4 Pin=U4-J4
Added Pin To Net: NetName=J5 Pin=U4-J5
Added Pin To Net: NetName=+1V Pin=U4-J6
Added Pin To Net: NetName=ADC_IN_N Pin=U4-J7
Added Pin To Net: NetName=+1V25_VREF_ADC Pin=U4-J8
Added Pin To Net: NetName=GND Pin=U4-J9
Added Pin To Net: NetName=+1V8 Pin=U4-J10
Added Pin To Net: NetName=GND Pin=U4-J11
Added Pin To Net: NetName=+1V35 Pin=U4-J12
Added Pin To Net: NetName=NetR16_1 Pin=U4-J13
Added Pin To Net: NetName=NetR16_2 Pin=U4-J14
Added Pin To Net: NetName=DQ5 Pin=U4-J15
Added Pin To Net: NetName=DQ6 Pin=U4-J16
Added Pin To Net: NetName=K1 Pin=U4-K1
Added Pin To Net: NetName=K2 Pin=U4-K2
Added Pin To Net: NetName=K3 Pin=U4-K3
Added Pin To Net: NetName=GND Pin=U4-K4
Added Pin To Net: NetName=K5 Pin=U4-K5
Added Pin To Net: NetName=GND Pin=U4-K6
Added Pin To Net: NetName=GND Pin=U4-K7
Added Pin To Net: NetName=GND Pin=U4-K8
Added Pin To Net: NetName=+1V Pin=U4-K9
Added Pin To Net: NetName=NetR17_2 Pin=U4-K10
Added Pin To Net: NetName=+1V8 Pin=U4-K11
Added Pin To Net: NetName=LED0 Pin=U4-K12
Added Pin To Net: NetName=LED3 Pin=U4-K13
Added Pin To Net: NetName=GND Pin=U4-K14
Added Pin To Net: NetName=NetR16_3 Pin=U4-K15
Added Pin To Net: NetName=NetR16_4 Pin=U4-K16
Added Pin To Net: NetName=GND Pin=U4-L1
Added Pin To Net: NetName=L2 Pin=U4-L2
Added Pin To Net: NetName=L3 Pin=U4-L3
Added Pin To Net: NetName=L4 Pin=U4-L4
Added Pin To Net: NetName=L5 Pin=U4-L5
Added Pin To Net: NetName=+3V3 Pin=U4-L6
Added Pin To Net: NetName=NetR19_3 Pin=U4-L7
Added Pin To Net: NetName=+1V Pin=U4-L8
Added Pin To Net: NetName=PROGRAM_B Pin=U4-L9
Added Pin To Net: NetName=+1V8 Pin=U4-L10
Added Pin To Net: NetName=GND Pin=U4-L11
Added Pin To Net: NetName=QSPI_\C\S\ Pin=U4-L12
Added Pin To Net: NetName=LED4 Pin=U4-L13
Added Pin To Net: NetName=LED1 Pin=U4-L14
Added Pin To Net: NetName=+3V3 Pin=U4-L15
Added Pin To Net: NetName=+3V3 Pin=U4-L16
Added Pin To Net: NetName=M1 Pin=U4-M1
Added Pin To Net: NetName=M2 Pin=U4-M2
Added Pin To Net: NetName=+3V3/+1V8 Pin=U4-M3
Added Pin To Net: NetName=M4 Pin=U4-M4
Added Pin To Net: NetName=N5 Pin=U4-M5
Added Pin To Net: NetName=M6 Pin=U4-M6
Added Pin To Net: NetName=NetR19_2 Pin=U4-M7
Added Pin To Net: NetName=GND Pin=U4-M8
Added Pin To Net: NetName=+3V3 Pin=U4-M9
Added Pin To Net: NetName=GND Pin=U4-M10
Added Pin To Net: NetName=GND Pin=U4-M11
Added Pin To Net: NetName=LED5 Pin=U4-M12
Added Pin To Net: NetName=+3V3 Pin=U4-M13
Added Pin To Net: NetName=LED2 Pin=U4-M14
Added Pin To Net: NetName=M15 Pin=U4-M15
Added Pin To Net: NetName=LED6 Pin=U4-M16
Added Pin To Net: NetName=N1 Pin=U4-N1
Added Pin To Net: NetName=N2 Pin=U4-N2
Added Pin To Net: NetName=N3 Pin=U4-N3
Added Pin To Net: NetName=N4 Pin=U4-N4
Added Pin To Net: NetName=GND Pin=U4-N5
Added Pin To Net: NetName=N6 Pin=U4-N6
Added Pin To Net: NetName=NetR19_1 Pin=U4-N7
Added Pin To Net: NetName=CONFIG_TDO Pin=U4-N8
Added Pin To Net: NetName=N9 Pin=U4-N9
Added Pin To Net: NetName=+3V3 Pin=U4-N10
Added Pin To Net: NetName=N11 Pin=U4-N11
Added Pin To Net: NetName=N12 Pin=U4-N12
Added Pin To Net: NetName=N13 Pin=U4-N13
Added Pin To Net: NetName=100MHz Pin=U4-N14
Added Pin To Net: NetName=GND Pin=U4-N15
Added Pin To Net: NetName=LED7 Pin=U4-N16
Added Pin To Net: NetName=P1 Pin=U4-P1
Added Pin To Net: NetName=GND Pin=U4-P2
Added Pin To Net: NetName=P3 Pin=U4-P3
Added Pin To Net: NetName=P4 Pin=U4-P4
Added Pin To Net: NetName=P5 Pin=U4-P5
Added Pin To Net: NetName=RESET Pin=U4-P6
Added Pin To Net: NetName=+3V3 Pin=U4-P7
Added Pin To Net: NetName=P8 Pin=U4-P8
Added Pin To Net: NetName=P9 Pin=U4-P9
Added Pin To Net: NetName=P10 Pin=U4-P10
Added Pin To Net: NetName=P11 Pin=U4-P11
Added Pin To Net: NetName=GND Pin=U4-P12
Added Pin To Net: NetName=P13 Pin=U4-P13
Added Pin To Net: NetName=P14 Pin=U4-P14
Added Pin To Net: NetName=UART_TX Pin=U4-P15
Added Pin To Net: NetName=UART_RX Pin=U4-P16
Added Pin To Net: NetName=R1 Pin=U4-R1
Added Pin To Net: NetName=R2 Pin=U4-R2
Added Pin To Net: NetName=R3 Pin=U4-R3
Added Pin To Net: NetName=+3V3/+1V8 Pin=U4-R4
Added Pin To Net: NetName=R5 Pin=U4-R5
Added Pin To Net: NetName=R6 Pin=U4-R6
Added Pin To Net: NetName=R7 Pin=U4-R7
Added Pin To Net: NetName=R8 Pin=U4-R8
Added Pin To Net: NetName=GND Pin=U4-R9
Added Pin To Net: NetName=R10 Pin=U4-R10
Added Pin To Net: NetName=R11 Pin=U4-R11
Added Pin To Net: NetName=R12 Pin=U4-R12
Added Pin To Net: NetName=R13 Pin=U4-R13
Added Pin To Net: NetName=+3V3 Pin=U4-R14
Added Pin To Net: NetName=R15 Pin=U4-R15
Added Pin To Net: NetName=R16 Pin=U4-R16
Added Pin To Net: NetName=+3V3/+1V8 Pin=U4-T1
Added Pin To Net: NetName=T2 Pin=U4-T2
Added Pin To Net: NetName=T3 Pin=U4-T3
Added Pin To Net: NetName=T4 Pin=U4-T4
Added Pin To Net: NetName=T5 Pin=U4-T5
Added Pin To Net: NetName=GND Pin=U4-T6
Added Pin To Net: NetName=T7 Pin=U4-T7
Added Pin To Net: NetName=T8 Pin=U4-T8
Added Pin To Net: NetName=T9 Pin=U4-T9
Added Pin To Net: NetName=T10 Pin=U4-T10
Added Pin To Net: NetName=+3V3 Pin=U4-T11
Added Pin To Net: NetName=T12 Pin=U4-T12
Added Pin To Net: NetName=T13 Pin=U4-T13
Added Pin To Net: NetName=T14 Pin=U4-T14
Added Pin To Net: NetName=T15 Pin=U4-T15
Added Pin To Net: NetName=GND Pin=U4-T16
Added Pin To Net: NetName=+3V3 Pin=U5-1
Added Pin To Net: NetName=+1V25_VREF_ADC Pin=U5-2
Added Pin To Net: NetName=AGND Pin=U5-3
Added Member To Class: ClassName=U_FPGA_Power&Ports Member=Component C20 0.47uF
Added Member To Class: ClassName=U_FPGA_Power&Ports Member=Component C21 0.47uF
Added Member To Class: ClassName=U_FPGA_Power&Ports Member=Component C22 0.47uF
Added Member To Class: ClassName=U_FPGA_Power&Ports Member=Component C23 0.47uF
Added Member To Class: ClassName=U_FPGA_Power&Ports Member=Component C24 4.7uF
Added Member To Class: ClassName=U_FPGA_Power&Ports Member=Component C25 4.7uF
Added Member To Class: ClassName=U_FPGA_Power&Ports Member=Component C26 47uF
Added Member To Class: ClassName=U_FPGA_Power&Ports Member=Component C27 0.47uF
Added Member To Class: ClassName=U_FPGA_Power&Ports Member=Component C28 0.47uF
Added Member To Class: ClassName=U_FPGA_Power&Ports Member=Component C29 0.47uF
Added Member To Class: ClassName=U_FPGA_Power&Ports Member=Component C30 0.47uF
Added Member To Class: ClassName=U_FPGA_Power&Ports Member=Component C31 4.7uF
Added Member To Class: ClassName=U_FPGA_Power&Ports Member=Component C32 4.7uF
Added Member To Class: ClassName=U_FPGA_Power&Ports Member=Component C33 47uF
Added Member To Class: ClassName=U_FPGA_Power&Ports Member=Component C34 47uF
Added Member To Class: ClassName=U_FPGA_Power&Ports Member=Component C35 4.7uF
Added Member To Class: ClassName=U_FPGA_Power&Ports Member=Component C36 0.47uF
Added Member To Class: ClassName=U_FPGA_Power&Ports Member=Component C37 0.1uF
Added Member To Class: ClassName=U_FPGA_Power&Ports Member=Component C38 0.47uF
Added Member To Class: ClassName=U_FPGA_Power&Ports Member=Component C39 0.47uF
Added Member To Class: ClassName=U_FPGA_Power&Ports Member=Component C40 0.47uF
Added Member To Class: ClassName=U_FPGA_Power&Ports Member=Component C41 0.47uF
Added Member To Class: ClassName=U_FPGA_Power&Ports Member=Component C42 4.7uF
Added Member To Class: ClassName=U_FPGA_Power&Ports Member=Component C43 4.7uF
Added Member To Class: ClassName=U_FPGA_Power&Ports Member=Component C44 47uF
Added Member To Class: ClassName=U_FPGA_Power&Ports Member=Component C45 0.47uF
Added Member To Class: ClassName=U_FPGA_Power&Ports Member=Component C46 0.47uF
Added Member To Class: ClassName=U_FPGA_Power&Ports Member=Component C47 0.47uF
Added Member To Class: ClassName=U_FPGA_Power&Ports Member=Component C48 0.47uF
Added Member To Class: ClassName=U_FPGA_Power&Ports Member=Component C49 4.7uF
Added Member To Class: ClassName=U_FPGA_Power&Ports Member=Component C50 4.7uF
Added Member To Class: ClassName=U_FPGA_Power&Ports Member=Component C51 47uF
Added Member To Class: ClassName=U_FPGA_Power&Ports Member=Component C52 0.1uF
Added Member To Class: ClassName=U_FPGA_Power&Ports Member=Component C53 10uF
Added Member To Class: ClassName=U_FPGA_Power&Ports Member=Component C54 0.1uF
Added Member To Class: ClassName=U_FPGA_Power&Ports Member=Component C55 1nF
Added Member To Class: ClassName=U_FPGA_Power&Ports Member=Component C56 0.47uF
Added Member To Class: ClassName=U_FPGA_Power&Ports Member=Component C57 0.47uF
Added Member To Class: ClassName=U_FPGA_Power&Ports Member=Component C58 0.47uF
Added Member To Class: ClassName=U_FPGA_Power&Ports Member=Component C59 4.7uF
Added Member To Class: ClassName=U_FPGA_Power&Ports Member=Component C60 4.7uF
Added Member To Class: ClassName=U_FPGA_Power&Ports Member=Component C61 100uF
Added Member To Class: ClassName=U_FPGA_Power&Ports Member=Component C62 0.47uF
Added Member To Class: ClassName=U_FPGA_Power&Ports Member=Component C63 47uF
Added Member To Class: ClassName=U_FPGA_Power&Ports Member=Component C64 0.47uF
Added Member To Class: ClassName=U_FPGA_Power&Ports Member=Component C65 0.47uF
Added Member To Class: ClassName=U_FPGA_Power&Ports Member=Component C66 0.47uF
Added Member To Class: ClassName=U_FPGA_Power&Ports Member=Component C67 4.7uF
Added Member To Class: ClassName=U_FPGA_Power&Ports Member=Component C68 4.7uF
Added Member To Class: ClassName=U_FPGA_Power&Ports Member=Component C69 47uF
Added Member To Class: ClassName=U_FPGA_Power&Ports Member=Component D3 597-3305-607F
Added Member To Class: ClassName=U_FPGA_Power&Ports Member=Component L3 HZ0603C651R-10
Added Member To Class: ClassName=U_FPGA_Power&Ports Member=Component L4 HZ0603C651R-10
Added Member To Class: ClassName=U_FPGA_Power&Ports Member=Component R14 200R
Added Member To Class: ClassName=U_FPGA_Power&Ports Member=Component R15 165R
Added Member To Class: ClassName=U_FPGA_Power&Ports Member=Component R16 100
Added Member To Class: ClassName=U_FPGA_Power&Ports Member=Component R17 4.7 k
Added Member To Class: ClassName=U_FPGA_Power&Ports Member=Component R18 4.7 k
Added Member To Class: ClassName=U_FPGA_Power&Ports Member=Component R19 100
Added Member To Class: ClassName=U_FPGA_Power&Ports Member=Component R20 78R7
Added Member To Class: ClassName=U_FPGA_Power&Ports Member=Component R21 78R7
Added Member To Class: ClassName=U_FPGA_Power&Ports Member=Component U4 XC7A35TFTG256
Added Member To Class: ClassName=U_FPGA_Power&Ports Member=Component U5 REF3012
Added Room: Name=U_Bank_A-B-C-D
Added Room: Name=U_DDR_Memory
Added Room: Name=U_FPGA_Power&Ports
Added Room: Name=U_Leds_and_Buttons
Added Room: Name=U_USB_Port_FTT
