Replace Part C81 C0805C106M3PACTU in E:\Santiago\Diseño PCB\Proyecto0\Proyecto0\Power_Supply.SchDoc with C0805C106M3PACTU from Pasivos.IntLib
Replace Part C82 C0805C106M3PACTU in E:\Santiago\Diseño PCB\Proyecto0\Proyecto0\Power_Supply.SchDoc with C0805C106M3PACTU from Pasivos.IntLib
Replace Part C83 C0805C106M3PACTU in E:\Santiago\Diseño PCB\Proyecto0\Proyecto0\Power_Supply.SchDoc with C0805C106M3PACTU from Pasivos.IntLib
Replace Part C84 C0805C106M3PACTU in E:\Santiago\Diseño PCB\Proyecto0\Proyecto0\Power_Supply.SchDoc with C0805C106M3PACTU from Pasivos.IntLib
Replace Part C85 C0402C104K4RAC in E:\Santiago\Diseño PCB\Proyecto0\Proyecto0\Power_Supply.SchDoc with C0402C104K4RAC from Pasivos.IntLib
Replace Part C86 CL21A476MQYNNNE in E:\Santiago\Diseño PCB\Proyecto0\Proyecto0\Power_Supply.SchDoc with CL21A476MQYNNNE from Pasivos.IntLib
Replace Part C87 CL21A476MQYNNNE in E:\Santiago\Diseño PCB\Proyecto0\Proyecto0\Power_Supply.SchDoc with CL21A476MQYNNNE from Pasivos.IntLib
Replace Part C88 C0402C272K5RAC in E:\Santiago\Diseño PCB\Proyecto0\Proyecto0\Power_Supply.SchDoc with C0402C272K5RAC from Pasivos.IntLib
Replace Part C89 C0402C104K4RAC in E:\Santiago\Diseño PCB\Proyecto0\Proyecto0\Power_Supply.SchDoc with C0402C104K4RAC from Pasivos.IntLib
Replace Part C90 CL21A476MQYNNNE in E:\Santiago\Diseño PCB\Proyecto0\Proyecto0\Power_Supply.SchDoc with CL21A476MQYNNNE from Pasivos.IntLib
Replace Part C91 CL21A476MQYNNNE in E:\Santiago\Diseño PCB\Proyecto0\Proyecto0\Power_Supply.SchDoc with CL21A476MQYNNNE from Pasivos.IntLib
Replace Part C92 C0402C272K5RAC in E:\Santiago\Diseño PCB\Proyecto0\Proyecto0\Power_Supply.SchDoc with C0402C272K5RAC from Pasivos.IntLib
Replace Part C93 C0402C104K4RAC in E:\Santiago\Diseño PCB\Proyecto0\Proyecto0\Power_Supply.SchDoc with C0402C104K4RAC from Pasivos.IntLib
Replace Part C94 GRM188R60J226MEA0D in E:\Santiago\Diseño PCB\Proyecto0\Proyecto0\Power_Supply.SchDoc with GRM188R60J226MEA0D from Pasivos.IntLib
Replace Part C95 C0402C272K5RAC in E:\Santiago\Diseño PCB\Proyecto0\Proyecto0\Power_Supply.SchDoc with C0402C272K5RAC from Pasivos.IntLib
Replace Part C96 C0402C104K4RAC in E:\Santiago\Diseño PCB\Proyecto0\Proyecto0\Power_Supply.SchDoc with C0402C104K4RAC from Pasivos.IntLib
Replace Part C97 GRM188R60J226MEA0D in E:\Santiago\Diseño PCB\Proyecto0\Proyecto0\Power_Supply.SchDoc with GRM188R60J226MEA0D from Pasivos.IntLib
Replace Part C98 C0402C272K5RAC in E:\Santiago\Diseño PCB\Proyecto0\Proyecto0\Power_Supply.SchDoc with C0402C272K5RAC from Pasivos.IntLib
Replace Part C100 C0402C105K4RAC in E:\Santiago\Diseño PCB\Proyecto0\Proyecto0\Power_Supply.SchDoc with C0402C105K4RAC from Pasivos.IntLib
Replace Part C102 C0402C105K4RAC in E:\Santiago\Diseño PCB\Proyecto0\Proyecto0\Power_Supply.SchDoc with C0402C105K4RAC from Pasivos.IntLib
Replace Part C103 C0402C104K4RAC in E:\Santiago\Diseño PCB\Proyecto0\Proyecto0\Power_Supply.SchDoc with C0402C104K4RAC from Pasivos.IntLib
Replace Part L5 XFL4020-332 in E:\Santiago\Diseño PCB\Proyecto0\Proyecto0\Power_Supply.SchDoc with XFL4020-332 from Pasivos.IntLib
Replace Part L6 XFL4020-152 in E:\Santiago\Diseño PCB\Proyecto0\Proyecto0\Power_Supply.SchDoc with XFL4020-152 from Pasivos.IntLib
Replace Part L7 XAL4030-682MEC in E:\Santiago\Diseño PCB\Proyecto0\Proyecto0\Power_Supply.SchDoc with XAL4030-682MEC from Pasivos.IntLib
Replace Part L8 XFL4020-332 in E:\Santiago\Diseño PCB\Proyecto0\Proyecto0\Power_Supply.SchDoc with XFL4020-332 from Pasivos.IntLib
Replace Part R30 CRCW040231K6FK in E:\Santiago\Diseño PCB\Proyecto0\Proyecto0\Power_Supply.SchDoc with CRCW040231K6FK from Pasivos.IntLib
Replace Part R31 CRCW040210K2FK in E:\Santiago\Diseño PCB\Proyecto0\Proyecto0\Power_Supply.SchDoc with CRCW040210K2FK from Pasivos.IntLib
Replace Part R32 CRCW040215K0FK in E:\Santiago\Diseño PCB\Proyecto0\Proyecto0\Power_Supply.SchDoc with CRCW040215K0FK from Pasivos.IntLib
Replace Part R33 CRCW04022K49FK in E:\Santiago\Diseño PCB\Proyecto0\Proyecto0\Power_Supply.SchDoc with CRCW04022K49FK from Pasivos.IntLib
Replace Part R34 CRCW040210K0FK in E:\Santiago\Diseño PCB\Proyecto0\Proyecto0\Power_Supply.SchDoc with CRCW040210K0FK from Pasivos.IntLib
Replace Part R36 CRCW040210K0FK in E:\Santiago\Diseño PCB\Proyecto0\Proyecto0\Power_Supply.SchDoc with CRCW040210K0FK from Pasivos.IntLib
Replace Part R37 CRCW040212K7FK in E:\Santiago\Diseño PCB\Proyecto0\Proyecto0\Power_Supply.SchDoc with CRCW040212K7FK from Pasivos.IntLib
Replace Part R38 CRCW040210K2FK in E:\Santiago\Diseño PCB\Proyecto0\Proyecto0\Power_Supply.SchDoc with CRCW040210K2FK from Pasivos.IntLib
Replace Part R39 CRCW040210K0FK in E:\Santiago\Diseño PCB\Proyecto0\Proyecto0\Power_Supply.SchDoc with CRCW040210K0FK from Pasivos.IntLib
Replace Part R40 CRCW04026K65FK in E:\Santiago\Diseño PCB\Proyecto0\Proyecto0\Power_Supply.SchDoc with CRCW04026K65FK from Pasivos.IntLib
Replace Part R41 CRCW040210K0FK in E:\Santiago\Diseño PCB\Proyecto0\Proyecto0\Power_Supply.SchDoc with CRCW040210K0FK from Pasivos.IntLib
Replace Part R42 CRCW040210K0FK in E:\Santiago\Diseño PCB\Proyecto0\Proyecto0\Power_Supply.SchDoc with CRCW040210K0FK from Pasivos.IntLib
Replace Part R43 CRCW04024K99FK in E:\Santiago\Diseño PCB\Proyecto0\Proyecto0\Power_Supply.SchDoc with CRCW04024K99FK from Pasivos.IntLib
Replace Part R44 CRCW04021K91FK in E:\Santiago\Diseño PCB\Proyecto0\Proyecto0\Power_Supply.SchDoc with CRCW04021K91FK from Pasivos.IntLib
Replace Part R45 CRCW040231K6FK in E:\Santiago\Diseño PCB\Proyecto0\Proyecto0\Power_Supply.SchDoc with CRCW040231K6FK from Pasivos.IntLib
Replace Part U7 ADP5052 in E:\Santiago\Diseño PCB\Proyecto0\Proyecto0\Power_Supply.SchDoc with ADP5052 from Integrated_Circuits.IntLib
Replace Part U8 FDS8949 in E:\Santiago\Diseño PCB\Proyecto0\Proyecto0\Power_Supply.SchDoc with FDS8949 from Integrated_Circuits.IntLib
Replace Part U8 FDS8949 in E:\Santiago\Diseño PCB\Proyecto0\Proyecto0\Power_Supply.SchDoc with FDS8949 from Integrated_Circuits.IntLib
Replace Part U9 BD2204GUL in E:\Santiago\Diseño PCB\Proyecto0\Proyecto0\Power_Supply.SchDoc with BD2204GUL from Integrated_Circuits.IntLib
