Replace Part C? C0603C104K4RAC7867 in C:\Users\santi\OneDrive\Documentos\PCB_Design\Proyecto0\Proyecto0\Power_Supply.SchDoc with C0603C104K4RAC7867 from Pasivos.IntLib
Replace Part C? C0603C104K4RAC7867 in C:\Users\santi\OneDrive\Documentos\PCB_Design\Proyecto0\Proyecto0\Power_Supply.SchDoc with C0603C104K4RAC7867 from Pasivos.IntLib
Replace Part C? C0603C104K4RAC7867 in C:\Users\santi\OneDrive\Documentos\PCB_Design\Proyecto0\Proyecto0\Power_Supply.SchDoc with C0603C104K4RAC7867 from Pasivos.IntLib
Replace Part C? C0603C104K4RAC7867 in C:\Users\santi\OneDrive\Documentos\PCB_Design\Proyecto0\Proyecto0\Power_Supply.SchDoc with C0603C104K4RAC7867 from Pasivos.IntLib
Replace Part C? CL21A476MQYNNNE in C:\Users\santi\OneDrive\Documentos\PCB_Design\Proyecto0\Proyecto0\Power_Supply.SchDoc with CL21A476MQYNNNE from Pasivos.IntLib
Replace Part C? CL21A476MQYNNNE in C:\Users\santi\OneDrive\Documentos\PCB_Design\Proyecto0\Proyecto0\Power_Supply.SchDoc with CL21A476MQYNNNE from Pasivos.IntLib
Replace Part C? CL21A476MQYNNNE in C:\Users\santi\OneDrive\Documentos\PCB_Design\Proyecto0\Proyecto0\Power_Supply.SchDoc with CL21A476MQYNNNE from Pasivos.IntLib
Replace Part C? CL21A476MQYNNNE in C:\Users\santi\OneDrive\Documentos\PCB_Design\Proyecto0\Proyecto0\Power_Supply.SchDoc with CL21A476MQYNNNE from Pasivos.IntLib
Replace Part C? GRM188R60J226MEA0D in C:\Users\santi\OneDrive\Documentos\PCB_Design\Proyecto0\Proyecto0\Power_Supply.SchDoc with GRM188R60J226MEA0D from Pasivos.IntLib
Replace Part C? GRM188R60J226MEA0D in C:\Users\santi\OneDrive\Documentos\PCB_Design\Proyecto0\Proyecto0\Power_Supply.SchDoc with GRM188R60J226MEA0D from Pasivos.IntLib
Replace Part C? C0603C106M9PAC7867 in C:\Users\santi\OneDrive\Documentos\PCB_Design\Proyecto0\Proyecto0\Power_Supply.SchDoc with C0603C106M9PAC7867 from Pasivos.IntLib
Replace Part C? C0603C105K4RAC7867 in C:\Users\santi\OneDrive\Documentos\PCB_Design\Proyecto0\Proyecto0\Power_Supply.SchDoc with C0603C105K4RAC7867 from Pasivos.IntLib
Replace Part C? C0603C272K5RAC7867 in C:\Users\santi\OneDrive\Documentos\PCB_Design\Proyecto0\Proyecto0\Power_Supply.SchDoc with C0603C272K5RAC7867 from Pasivos.IntLib
Replace Part C? C0603C272K5RAC7867 in C:\Users\santi\OneDrive\Documentos\PCB_Design\Proyecto0\Proyecto0\Power_Supply.SchDoc with C0603C272K5RAC7867 from Pasivos.IntLib
Replace Part C? C0603C272K5RAC7867 in C:\Users\santi\OneDrive\Documentos\PCB_Design\Proyecto0\Proyecto0\Power_Supply.SchDoc with C0603C272K5RAC7867 from Pasivos.IntLib
Replace Part C? C0603C272K5RAC7867 in C:\Users\santi\OneDrive\Documentos\PCB_Design\Proyecto0\Proyecto0\Power_Supply.SchDoc with C0603C272K5RAC7867 from Pasivos.IntLib
Replace Part C? C0603C106M9PAC7867 in C:\Users\santi\OneDrive\Documentos\PCB_Design\Proyecto0\Proyecto0\Power_Supply.SchDoc with C0603C106M9PAC7867 from Pasivos.IntLib
Replace Part C? C0603C106M9PAC7867 in C:\Users\santi\OneDrive\Documentos\PCB_Design\Proyecto0\Proyecto0\Power_Supply.SchDoc with C0603C106M9PAC7867 from Pasivos.IntLib
Replace Part C? C0603C106M9PAC7867 in C:\Users\santi\OneDrive\Documentos\PCB_Design\Proyecto0\Proyecto0\Power_Supply.SchDoc with C0603C106M9PAC7867 from Pasivos.IntLib
Replace Part C? C0603C106M9PAC7867 in C:\Users\santi\OneDrive\Documentos\PCB_Design\Proyecto0\Proyecto0\Power_Supply.SchDoc with C0603C106M9PAC7867 from Pasivos.IntLib
Replace Part C? C0603C105K4RAC7867 in C:\Users\santi\OneDrive\Documentos\PCB_Design\Proyecto0\Proyecto0\Power_Supply.SchDoc with C0603C105K4RAC7867 from Pasivos.IntLib
Replace Part C? C0603C105K4RAC7867 in C:\Users\santi\OneDrive\Documentos\PCB_Design\Proyecto0\Proyecto0\Power_Supply.SchDoc with C0603C105K4RAC7867 from Pasivos.IntLib
Replace Part C? C0603C104K4RAC7867 in C:\Users\santi\OneDrive\Documentos\PCB_Design\Proyecto0\Proyecto0\Power_Supply.SchDoc with C0603C104K4RAC7867 from Pasivos.IntLib
Replace Part L? XAL4030-682MEC in C:\Users\santi\OneDrive\Documentos\PCB_Design\Proyecto0\Proyecto0\Power_Supply.SchDoc with XAL4030-682MEC from Pasivos.IntLib
Replace Part L? XFL4020-332 in C:\Users\santi\OneDrive\Documentos\PCB_Design\Proyecto0\Proyecto0\Power_Supply.SchDoc with XFL4020-332 from Pasivos.IntLib
Replace Part L? XFL4020-332 in C:\Users\santi\OneDrive\Documentos\PCB_Design\Proyecto0\Proyecto0\Power_Supply.SchDoc with XFL4020-332 from Pasivos.IntLib
Replace Part L? XFL4020-152 in C:\Users\santi\OneDrive\Documentos\PCB_Design\Proyecto0\Proyecto0\Power_Supply.SchDoc with XFL4020-152 from Pasivos.IntLib
Replace Part R? CRCW060331K6FKEA in C:\Users\santi\OneDrive\Documentos\PCB_Design\Proyecto0\Proyecto0\Power_Supply.SchDoc with CRCW060331K6FKEA from Pasivos.IntLib
Replace Part R? CRCW060331K6FKEA in C:\Users\santi\OneDrive\Documentos\PCB_Design\Proyecto0\Proyecto0\Power_Supply.SchDoc with CRCW060331K6FKEA from Pasivos.IntLib
Replace Part R? CRCW060310K2FKEA in C:\Users\santi\OneDrive\Documentos\PCB_Design\Proyecto0\Proyecto0\Power_Supply.SchDoc with CRCW060310K2FKEA from Pasivos.IntLib
Replace Part R? CRCW06032K49FKEA in C:\Users\santi\OneDrive\Documentos\PCB_Design\Proyecto0\Proyecto0\Power_Supply.SchDoc with CRCW06032K49FKEA from Pasivos.IntLib
Replace Part R? CRCW060310K0FKEA in C:\Users\santi\OneDrive\Documentos\PCB_Design\Proyecto0\Proyecto0\Power_Supply.SchDoc with CRCW060310K0FKEA from Pasivos.IntLib
Replace Part R? CRCW060312K7FKEA in C:\Users\santi\OneDrive\Documentos\PCB_Design\Proyecto0\Proyecto0\Power_Supply.SchDoc with CRCW060312K7FKEA from Pasivos.IntLib
Replace Part R? CRCW060310K2FKEA in C:\Users\santi\OneDrive\Documentos\PCB_Design\Proyecto0\Proyecto0\Power_Supply.SchDoc with CRCW060310K2FKEA from Pasivos.IntLib
Replace Part R? CRCW06036K65FKEA in C:\Users\santi\OneDrive\Documentos\PCB_Design\Proyecto0\Proyecto0\Power_Supply.SchDoc with CRCW06036K65FKEA from Pasivos.IntLib
Replace Part R? CRCW060310K0FKEA in C:\Users\santi\OneDrive\Documentos\PCB_Design\Proyecto0\Proyecto0\Power_Supply.SchDoc with CRCW060310K0FKEA from Pasivos.IntLib
Replace Part R? CRCW06034K99FKEA in C:\Users\santi\OneDrive\Documentos\PCB_Design\Proyecto0\Proyecto0\Power_Supply.SchDoc with CRCW06034K99FKEA from Pasivos.IntLib
Replace Part R? CRCW06031K91FKEA in C:\Users\santi\OneDrive\Documentos\PCB_Design\Proyecto0\Proyecto0\Power_Supply.SchDoc with CRCW06031K91FKEA from Pasivos.IntLib
Replace Part R? CRCW060315K0FKEA in C:\Users\santi\OneDrive\Documentos\PCB_Design\Proyecto0\Proyecto0\Power_Supply.SchDoc with CRCW060315K0FKEA from Pasivos.IntLib
Replace Part R? CRCW060310K0FKEA in C:\Users\santi\OneDrive\Documentos\PCB_Design\Proyecto0\Proyecto0\Power_Supply.SchDoc with CRCW060310K0FKEA from Pasivos.IntLib
Replace Part R? CRCW060310K0FKEA in C:\Users\santi\OneDrive\Documentos\PCB_Design\Proyecto0\Proyecto0\Power_Supply.SchDoc with CRCW060310K0FKEA from Pasivos.IntLib
Replace Part R? CRCW060310K0FKEA in C:\Users\santi\OneDrive\Documentos\PCB_Design\Proyecto0\Proyecto0\Power_Supply.SchDoc with CRCW060310K0FKEA from Pasivos.IntLib
Replace Part R? CRCW060312K7FKEA in C:\Users\santi\OneDrive\Documentos\PCB_Design\Proyecto0\Proyecto0\Power_Supply.SchDoc with CRCW060312K7FKEA from Pasivos.IntLib
Replace Part R? CRCW06036K65FKEA in C:\Users\santi\OneDrive\Documentos\PCB_Design\Proyecto0\Proyecto0\Power_Supply.SchDoc with CRCW06036K65FKEA from Pasivos.IntLib
Replace Part R? CRCW06031K00FKEA in C:\Users\santi\OneDrive\Documentos\PCB_Design\Proyecto0\Proyecto0\Power_Supply.SchDoc with CRCW06031K00FKEA from Pasivos.IntLib
Replace Part R? CRCW060310K0FKEA in C:\Users\santi\OneDrive\Documentos\PCB_Design\Proyecto0\Proyecto0\Power_Supply.SchDoc with CRCW060310K0FKEA from Pasivos.IntLib
Replace Part R? CRCW06039K31FKEA in C:\Users\santi\OneDrive\Documentos\PCB_Design\Proyecto0\Proyecto0\Power_Supply.SchDoc with CRCW06039K31FKEA from Pasivos.IntLib
Replace Part R? CRCW060310K0FKEA in C:\Users\santi\OneDrive\Documentos\PCB_Design\Proyecto0\Proyecto0\Power_Supply.SchDoc with CRCW060310K0FKEA from Pasivos.IntLib
Replace Part R? CRCW060347K0FKEA in C:\Users\santi\OneDrive\Documentos\PCB_Design\Proyecto0\Proyecto0\Power_Supply.SchDoc with CRCW060347K0FKEA from Pasivos.IntLib
Replace Part U? ADP5052 in C:\Users\santi\OneDrive\Documentos\PCB_Design\Proyecto0\Proyecto0\Power_Supply.SchDoc with ADP5052 from Integrated_Circuits.IntLib
Replace Part U? BD2204GUL in C:\Users\santi\OneDrive\Documentos\PCB_Design\Proyecto0\Proyecto0\Power_Supply.SchDoc with BD2204GUL from Integrated_Circuits.IntLib
Replace Part U? FDS8949 in C:\Users\santi\OneDrive\Documentos\PCB_Design\Proyecto0\Proyecto0\Power_Supply.SchDoc with FDS8949 from Integrated_Circuits.IntLib
Replace Part U? FDS8949 in C:\Users\santi\OneDrive\Documentos\PCB_Design\Proyecto0\Proyecto0\Power_Supply.SchDoc with FDS8949 from Integrated_Circuits.IntLib
