Replace Part C81 C0603C106M9PAC7867 in C:\Users\santi\OneDrive\Documentos\PCB_Design\Proyecto0\Proyecto0\Power_Supply.SchDoc with C0603C106M9PAC7867 from Pasivos.IntLib
Replace Part C82 C0603C106M9PAC7867 in C:\Users\santi\OneDrive\Documentos\PCB_Design\Proyecto0\Proyecto0\Power_Supply.SchDoc with C0603C106M9PAC7867 from Pasivos.IntLib
Replace Part C83 C0603C106M9PAC7867 in C:\Users\santi\OneDrive\Documentos\PCB_Design\Proyecto0\Proyecto0\Power_Supply.SchDoc with C0603C106M9PAC7867 from Pasivos.IntLib
Replace Part C84 C0603C106M9PAC7867 in C:\Users\santi\OneDrive\Documentos\PCB_Design\Proyecto0\Proyecto0\Power_Supply.SchDoc with C0603C106M9PAC7867 from Pasivos.IntLib
Replace Part C85 C0603C104K4RAC7867 in C:\Users\santi\OneDrive\Documentos\PCB_Design\Proyecto0\Proyecto0\Power_Supply.SchDoc with C0603C104K4RAC7867 from Pasivos.IntLib
Replace Part C86 CL21A476MQYNNNE in C:\Users\santi\OneDrive\Documentos\PCB_Design\Proyecto0\Proyecto0\Power_Supply.SchDoc with CL21A476MQYNNNE from Pasivos.IntLib
Replace Part C87 CL21A476MQYNNNE in C:\Users\santi\OneDrive\Documentos\PCB_Design\Proyecto0\Proyecto0\Power_Supply.SchDoc with CL21A476MQYNNNE from Pasivos.IntLib
Replace Part C88 C0603C272K5RAC7867 in C:\Users\santi\OneDrive\Documentos\PCB_Design\Proyecto0\Proyecto0\Power_Supply.SchDoc with C0603C272K5RAC7867 from Pasivos.IntLib
Replace Part C89 C0603C104K4RAC7867 in C:\Users\santi\OneDrive\Documentos\PCB_Design\Proyecto0\Proyecto0\Power_Supply.SchDoc with C0603C104K4RAC7867 from Pasivos.IntLib
Replace Part C90 CL21A476MQYNNNE in C:\Users\santi\OneDrive\Documentos\PCB_Design\Proyecto0\Proyecto0\Power_Supply.SchDoc with CL21A476MQYNNNE from Pasivos.IntLib
Replace Part C91 CL21A476MQYNNNE in C:\Users\santi\OneDrive\Documentos\PCB_Design\Proyecto0\Proyecto0\Power_Supply.SchDoc with CL21A476MQYNNNE from Pasivos.IntLib
Replace Part C92 C0603C272K5RAC7867 in C:\Users\santi\OneDrive\Documentos\PCB_Design\Proyecto0\Proyecto0\Power_Supply.SchDoc with C0603C272K5RAC7867 from Pasivos.IntLib
Replace Part C93 C0603C104K4RAC7867 in C:\Users\santi\OneDrive\Documentos\PCB_Design\Proyecto0\Proyecto0\Power_Supply.SchDoc with C0603C104K4RAC7867 from Pasivos.IntLib
Replace Part C94 GRM188R60J226MEA0D in C:\Users\santi\OneDrive\Documentos\PCB_Design\Proyecto0\Proyecto0\Power_Supply.SchDoc with GRM188R60J226MEA0D from Pasivos.IntLib
Replace Part C95 C0603C272K5RAC7867 in C:\Users\santi\OneDrive\Documentos\PCB_Design\Proyecto0\Proyecto0\Power_Supply.SchDoc with C0603C272K5RAC7867 from Pasivos.IntLib
Replace Part C96 C0603C104K4RAC7867 in C:\Users\santi\OneDrive\Documentos\PCB_Design\Proyecto0\Proyecto0\Power_Supply.SchDoc with C0603C104K4RAC7867 from Pasivos.IntLib
Replace Part C97 GRM188R60J226MEA0D in C:\Users\santi\OneDrive\Documentos\PCB_Design\Proyecto0\Proyecto0\Power_Supply.SchDoc with GRM188R60J226MEA0D from Pasivos.IntLib
Replace Part C98 C0603C272K5RAC7867 in C:\Users\santi\OneDrive\Documentos\PCB_Design\Proyecto0\Proyecto0\Power_Supply.SchDoc with C0603C272K5RAC7867 from Pasivos.IntLib
Replace Part C99 C0603C106M9PAC7867 in C:\Users\santi\OneDrive\Documentos\PCB_Design\Proyecto0\Proyecto0\Power_Supply.SchDoc with C0603C106M9PAC7867 from Pasivos.IntLib
Replace Part C100 C0603C105K4RAC7867 in C:\Users\santi\OneDrive\Documentos\PCB_Design\Proyecto0\Proyecto0\Power_Supply.SchDoc with C0603C105K4RAC7867 from Pasivos.IntLib
Replace Part C101 C0603C105K4RAC7867 in C:\Users\santi\OneDrive\Documentos\PCB_Design\Proyecto0\Proyecto0\Power_Supply.SchDoc with C0603C105K4RAC7867 from Pasivos.IntLib
Replace Part C102 C0603C105K4RAC7867 in C:\Users\santi\OneDrive\Documentos\PCB_Design\Proyecto0\Proyecto0\Power_Supply.SchDoc with C0603C105K4RAC7867 from Pasivos.IntLib
Replace Part C103 C0603C104K4RAC7867 in C:\Users\santi\OneDrive\Documentos\PCB_Design\Proyecto0\Proyecto0\Power_Supply.SchDoc with C0603C104K4RAC7867 from Pasivos.IntLib
Replace Part L5 XFL4020-332 in C:\Users\santi\OneDrive\Documentos\PCB_Design\Proyecto0\Proyecto0\Power_Supply.SchDoc with XFL4020-332 from Pasivos.IntLib
Replace Part L6 XFL4020-152 in C:\Users\santi\OneDrive\Documentos\PCB_Design\Proyecto0\Proyecto0\Power_Supply.SchDoc with XFL4020-152 from Pasivos.IntLib
Replace Part L7 XAL4030-682MEC in C:\Users\santi\OneDrive\Documentos\PCB_Design\Proyecto0\Proyecto0\Power_Supply.SchDoc with XAL4030-682MEC from Pasivos.IntLib
Replace Part L8 XFL4020-332 in C:\Users\santi\OneDrive\Documentos\PCB_Design\Proyecto0\Proyecto0\Power_Supply.SchDoc with XFL4020-332 from Pasivos.IntLib
Replace Part R24 CRCW06036K65FKEA in C:\Users\santi\OneDrive\Documentos\PCB_Design\Proyecto0\Proyecto0\Power_Supply.SchDoc with CRCW06036K65FKEA from Pasivos.IntLib
Replace Part R25 CRCW06031K00FKEA in C:\Users\santi\OneDrive\Documentos\PCB_Design\Proyecto0\Proyecto0\Power_Supply.SchDoc with CRCW06031K00FKEA from Pasivos.IntLib
Replace Part R26 CRCW06039K31FKEA in C:\Users\santi\OneDrive\Documentos\PCB_Design\Proyecto0\Proyecto0\Power_Supply.SchDoc with CRCW06039K31FKEA from Pasivos.IntLib
Replace Part R27 CRCW060312K7FKEA in C:\Users\santi\OneDrive\Documentos\PCB_Design\Proyecto0\Proyecto0\Power_Supply.SchDoc with CRCW060312K7FKEA from Pasivos.IntLib
Replace Part R28 CRCW060310K0FKEA in C:\Users\santi\OneDrive\Documentos\PCB_Design\Proyecto0\Proyecto0\Power_Supply.SchDoc with CRCW060310K0FKEA from Pasivos.IntLib
Replace Part R29 CRCW060310K0FKEA in C:\Users\santi\OneDrive\Documentos\PCB_Design\Proyecto0\Proyecto0\Power_Supply.SchDoc with CRCW060310K0FKEA from Pasivos.IntLib
Replace Part R30 CRCW060331K6FKEA in C:\Users\santi\OneDrive\Documentos\PCB_Design\Proyecto0\Proyecto0\Power_Supply.SchDoc with CRCW060331K6FKEA from Pasivos.IntLib
Replace Part R31 CRCW060310K2FKEA in C:\Users\santi\OneDrive\Documentos\PCB_Design\Proyecto0\Proyecto0\Power_Supply.SchDoc with CRCW060310K2FKEA from Pasivos.IntLib
Replace Part R32 CRCW060315K0FKEA in C:\Users\santi\OneDrive\Documentos\PCB_Design\Proyecto0\Proyecto0\Power_Supply.SchDoc with CRCW060315K0FKEA from Pasivos.IntLib
Replace Part R33 CRCW06032K49FKEA in C:\Users\santi\OneDrive\Documentos\PCB_Design\Proyecto0\Proyecto0\Power_Supply.SchDoc with CRCW06032K49FKEA from Pasivos.IntLib
Replace Part R34 CRCW060310K0FKEA in C:\Users\santi\OneDrive\Documentos\PCB_Design\Proyecto0\Proyecto0\Power_Supply.SchDoc with CRCW060310K0FKEA from Pasivos.IntLib
Replace Part R35 CRCW060347K0FKEA in C:\Users\santi\OneDrive\Documentos\PCB_Design\Proyecto0\Proyecto0\Power_Supply.SchDoc with CRCW060347K0FKEA from Pasivos.IntLib
Replace Part R36 CRCW060310K0FKEA in C:\Users\santi\OneDrive\Documentos\PCB_Design\Proyecto0\Proyecto0\Power_Supply.SchDoc with CRCW060310K0FKEA from Pasivos.IntLib
Replace Part R37 CRCW060312K7FKEA in C:\Users\santi\OneDrive\Documentos\PCB_Design\Proyecto0\Proyecto0\Power_Supply.SchDoc with CRCW060312K7FKEA from Pasivos.IntLib
Replace Part R38 CRCW060310K2FKEA in C:\Users\santi\OneDrive\Documentos\PCB_Design\Proyecto0\Proyecto0\Power_Supply.SchDoc with CRCW060310K2FKEA from Pasivos.IntLib
Replace Part R39 CRCW060310K0FKEA in C:\Users\santi\OneDrive\Documentos\PCB_Design\Proyecto0\Proyecto0\Power_Supply.SchDoc with CRCW060310K0FKEA from Pasivos.IntLib
Replace Part R40 CRCW06036K65FKEA in C:\Users\santi\OneDrive\Documentos\PCB_Design\Proyecto0\Proyecto0\Power_Supply.SchDoc with CRCW06036K65FKEA from Pasivos.IntLib
Replace Part R41 CRCW060310K0FKEA in C:\Users\santi\OneDrive\Documentos\PCB_Design\Proyecto0\Proyecto0\Power_Supply.SchDoc with CRCW060310K0FKEA from Pasivos.IntLib
Replace Part R42 CRCW060310K0FKEA in C:\Users\santi\OneDrive\Documentos\PCB_Design\Proyecto0\Proyecto0\Power_Supply.SchDoc with CRCW060310K0FKEA from Pasivos.IntLib
Replace Part R43 CRCW06034K99FKEA in C:\Users\santi\OneDrive\Documentos\PCB_Design\Proyecto0\Proyecto0\Power_Supply.SchDoc with CRCW06034K99FKEA from Pasivos.IntLib
Replace Part R44 CRCW06031K91FKEA in C:\Users\santi\OneDrive\Documentos\PCB_Design\Proyecto0\Proyecto0\Power_Supply.SchDoc with CRCW06031K91FKEA from Pasivos.IntLib
Replace Part R45 CRCW060331K6FKEA in C:\Users\santi\OneDrive\Documentos\PCB_Design\Proyecto0\Proyecto0\Power_Supply.SchDoc with CRCW060331K6FKEA from Pasivos.IntLib
Replace Part U7 ADP5052 in C:\Users\santi\OneDrive\Documentos\PCB_Design\Proyecto0\Proyecto0\Power_Supply.SchDoc with ADP5052 from Integrated_Circuits.IntLib
Replace Part U8 FDS8949 in C:\Users\santi\OneDrive\Documentos\PCB_Design\Proyecto0\Proyecto0\Power_Supply.SchDoc with FDS8949 from Integrated_Circuits.IntLib
Replace Part U8 FDS8949 in C:\Users\santi\OneDrive\Documentos\PCB_Design\Proyecto0\Proyecto0\Power_Supply.SchDoc with FDS8949 from Integrated_Circuits.IntLib
Replace Part U9 BD2204GUL in C:\Users\santi\OneDrive\Documentos\PCB_Design\Proyecto0\Proyecto0\Power_Supply.SchDoc with BD2204GUL from Integrated_Circuits.IntLib
