Added Rule: Name=Schematic Clearance Constraint_2
Added Rule: Name=Schematic Clearance Constraint_3
Added Rule: Name=Schematic Clearance Constraint_5
Added Rule: Name=Schematic Clearance Constraint_6
Added Rule: Name=Schematic Clearance Constraint_7
Added Rule: Name=Schematic Clearance Constraint_8
Added Rule: Name=Schematic Clearance Constraint_9
Added Rule: Name=Schematic Clearance Constraint_10
Added Rule: Name=Schematic Clearance Constraint_11
Added Rule: Name=Schematic Clearance Constraint_12
Added Rule: Name=Schematic Clearance Constraint_14
Added Rule: Name=Schematic Clearance Constraint_15
Added Rule: Name=Schematic Clearance Constraint_16
Added Rule: Name=Schematic Clearance Constraint_17
Added Rule: Name=Schematic Clearance Constraint_18
Added Rule: Name=Schematic Clearance Constraint_19
Added Rule: Name=Schematic Clearance Constraint_20
Added Rule: Name=Schematic Clearance Constraint_21
Added Rule: Name=Schematic Clearance Constraint_22
Added Rule: Name=Schematic Clearance Constraint_23
Added Rule: Name=Schematic Clearance Constraint_24
Added Rule: Name=Schematic Clearance Constraint_25
Added Rule: Name=Schematic Impedance Constraint
Added Rule: Name=Schematic Matched Net Lengths
Added Rule: Name=Schematic Maximum Via Count Constraint
Added Rule: Name=Schematic Width Constraint
