Change Physical Footprint: Designator=C1 Old Footprint=CAP0402 New Footprint=CAP0402
Change Physical Footprint: Designator=C2 Old Footprint=CAP0402 New Footprint=CAP0402
Change Physical Footprint: Designator=C3 Old Footprint=CAP0402 New Footprint=CAP0402
Change Physical Footprint: Designator=C4 Old Footprint=CAP0402 New Footprint=CAP0402
Change Physical Footprint: Designator=C5 Old Footprint=CAP0402 New Footprint=CAP0402
Change Physical Footprint: Designator=C6 Old Footprint=CAP0402 New Footprint=CAP0402
Change Physical Footprint: Designator=C7 Old Footprint=CAP0402 New Footprint=CAP0402
Change Physical Footprint: Designator=C8 Old Footprint=CAP0402 New Footprint=CAP0402
Change Physical Footprint: Designator=C9 Old Footprint=CAP0402 New Footprint=CAP0402
Change Physical Footprint: Designator=C10 Old Footprint=CAP0402 New Footprint=CAP0402
Change Physical Footprint: Designator=C11 Old Footprint=CAP0402 New Footprint=CAP0402
Change Physical Footprint: Designator=C12 Old Footprint=CAP0402 New Footprint=CAP0402
Change Physical Footprint: Designator=C13 Old Footprint=CAP0402 New Footprint=CAP0402
Change Physical Footprint: Designator=C14 Old Footprint=CAP0402 New Footprint=CAP0402
Change Physical Footprint: Designator=C15 Old Footprint=CAP0402 New Footprint=CAP0402
Change Physical Footprint: Designator=C16 Old Footprint=CAP0402 New Footprint=CAP0402
Change Physical Footprint: Designator=C17 Old Footprint=CAP0402 New Footprint=CAP0402
Change Physical Footprint: Designator=C18 Old Footprint=CAP0402 New Footprint=CAP0402
Change Physical Footprint: Designator=C19 Old Footprint=CAP0402 New Footprint=CAP0402
Change Physical Footprint: Designator=C20 Old Footprint=CAP0402 New Footprint=CAP0402
Change Physical Footprint: Designator=C21 Old Footprint=CAP0402 New Footprint=CAP0402
Change Physical Footprint: Designator=C22 Old Footprint=CAP0402 New Footprint=CAP0402
Change Physical Footprint: Designator=C23 Old Footprint=CAP0402 New Footprint=CAP0402
Change Physical Footprint: Designator=C24 Old Footprint=CAP0402 New Footprint=CAP0402
Change Physical Footprint: Designator=C25 Old Footprint=CAP0402 New Footprint=CAP0402
Change Physical Footprint: Designator=C26 Old Footprint=CAP0805 New Footprint=CAP0805
Change Physical Footprint: Designator=C27 Old Footprint=CAP0402 New Footprint=CAP0402
Change Physical Footprint: Designator=C28 Old Footprint=CAP0402 New Footprint=CAP0402
Change Physical Footprint: Designator=C29 Old Footprint=CAP0402 New Footprint=CAP0402
Change Physical Footprint: Designator=C30 Old Footprint=CAP0402 New Footprint=CAP0402
Change Physical Footprint: Designator=C31 Old Footprint=CAP0402 New Footprint=CAP0402
Change Physical Footprint: Designator=C32 Old Footprint=CAP0402 New Footprint=CAP0402
Change Physical Footprint: Designator=C33 Old Footprint=CAP0805 New Footprint=CAP0805
Change Physical Footprint: Designator=C34 Old Footprint=CAP0805 New Footprint=CAP0805
Change Physical Footprint: Designator=C35 Old Footprint=CAP0402 New Footprint=CAP0402
Change Physical Footprint: Designator=C36 Old Footprint=CAP0603 New Footprint=CAP0603
Change Physical Footprint: Designator=C37 Old Footprint=CAP0402 New Footprint=CAP0402
Change Physical Footprint: Designator=C38 Old Footprint=CAP0402 New Footprint=CAP0402
Change Physical Footprint: Designator=C39 Old Footprint=CAP0402 New Footprint=CAP0402
Change Physical Footprint: Designator=C40 Old Footprint=CAP0402 New Footprint=CAP0402
Change Physical Footprint: Designator=C41 Old Footprint=CAP0402 New Footprint=CAP0402
Change Physical Footprint: Designator=C42 Old Footprint=CAP0402 New Footprint=CAP0402
Change Physical Footprint: Designator=C43 Old Footprint=CAP0402 New Footprint=CAP0402
Change Physical Footprint: Designator=C44 Old Footprint=CAP0805 New Footprint=CAP0805
Change Physical Footprint: Designator=C45 Old Footprint=CAP0402 New Footprint=CAP0402
Change Physical Footprint: Designator=C46 Old Footprint=CAP0402 New Footprint=CAP0402
Change Physical Footprint: Designator=C47 Old Footprint=CAP0402 New Footprint=CAP0402
Change Physical Footprint: Designator=C48 Old Footprint=CAP0402 New Footprint=CAP0402
Change Physical Footprint: Designator=C49 Old Footprint=CAP0402 New Footprint=CAP0402
Change Physical Footprint: Designator=C50 Old Footprint=CAP0402 New Footprint=CAP0402
Change Physical Footprint: Designator=C51 Old Footprint=CAP0805 New Footprint=CAP0805
Change Physical Footprint: Designator=C52 Old Footprint=CAP0402 New Footprint=CAP0402
Change Physical Footprint: Designator=C53 Old Footprint=CAP0603 New Footprint=CAP0603
Change Physical Footprint: Designator=C54 Old Footprint=CAP0402 New Footprint=CAP0402
Change Physical Footprint: Designator=C55 Old Footprint=CAP0402 New Footprint=CAP0402
Change Physical Footprint: Designator=C56 Old Footprint=CAP0402 New Footprint=CAP0402
Change Physical Footprint: Designator=C57 Old Footprint=CAP0402 New Footprint=CAP0402
Change Physical Footprint: Designator=C58 Old Footprint=CAP0402 New Footprint=CAP0402
Change Physical Footprint: Designator=C59 Old Footprint=CAP0402 New Footprint=CAP0402
Change Physical Footprint: Designator=C60 Old Footprint=CAP0402 New Footprint=CAP0402
Change Physical Footprint: Designator=C61 Old Footprint=CAP1206 New Footprint=CAP1206
Change Physical Footprint: Designator=C62 Old Footprint=CAP0402 New Footprint=CAP0402
Change Physical Footprint: Designator=C63 Old Footprint=CAP0805 New Footprint=CAP0805
Change Physical Footprint: Designator=C64 Old Footprint=CAP0402 New Footprint=CAP0402
Change Physical Footprint: Designator=C65 Old Footprint=CAP0402 New Footprint=CAP0402
Change Physical Footprint: Designator=C66 Old Footprint=CAP0402 New Footprint=CAP0402
Change Physical Footprint: Designator=C67 Old Footprint=CAP0402 New Footprint=CAP0402
Change Physical Footprint: Designator=C68 Old Footprint=CAP0402 New Footprint=CAP0402
Change Physical Footprint: Designator=C69 Old Footprint=CAP0805 New Footprint=CAP0805
Change Physical Footprint: Designator=C70 Old Footprint=CAP0402 New Footprint=CAP0402
Change Physical Footprint: Designator=C71 Old Footprint=CAP0402 New Footprint=CAP0402
Change Physical Footprint: Designator=C72 Old Footprint=CAP0402 New Footprint=CAP0402
Change Physical Footprint: Designator=C73 Old Footprint=CAP0402 New Footprint=CAP0402
Change Physical Footprint: Designator=C74 Old Footprint=CAP0402 New Footprint=CAP0402
Change Physical Footprint: Designator=C75 Old Footprint=CAP0402 New Footprint=CAP0402
Change Physical Footprint: Designator=C76 Old Footprint=CAP0402 New Footprint=CAP0402
Change Physical Footprint: Designator=C77 Old Footprint=CAP0402 New Footprint=CAP0402
Change Physical Footprint: Designator=C78 Old Footprint=CAP0402 New Footprint=CAP0402
Change Physical Footprint: Designator=C79 Old Footprint=CAP0402 New Footprint=CAP0402
Change Physical Footprint: Designator=C80 Old Footprint=CAP0402 New Footprint=CAP0402
Change Physical Footprint: Designator=C81 Old Footprint=CAP0805 New Footprint=CAP0805
Change Physical Footprint: Designator=C82 Old Footprint=CAP0805 New Footprint=CAP0805
Change Physical Footprint: Designator=C83 Old Footprint=CAP0805 New Footprint=CAP0805
Change Physical Footprint: Designator=C84 Old Footprint=CAP0805 New Footprint=CAP0805
Change Physical Footprint: Designator=C85 Old Footprint=CAP0402 New Footprint=CAP0402
Change Physical Footprint: Designator=C86 Old Footprint=CAP0805 New Footprint=CAP0805
Change Physical Footprint: Designator=C87 Old Footprint=CAP0805 New Footprint=CAP0805
Change Physical Footprint: Designator=C88 Old Footprint=CAP0402 New Footprint=CAP0402
Change Physical Footprint: Designator=C89 Old Footprint=CAP0402 New Footprint=CAP0402
Change Physical Footprint: Designator=C90 Old Footprint=CAP0805 New Footprint=CAP0805
Change Physical Footprint: Designator=C91 Old Footprint=CAP0805 New Footprint=CAP0805
Change Physical Footprint: Designator=C92 Old Footprint=CAP0402 New Footprint=CAP0402
Change Physical Footprint: Designator=C93 Old Footprint=CAP0402 New Footprint=CAP0402
Change Physical Footprint: Designator=C94 Old Footprint=CAP0603 New Footprint=CAP0603
Change Physical Footprint: Designator=C95 Old Footprint=CAP0402 New Footprint=CAP0402
Change Physical Footprint: Designator=C96 Old Footprint=CAP0402 New Footprint=CAP0402
Change Physical Footprint: Designator=C97 Old Footprint=CAP0603 New Footprint=CAP0603
Change Physical Footprint: Designator=C98 Old Footprint=CAP0402 New Footprint=CAP0402
Change Physical Footprint: Designator=C99 Old Footprint=CAP0603 New Footprint=CAP0603
Change Physical Footprint: Designator=C100 Old Footprint=CAP0402 New Footprint=CAP0402
Change Physical Footprint: Designator=C101 Old Footprint=CAP0402 New Footprint=CAP0402
Change Physical Footprint: Designator=C102 Old Footprint=CAP0402 New Footprint=CAP0402
Change Physical Footprint: Designator=C103 Old Footprint=CAP0402 New Footprint=CAP0402
Change Physical Footprint: Designator=C104 Old Footprint=CAP0402 New Footprint=CAP0402
Change Physical Footprint: Designator=C105 Old Footprint=CAP0402 New Footprint=CAP0402
Change Physical Footprint: Designator=CNT1 Old Footprint=USB-C 2.0 24 PINS (16+8 DUMMY) New Footprint=USB-C 2.0 24 PINS (16+8 DUMMY)
Change Physical Footprint: Designator=CNT2 Old Footprint=528850574 New Footprint=528850574
Change Physical Footprint: Designator=CNT3 Old Footprint=528850574 New Footprint=528850574
Change Physical Footprint: Designator=CNT4 Old Footprint=528850574 New Footprint=528850574
Change Physical Footprint: Designator=CNT5 Old Footprint=528850574 New Footprint=528850574
Change Physical Footprint: Designator=D1 Old Footprint=SOD-523 New Footprint=SOD-523
Change Physical Footprint: Designator=D2 Old Footprint=SOD-523 New Footprint=SOD-523
Change Physical Footprint: Designator=D3 Old Footprint=0603_LED New Footprint=0603_LED
Change Physical Footprint: Designator=D4 Old Footprint=0603_LED New Footprint=0603_LED
Change Physical Footprint: Designator=D5 Old Footprint=0603_LED New Footprint=0603_LED
Change Physical Footprint: Designator=D6 Old Footprint=0603_LED New Footprint=0603_LED
Change Physical Footprint: Designator=D7 Old Footprint=0603_LED New Footprint=0603_LED
Change Physical Footprint: Designator=D8 Old Footprint=0603_LED New Footprint=0603_LED
Change Physical Footprint: Designator=D9 Old Footprint=0603_LED New Footprint=0603_LED
Change Physical Footprint: Designator=D10 Old Footprint=0603_LED New Footprint=0603_LED
Change Physical Footprint: Designator=D11 Old Footprint=0603_LED New Footprint=0603_LED
Change Physical Footprint: Designator=L1 Old Footprint=Fer0603 New Footprint=Fer0603
Change Physical Footprint: Designator=L2 Old Footprint=Fer0603 New Footprint=Fer0603
Change Physical Footprint: Designator=L3 Old Footprint=Fer0603 New Footprint=Fer0603
Change Physical Footprint: Designator=L4 Old Footprint=Fer0603 New Footprint=Fer0603
Change Physical Footprint: Designator=L5 Old Footprint=IND1616-2.1mm New Footprint=IND1616-2.1mm
Change Physical Footprint: Designator=L6 Old Footprint=IND1616-2.1mm New Footprint=IND1616-2.1mm
Change Physical Footprint: Designator=L7 Old Footprint=IND1616-3.1mm New Footprint=IND1616-3.1mm
Change Physical Footprint: Designator=L8 Old Footprint=IND1616-2.1mm New Footprint=IND1616-2.1mm
Change Physical Footprint: Designator=R1 Old Footprint=RES0603 New Footprint=RES0603
Change Physical Footprint: Designator=R2 Old Footprint=RES0603 New Footprint=RES0603
Change Physical Footprint: Designator=R3 Old Footprint=RES0402 New Footprint=RES0402
Change Physical Footprint: Designator=R4 Old Footprint=RES0402 New Footprint=RES0402
Change Physical Footprint: Designator=R5 Old Footprint=RES0402 New Footprint=RES0402
Change Physical Footprint: Designator=R6 Old Footprint=RES0402 New Footprint=RES0402
Change Physical Footprint: Designator=R7 Old Footprint=RES0603 New Footprint=RES0603
Change Physical Footprint: Designator=R8 Old Footprint=RES0402 New Footprint=RES0402
Change Physical Footprint: Designator=R9 Old Footprint=RES0402 New Footprint=RES0402
Change Physical Footprint: Designator=R10 Old Footprint=RES0402 New Footprint=RES0402
Change Physical Footprint: Designator=R11 Old Footprint=RES0603 New Footprint=RES0603
Change Physical Footprint: Designator=R12 Old Footprint=RES0603 New Footprint=RES0603
Change Physical Footprint: Designator=R13 Old Footprint=RES0603 New Footprint=RES0603
Change Physical Footprint: Designator=R14 Old Footprint=RES0402 New Footprint=RES0402
Change Physical Footprint: Designator=R15 Old Footprint=RES0402 New Footprint=RES0402
Change Physical Footprint: Designator=R16 Old Footprint=ArrayResistor-1206 New Footprint=ArrayResistor-1206
Change Physical Footprint: Designator=R17 Old Footprint=RES0603 New Footprint=RES0603
Change Physical Footprint: Designator=R18 Old Footprint=RES0603 New Footprint=RES0603
Change Physical Footprint: Designator=R19 Old Footprint=ArrayResistor-1206 New Footprint=ArrayResistor-1206
Change Physical Footprint: Designator=R20 Old Footprint=RES0603 New Footprint=RES0603
Change Physical Footprint: Designator=R21 Old Footprint=RES0603 New Footprint=RES0603
Change Physical Footprint: Designator=R22 Old Footprint=RES0603 New Footprint=RES0603
Change Physical Footprint: Designator=R23 Old Footprint=RES0603 New Footprint=RES0603
Change Physical Footprint: Designator=R24 Old Footprint=RES0603 New Footprint=RES0603
Change Physical Footprint: Designator=R25 Old Footprint=RES0603 New Footprint=RES0603
Change Physical Footprint: Designator=R26 Old Footprint=RES0603 New Footprint=RES0603
Change Physical Footprint: Designator=R27 Old Footprint=RES0603 New Footprint=RES0603
Change Physical Footprint: Designator=R28 Old Footprint=RES0603 New Footprint=RES0603
Change Physical Footprint: Designator=R29 Old Footprint=RES0603 New Footprint=RES0603
Change Physical Footprint: Designator=R30 Old Footprint=RES0402 New Footprint=RES0402
Change Physical Footprint: Designator=R31 Old Footprint=RES0402 New Footprint=RES0402
Change Physical Footprint: Designator=R32 Old Footprint=RES0402 New Footprint=RES0402
Change Physical Footprint: Designator=R33 Old Footprint=RES0402 New Footprint=RES0402
Change Physical Footprint: Designator=R34 Old Footprint=RES0402 New Footprint=RES0402
Change Physical Footprint: Designator=R35 Old Footprint=RES0603 New Footprint=RES0603
Change Physical Footprint: Designator=R36 Old Footprint=RES0402 New Footprint=RES0402
Change Physical Footprint: Designator=R37 Old Footprint=RES0402 New Footprint=RES0402
Change Physical Footprint: Designator=R38 Old Footprint=RES0402 New Footprint=RES0402
Change Physical Footprint: Designator=R39 Old Footprint=RES0402 New Footprint=RES0402
Change Physical Footprint: Designator=R40 Old Footprint=RES0402 New Footprint=RES0402
Change Physical Footprint: Designator=R41 Old Footprint=RES0402 New Footprint=RES0402
Change Physical Footprint: Designator=R42 Old Footprint=RES0402 New Footprint=RES0402
Change Physical Footprint: Designator=R43 Old Footprint=RES0402 New Footprint=RES0402
Change Physical Footprint: Designator=R44 Old Footprint=RES0402 New Footprint=RES0402
Change Physical Footprint: Designator=R45 Old Footprint=RES0402 New Footprint=RES0402
Change Physical Footprint: Designator=R46 Old Footprint=ArrayResistor-1506 New Footprint=ArrayResistor-1506
Change Physical Footprint: Designator=R47 Old Footprint=RES0603 New Footprint=RES0603
Change Physical Footprint: Designator=R48 Old Footprint=RES0603 New Footprint=RES0603
Change Physical Footprint: Designator=S1 Old Footprint=Diode SMA-2 New Footprint=Diode SMA-2
Change Physical Footprint: Designator=S2 Old Footprint=Push Button New Footprint=Push Button
Change Physical Footprint: Designator=S3 Old Footprint=PTSLR0603 New Footprint=PTSLR0603
Change Physical Footprint: Designator=U1 Old Footprint=LQPF-64 New Footprint=LQPF-64
Change Physical Footprint: Designator=U2 Old Footprint=DFN-8 New Footprint=DFN-8
Change Physical Footprint: Designator=U3 Old Footprint=WSON-8 New Footprint=WSON-8
Change Physical Footprint: Designator=U4 Old Footprint=BGA-256 New Footprint=BGA-256
Change Physical Footprint: Designator=U5 Old Footprint=SOT23-3 New Footprint=SOT23-3
Change Physical Footprint: Designator=U6 Old Footprint=FBGA-96 New Footprint=FBGA-96
Change Physical Footprint: Designator=U7 Old Footprint=LFCSP-48 New Footprint=LFCSP-48
Change Physical Footprint: Designator=U8 Old Footprint=SOIC8 New Footprint=SOIC8
Change Physical Footprint: Designator=U9 Old Footprint=UFBGA-6 (VCSP50L1) New Footprint=UFBGA-6 (VCSP50L1)
Change Physical Footprint: Designator=XTAL1 Old Footprint=XTAL_ABM8G New Footprint=XTAL_ABM8G
