Removed Pin From Net: NetName=L5_P Pin=CNT3-8
Removed Pin From Net: NetName=L5_N Pin=CNT3-9
Removed Pin From Net: NetName=L7_N Pin=U4-N2
Removed Pin From Net: NetName=L7_P Pin=U4-N3
Removed Pin From Net: NetName=L8_N Pin=U4-P3
Removed Pin From Net: NetName=L8_P Pin=U4-P4
Removed Pin From Net: NetName=L3_N Pin=U4-R1
Removed Pin From Net: NetName=L3_P Pin=U4-R2
Removed Pin From Net: NetName=L5_P Pin=U4-R3
Removed Pin From Net: NetName=L5_N Pin=U4-T2
Added Pin To Net: NetName=L5_N Pin=CNT3-8
Added Pin To Net: NetName=L5_P Pin=CNT3-9
Added Pin To Net: NetName=L3_N Pin=U4-N2
Added Pin To Net: NetName=L3_P Pin=U4-N3
Added Pin To Net: NetName=L5_N Pin=U4-P3
Added Pin To Net: NetName=L5_P Pin=U4-P4
Added Pin To Net: NetName=L7_N Pin=U4-R1
Added Pin To Net: NetName=L7_P Pin=U4-R2
Added Pin To Net: NetName=L8_P Pin=U4-R3
Added Pin To Net: NetName=L8_N Pin=U4-T2
