Change Component Footprint: Designator=C81 Old Footprint=CAP0603 New Footprint=CAP0805
Change Component Footprint: Designator=C82 Old Footprint=CAP0603 New Footprint=CAP0805
Change Component Footprint: Designator=C83 Old Footprint=CAP0603 New Footprint=CAP0805
Change Component Footprint: Designator=C84 Old Footprint=CAP0603 New Footprint=CAP0805
Change component parameters: Designator = "C81" ("C81"); Footprint = "CAP0603"; UniqueID = "\VXLQHOQK\NVCPDEBQ\JYIVPAUZ" ("\VXLQHOQK\NVCPDEBQ\JYIVPAUZ")
Change component parameters (AddParameter): Name = "ComponentLink1Description"; Value = "DataSheet"; VariantName = "[No Variations]"
Change component parameters (AddParameter): Name = "ComponentLink1URL"; Value = "https://content.kemet.com/datasheets/KEM_C1006_X5R_SMD.pdf"; VariantName = "[No Variations]"
Change component parameters (AddParameter): Name = "ComponentLink2Description"; Value = "DigiKey"; VariantName = "[No Variations]"
Change component parameters (AddParameter): Name = "ComponentLink2URL"; Value = "https://www.digikey.com/en/products/detail/kemet/C0805C106M3PACTU/5267534"; VariantName = "[No Variations]"
Change component parameters (AddParameter): Name = "Manufacturer"; Value = "Kemet"; VariantName = "[No Variations]"
Change component parameters (AddParameter): Name = "PartNumber"; Value = "C0805C106M3PACTU"; VariantName = "[No Variations]"
Change component parameters (AddParameter): Name = "Size"; Value = "0805"; VariantName = "[No Variations]"
Change component parameters (AddParameter): Name = "Tolerance"; Value = "10%"; VariantName = "[No Variations]"
Change component parameters (AddParameter): Name = "Value"; Value = "10uF"; VariantName = "[No Variations]"
Change component parameters (AddParameter): Name = "Voltage"; Value = "25V"; VariantName = "[No Variations]"
Change component parameters: Designator = "C82" ("C82"); Footprint = "CAP0603"; UniqueID = "\VXLQHOQK\NVCPDEBQ\HWHRZDGF" ("\VXLQHOQK\NVCPDEBQ\HWHRZDGF")
Change component parameters (AddParameter): Name = "ComponentLink1Description"; Value = "DataSheet"; VariantName = "[No Variations]"
Change component parameters (AddParameter): Name = "ComponentLink1URL"; Value = "https://content.kemet.com/datasheets/KEM_C1006_X5R_SMD.pdf"; VariantName = "[No Variations]"
Change component parameters (AddParameter): Name = "ComponentLink2Description"; Value = "DigiKey"; VariantName = "[No Variations]"
Change component parameters (AddParameter): Name = "ComponentLink2URL"; Value = "https://www.digikey.com/en/products/detail/kemet/C0805C106M3PACTU/5267534"; VariantName = "[No Variations]"
Change component parameters (AddParameter): Name = "Manufacturer"; Value = "Kemet"; VariantName = "[No Variations]"
Change component parameters (AddParameter): Name = "PartNumber"; Value = "C0805C106M3PACTU"; VariantName = "[No Variations]"
Change component parameters (AddParameter): Name = "Size"; Value = "0805"; VariantName = "[No Variations]"
Change component parameters (AddParameter): Name = "Tolerance"; Value = "10%"; VariantName = "[No Variations]"
Change component parameters (AddParameter): Name = "Value"; Value = "10uF"; VariantName = "[No Variations]"
Change component parameters (AddParameter): Name = "Voltage"; Value = "25V"; VariantName = "[No Variations]"
Change component parameters: Designator = "C83" ("C83"); Footprint = "CAP0603"; UniqueID = "\VXLQHOQK\NVCPDEBQ\EHJNUTZB" ("\VXLQHOQK\NVCPDEBQ\EHJNUTZB")
Change component parameters (AddParameter): Name = "ComponentLink1Description"; Value = "DataSheet"; VariantName = "[No Variations]"
Change component parameters (AddParameter): Name = "ComponentLink1URL"; Value = "https://content.kemet.com/datasheets/KEM_C1006_X5R_SMD.pdf"; VariantName = "[No Variations]"
Change component parameters (AddParameter): Name = "ComponentLink2Description"; Value = "DigiKey"; VariantName = "[No Variations]"
Change component parameters (AddParameter): Name = "ComponentLink2URL"; Value = "https://www.digikey.com/en/products/detail/kemet/C0805C106M3PACTU/5267534"; VariantName = "[No Variations]"
Change component parameters (AddParameter): Name = "Manufacturer"; Value = "Kemet"; VariantName = "[No Variations]"
Change component parameters (AddParameter): Name = "PartNumber"; Value = "C0805C106M3PACTU"; VariantName = "[No Variations]"
Change component parameters (AddParameter): Name = "Size"; Value = "0805"; VariantName = "[No Variations]"
Change component parameters (AddParameter): Name = "Tolerance"; Value = "10%"; VariantName = "[No Variations]"
Change component parameters (AddParameter): Name = "Value"; Value = "10uF"; VariantName = "[No Variations]"
Change component parameters (AddParameter): Name = "Voltage"; Value = "25V"; VariantName = "[No Variations]"
Change component parameters: Designator = "C84" ("C84"); Footprint = "CAP0603"; UniqueID = "\VXLQHOQK\NVCPDEBQ\MOERZMEL" ("\VXLQHOQK\NVCPDEBQ\MOERZMEL")
Change component parameters (AddParameter): Name = "ComponentLink1Description"; Value = "DataSheet"; VariantName = "[No Variations]"
Change component parameters (AddParameter): Name = "ComponentLink1URL"; Value = "https://content.kemet.com/datasheets/KEM_C1006_X5R_SMD.pdf"; VariantName = "[No Variations]"
Change component parameters (AddParameter): Name = "ComponentLink2Description"; Value = "DigiKey"; VariantName = "[No Variations]"
Change component parameters (AddParameter): Name = "ComponentLink2URL"; Value = "https://www.digikey.com/en/products/detail/kemet/C0805C106M3PACTU/5267534"; VariantName = "[No Variations]"
Change component parameters (AddParameter): Name = "Manufacturer"; Value = "Kemet"; VariantName = "[No Variations]"
Change component parameters (AddParameter): Name = "PartNumber"; Value = "C0805C106M3PACTU"; VariantName = "[No Variations]"
Change component parameters (AddParameter): Name = "Size"; Value = "0805"; VariantName = "[No Variations]"
Change component parameters (AddParameter): Name = "Tolerance"; Value = "10%"; VariantName = "[No Variations]"
Change component parameters (AddParameter): Name = "Value"; Value = "10uF"; VariantName = "[No Variations]"
Change component parameters (AddParameter): Name = "Voltage"; Value = "25V"; VariantName = "[No Variations]"
