Added Rule: Name=Schematic Clearance Constraint_16
Added Rule: Name=Schematic Clearance Constraint_17
Added Rule: Name=Schematic Clearance Constraint_18
Added Rule: Name=Schematic Clearance Constraint_19
Added Rule: Name=Schematic Impedance Constraint
Added Rule: Name=Schematic Impedance Constraint_1
Added Rule: Name=Schematic Impedance Constraint_2
Added Rule: Name=Schematic Impedance Constraint_3
Added Rule: Name=Schematic Matched Net Lengths_69
Added Rule: Name=Schematic Matched Net Lengths_70
Added Rule: Name=Schematic Maximum Via Count Constraint_11
Added Rule: Name=Schematic Maximum Via Count Constraint_12
Added Rule: Name=Schematic Routing Layers_6
Added Rule: Name=Schematic Routing Layers_7
Added Rule: Name=Schematic Width Constraint
Added Rule: Name=Schematic Width Constraint_1
Added Rule: Name=Schematic Width Constraint_2
Added Rule: Name=Schematic Width Constraint_3
Added Rule: Name=Schematic Width Constraint_4
Change Rule Scope 1 : Old Scope=InNet('UDQS_P') New Scope=InNet('LDQS_P')
Change Rule Scope 1 : Old Scope=InNet('LDQS_P') New Scope=InNet('UDQS_N')
