Change Component Footprint: Designator=R32 Old Footprint=RES0603 New Footprint=RES0402
Change Component Footprint: Designator=R36 Old Footprint=RES0603 New Footprint=RES0402
Change Component Footprint: Designator=R39 Old Footprint=RES0603 New Footprint=RES0402
Change Component Footprint: Designator=R42 Old Footprint=RES0603 New Footprint=RES0402
Change Component Comment : Designator=R36 Old Comment=10 K New Comment=10k
Change Component Comment : Designator=R39 Old Comment=10 K New Comment=10k
Change Component Comment : Designator=R42 Old Comment=10 K New Comment=10k
Change Component Comment : Designator=R32 Old Comment=15 K New Comment=15k
Change component parameters: Designator = "R32" ("R32"); Footprint = "RES0603"; UniqueID = "\VXLQHOQK\NVCPDEBQ\FWDCGIPE" ("\VXLQHOQK\NVCPDEBQ\FWDCGIPE")
Change component parameters (AddParameter): Name = "ComponentLink1Description"; Value = "DataSheet"; VariantName = "[No Variations]"
Change component parameters (AddParameter): Name = "ComponentLink1URL"; Value = "https://www.vishay.com/docs/20035/dcrcwe3.pdf"; VariantName = "[No Variations]"
Change component parameters (AddParameter): Name = "ComponentLink2Description"; Value = "DigiKey"; VariantName = "[No Variations]"
Change component parameters (AddParameter): Name = "ComponentLink2URL"; Value = "https://www.digikey.com/en/products/filter/chip-resistor-surface-mount/52?s=N4IgTCBcDaIMICU4HUAMAWVYCMBWA0qgGL4gC6AvkA"; VariantName = "[No Variations]"
Change component parameters (AddParameter): Name = "Manufacturer"; Value = "Vishay"; VariantName = "[No Variations]"
Change component parameters (AddParameter): Name = "PartNumber"; Value = "CRCW040215K0FK"; VariantName = "[No Variations]"
Change component parameters (AddParameter): Name = "Power"; Value = "0.063W"; VariantName = "[No Variations]"
Change component parameters (AddParameter): Name = "Size"; Value = "0402"; VariantName = "[No Variations]"
Change component parameters (AddParameter): Name = "Tolerance"; Value = "1%"; VariantName = "[No Variations]"
Change component parameters (AddParameter): Name = "Value"; Value = "15k"; VariantName = "[No Variations]"
Change component parameters: Designator = "R36" ("R36"); Footprint = "RES0603"; UniqueID = "\VXLQHOQK\NVCPDEBQ\XWYODRZL" ("\VXLQHOQK\NVCPDEBQ\XWYODRZL")
Change component parameters (AddParameter): Name = "ComponentLink1Description"; Value = "DataSheet"; VariantName = "[No Variations]"
Change component parameters (AddParameter): Name = "ComponentLink1URL"; Value = "https://www.vishay.com/docs/20035/dcrcwe3.pdf"; VariantName = "[No Variations]"
Change component parameters (AddParameter): Name = "ComponentLink2Description"; Value = "DigiKey"; VariantName = "[No Variations]"
Change component parameters (AddParameter): Name = "ComponentLink2URL"; Value = "https://www.digikey.com/en/products/filter/chip-resistor-surface-mount/52?s=N4IgTCBcDaIMICU4HUAMAWVYCMqDSqAYniALoC%20QA"; VariantName = "[No Variations]"
Change component parameters (AddParameter): Name = "Manufacturer"; Value = "Vishay"; VariantName = "[No Variations]"
Change component parameters (AddParameter): Name = "PartNumber"; Value = "CRCW040210K0FK"; VariantName = "[No Variations]"
Change component parameters (AddParameter): Name = "Power"; Value = "0.063W"; VariantName = "[No Variations]"
Change component parameters (AddParameter): Name = "Size"; Value = "0402"; VariantName = "[No Variations]"
Change component parameters (AddParameter): Name = "Tolerance"; Value = "1%"; VariantName = "[No Variations]"
Change component parameters (AddParameter): Name = "Value"; Value = "10k"; VariantName = "[No Variations]"
Change component parameters: Designator = "R39" ("R39"); Footprint = "RES0603"; UniqueID = "\VXLQHOQK\NVCPDEBQ\LJBDKHYZ" ("\VXLQHOQK\NVCPDEBQ\LJBDKHYZ")
Change component parameters (AddParameter): Name = "ComponentLink1Description"; Value = "DataSheet"; VariantName = "[No Variations]"
Change component parameters (AddParameter): Name = "ComponentLink1URL"; Value = "https://www.vishay.com/docs/20035/dcrcwe3.pdf"; VariantName = "[No Variations]"
Change component parameters (AddParameter): Name = "ComponentLink2Description"; Value = "DigiKey"; VariantName = "[No Variations]"
Change component parameters (AddParameter): Name = "ComponentLink2URL"; Value = "https://www.digikey.com/en/products/filter/chip-resistor-surface-mount/52?s=N4IgTCBcDaIMICU4HUAMAWVYCMqDSqAYniALoC%20QA"; VariantName = "[No Variations]"
Change component parameters (AddParameter): Name = "Manufacturer"; Value = "Vishay"; VariantName = "[No Variations]"
Change component parameters (AddParameter): Name = "PartNumber"; Value = "CRCW040210K0FK"; VariantName = "[No Variations]"
Change component parameters (AddParameter): Name = "Power"; Value = "0.063W"; VariantName = "[No Variations]"
Change component parameters (AddParameter): Name = "Size"; Value = "0402"; VariantName = "[No Variations]"
Change component parameters (AddParameter): Name = "Tolerance"; Value = "1%"; VariantName = "[No Variations]"
Change component parameters (AddParameter): Name = "Value"; Value = "10k"; VariantName = "[No Variations]"
Change component parameters: Designator = "R42" ("R42"); Footprint = "RES0603"; UniqueID = "\VXLQHOQK\NVCPDEBQ\EEEHTCVA" ("\VXLQHOQK\NVCPDEBQ\EEEHTCVA")
Change component parameters (AddParameter): Name = "ComponentLink1Description"; Value = "DataSheet"; VariantName = "[No Variations]"
Change component parameters (AddParameter): Name = "ComponentLink1URL"; Value = "https://www.vishay.com/docs/20035/dcrcwe3.pdf"; VariantName = "[No Variations]"
Change component parameters (AddParameter): Name = "ComponentLink2Description"; Value = "DigiKey"; VariantName = "[No Variations]"
Change component parameters (AddParameter): Name = "ComponentLink2URL"; Value = "https://www.digikey.com/en/products/filter/chip-resistor-surface-mount/52?s=N4IgTCBcDaIMICU4HUAMAWVYCMqDSqAYniALoC%20QA"; VariantName = "[No Variations]"
Change component parameters (AddParameter): Name = "Manufacturer"; Value = "Vishay"; VariantName = "[No Variations]"
Change component parameters (AddParameter): Name = "PartNumber"; Value = "CRCW040210K0FK"; VariantName = "[No Variations]"
Change component parameters (AddParameter): Name = "Power"; Value = "0.063W"; VariantName = "[No Variations]"
Change component parameters (AddParameter): Name = "Size"; Value = "0402"; VariantName = "[No Variations]"
Change component parameters (AddParameter): Name = "Tolerance"; Value = "1%"; VariantName = "[No Variations]"
Change component parameters (AddParameter): Name = "Value"; Value = "10k"; VariantName = "[No Variations]"
