Added Rule: Name=Schematic Clearance Constraint
Added Rule: Name=Schematic Clearance Constraint_1
Added Rule: Name=Schematic Clearance Constraint_3
Added Rule: Name=Schematic Clearance Constraint_4
Added Rule: Name=Schematic Clearance Constraint_5
Added Rule: Name=Schematic Clearance Constraint_6
Added Rule: Name=Schematic Differential Pairs Routing
Added Rule: Name=Schematic Differential Pairs Routing_1
Added Rule: Name=Schematic Differential Pairs Routing_2
Added Rule: Name=Schematic Differential Pairs Routing_3
Added Rule: Name=Schematic Differential Pairs Routing_4
Added Rule: Name=Schematic Differential Pairs Routing_5
Added Rule: Name=Schematic Differential Pairs Routing_6
Added Rule: Name=Schematic Differential Pairs Routing_7
Added Rule: Name=Schematic Differential Pairs Routing_8
Added Rule: Name=Schematic Differential Pairs Routing_9
Added Rule: Name=Schematic Differential Pairs Routing_10
Added Rule: Name=Schematic Differential Pairs Routing_11
Added Rule: Name=Schematic Differential Pairs Routing_12
Added Rule: Name=Schematic Differential Pairs Routing_13
Added Rule: Name=Schematic Differential Pairs Routing_14
Added Rule: Name=Schematic Differential Pairs Routing_15
Added Rule: Name=Schematic Differential Pairs Routing_16
Added Rule: Name=Schematic Differential Pairs Routing_17
Added Rule: Name=Schematic Differential Pairs Routing_18
Added Rule: Name=Schematic Differential Pairs Routing_19
Added Rule: Name=Schematic Differential Pairs Routing_20
Added Rule: Name=Schematic Differential Pairs Routing_21
Added Rule: Name=Schematic Differential Pairs Routing_22
Added Rule: Name=Schematic Differential Pairs Routing_23
Added Rule: Name=Schematic Differential Pairs Routing_24
Added Rule: Name=Schematic Differential Pairs Routing_25
Added Rule: Name=Schematic Differential Pairs Routing_26
Added Rule: Name=Schematic Differential Pairs Routing_27
Added Rule: Name=Schematic Differential Pairs Routing_28
Added Rule: Name=Schematic Differential Pairs Routing_29
Added Rule: Name=Schematic Differential Pairs Routing_30
Added Rule: Name=Schematic Differential Pairs Routing_31
Added Rule: Name=Schematic Differential Pairs Routing_32
Added Rule: Name=Schematic Differential Pairs Routing_33
Added Rule: Name=Schematic Differential Pairs Routing_34
Added Rule: Name=Schematic Differential Pairs Routing_35
Added Rule: Name=Schematic Differential Pairs Routing_36
Added Rule: Name=Schematic Differential Pairs Routing_37
Added Rule: Name=Schematic Differential Pairs Routing_38
Added Rule: Name=Schematic Differential Pairs Routing_39
Added Rule: Name=Schematic Differential Pairs Routing_40
Added Rule: Name=Schematic Differential Pairs Routing_41
Added Rule: Name=Schematic Differential Pairs Routing_42
Added Rule: Name=Schematic Differential Pairs Routing_43
Added Rule: Name=Schematic Differential Pairs Routing_44
Added Rule: Name=Schematic Differential Pairs Routing_45
Added Rule: Name=Schematic Differential Pairs Routing_46
Added Rule: Name=Schematic Differential Pairs Routing_47
Added Rule: Name=Schematic Differential Pairs Routing_48
Added Rule: Name=Schematic Differential Pairs Routing_49
Added Rule: Name=Schematic Differential Pairs Routing_50
Added Rule: Name=Schematic Differential Pairs Routing_51
Added Rule: Name=Schematic Differential Pairs Routing_52
Added Rule: Name=Schematic Differential Pairs Routing_53
Added Rule: Name=Schematic Differential Pairs Routing_54
Added Rule: Name=Schematic Differential Pairs Routing_55
Added Rule: Name=Schematic Differential Pairs Routing_56
Added Rule: Name=Schematic Differential Pairs Routing_57
Added Rule: Name=Schematic Differential Pairs Routing_58
Added Rule: Name=Schematic Differential Pairs Routing_59
Added Rule: Name=Schematic Impedance Constraint_4
Added Rule: Name=Schematic Impedance Constraint_5
Added Rule: Name=Schematic Impedance Constraint_6
Added Rule: Name=Schematic Impedance Constraint_7
Added Rule: Name=Schematic Matched Net Lengths_10
Added Rule: Name=Schematic Matched Net Lengths_11
Added Rule: Name=Schematic Matched Net Lengths_71
Added Rule: Name=Schematic Matched Net Lengths_72
Added Rule: Name=Schematic Maximum Via Count Constraint
Added Rule: Name=Schematic Maximum Via Count Constraint_1
Added Rule: Name=Schematic Routing Corners_2
Added Rule: Name=Schematic Routing Layers
Added Rule: Name=Schematic Routing Layers_5
Added Rule: Name=Schematic Routing Layers_14
Added Rule: Name=Schematic Width Constraint_5
Added Rule: Name=Schematic Width Constraint_6
Added Rule: Name=Schematic Width Constraint_7
Added Rule: Name=Schematic Width Constraint_8
Added Rule: Name=Schematic Width Constraint_9
Added Rule: Name=Schematic Width Constraint_10
Added Rule: Name=Schematic Width Constraint_11
Added Rule: Name=Schematic Width Constraint_12
Added Rule: Name=Schematic Width Constraint_13
Added Rule: Name=Schematic Width Constraint_14
Change Rule Scope 1 : Old Scope=InNet('LDQS_P') New Scope=InNet('UDQS_N')
