Removed Pin From Net: NetName=+3V3 Pin=R31-2
Removed Pin From Net: NetName=+1V Pin=R34-2
Removed Pin From Net: NetName=+1V8 Pin=R37-2
Removed Pin From Net: NetName=+1V8 Pin=R38-2
Removed Pin From Net: NetName=+1V35 Pin=R41-2
Removed Pin From Net: NetName=+1V35 Pin=U7-16
Removed Pin From Net: NetName=+1V Pin=U7-21
Removed Pin From Net: NetName=+3V3 Pin=U7-40
Removed Pin From Net: NetName=+1V8 Pin=U7-45
Added Pin To Net: NetName=+3V3 Pin=L5-2
Added Pin To Net: NetName=+1V Pin=L6-2
Added Pin To Net: NetName=+1V8 Pin=L7-2
Added Pin To Net: NetName=+1V35 Pin=L8-2
Added Pin To Net: NetName=+1V8 Pin=R37-1
Added Pin To Net: NetName=NetR30_1 Pin=R30-1
Added Pin To Net: NetName=NetR30_1 Pin=R31-2
Added Pin To Net: NetName=NetR30_1 Pin=U7-40
Added Net: Name=NetR30_1
Added Pin To Net: NetName=NetR33_1 Pin=R33-1
Added Pin To Net: NetName=NetR33_1 Pin=R34-2
Added Pin To Net: NetName=NetR33_1 Pin=U7-21
Added Net: Name=NetR33_1
Added Pin To Net: NetName=NetR37_2 Pin=R37-2
Added Pin To Net: NetName=NetR37_2 Pin=R38-2
Added Pin To Net: NetName=NetR37_2 Pin=U7-45
Added Net: Name=NetR37_2
Added Pin To Net: NetName=NetR40_1 Pin=R40-1
Added Pin To Net: NetName=NetR40_1 Pin=R41-2
Added Pin To Net: NetName=NetR40_1 Pin=U7-16
Added Net: Name=NetR40_1
