Change Component Footprint: Designator=R20 Old Footprint=RES0603 New Footprint=RES0402
Change Component Footprint: Designator=R21 Old Footprint=RES0603 New Footprint=RES0402
Change Component Comment : Designator=R20 Old Comment=78R7 New Comment=78.7
Change Component Comment : Designator=R21 Old Comment=78R7 New Comment=78.7
Change component parameters: Designator = "R20" ("R20"); Footprint = "RES0603"; UniqueID = "\VXLQHOQK\RGUSGWNZ\BTMMDOVW" ("\VXLQHOQK\RGUSGWNZ\BTMMDOVW")
Change component parameters (AddParameter): Name = "ComponentLink1Description"; Value = "DataSheet"; VariantName = "[No Variations]"
Change component parameters (AddParameter): Name = "ComponentLink1URL"; Value = "https://www.vishay.com/docs/20035/dcrcwe3.pdf"; VariantName = "[No Variations]"
Change component parameters (AddParameter): Name = "ComponentLink2Description"; Value = "DigiKey"; VariantName = "[No Variations]"
Change component parameters (AddParameter): Name = "ComponentLink2URL"; Value = "https://www.digikey.com/en/products/filter/chip-resistor-surface-mount/52?s=N4IgTCBcDaIMICU4HUAMAWVYDsAOB2AYgNIgC6AvkA"; VariantName = "[No Variations]"
Change component parameters (AddParameter): Name = "Manufacturer"; Value = "Vishay"; VariantName = "[No Variations]"
Change component parameters (AddParameter): Name = "PartNumber"; Value = "CRCW040278R7FK"; VariantName = "[No Variations]"
Change component parameters (AddParameter): Name = "Power"; Value = "0.063W"; VariantName = "[No Variations]"
Change component parameters (AddParameter): Name = "Size"; Value = "0402"; VariantName = "[No Variations]"
Change component parameters (AddParameter): Name = "Tolerance"; Value = "1%"; VariantName = "[No Variations]"
Change component parameters (AddParameter): Name = "Value"; Value = "78.8"; VariantName = "[No Variations]"
Change component parameters: Designator = "R21" ("R21"); Footprint = "RES0603"; UniqueID = "\VXLQHOQK\RGUSGWNZ\HQJOXEGQ" ("\VXLQHOQK\RGUSGWNZ\HQJOXEGQ")
Change component parameters (AddParameter): Name = "ComponentLink1Description"; Value = "DataSheet"; VariantName = "[No Variations]"
Change component parameters (AddParameter): Name = "ComponentLink1URL"; Value = "https://www.vishay.com/docs/20035/dcrcwe3.pdf"; VariantName = "[No Variations]"
Change component parameters (AddParameter): Name = "ComponentLink2Description"; Value = "DigiKey"; VariantName = "[No Variations]"
Change component parameters (AddParameter): Name = "ComponentLink2URL"; Value = "https://www.digikey.com/en/products/filter/chip-resistor-surface-mount/52?s=N4IgTCBcDaIMICU4HUAMAWVYDsAOB2AYgNIgC6AvkA"; VariantName = "[No Variations]"
Change component parameters (AddParameter): Name = "Manufacturer"; Value = "Vishay"; VariantName = "[No Variations]"
Change component parameters (AddParameter): Name = "PartNumber"; Value = "CRCW040278R7FK"; VariantName = "[No Variations]"
Change component parameters (AddParameter): Name = "Power"; Value = "0.063W"; VariantName = "[No Variations]"
Change component parameters (AddParameter): Name = "Size"; Value = "0402"; VariantName = "[No Variations]"
Change component parameters (AddParameter): Name = "Tolerance"; Value = "1%"; VariantName = "[No Variations]"
Change component parameters (AddParameter): Name = "Value"; Value = "78.8"; VariantName = "[No Variations]"
