Change Rule Scope 1 : Old Scope=InNet('C\A\S\') New Scope=InNet('R\A\S\')
Change Rule Scope 1 : Old Scope=InNet('W\E\') New Scope=InNet('C\A\S\')
Change Rule Scope 1 : Old Scope=InNet('LDM') New Scope=InNet('UDM')
Change Rule Scope 1 : Old Scope=InNet('DQ5') New Scope=InNet('DQ3')
Change Rule Scope 1 : Old Scope=InNet('DQ11') New Scope=InNet('DQ10')
Change Rule Scope 1 : Old Scope=InNet('EEPROM_CS') New Scope=InNet('EEPROM_DATA')
Change Rule Scope 1 : Old Scope=InNet('QSPI_DATA1') New Scope=InNet('QSPI_DATA2')
Change Rule Scope 1 : Old Scope=InNet('R15') New Scope=InNet('T15')
Change Rule Scope 1 : Old Scope=InNet('N5') New Scope=InNet('T3')
Change Rule Scope 1 : Old Scope=InNet('CONFIG_TDO') New Scope=InNet('CONFIG_TMS')
Change Rule Scope 1 : Old Scope=InNet('DQ2') New Scope=InNet('DQ3')
Change Rule Scope 1 : Old Scope=InNet('DQ12') New Scope=InNet('DQ10')
Change Rule Scope 1 : Old Scope=InNet('W\E\') New Scope=InNet('R\A\S\')
Change Rule Scope 1 : Old Scope=InNet('UDM') New Scope=InNet('LDM')
Change Rule Scope 1 : Old Scope=InNet('EEPROM_CLK') New Scope=InNet('EEPROM_CS')
Change Rule Scope 1 : Old Scope=InNet('QSPI_DATA1') New Scope=InNet('QSPI_DATA2')
Change Rule Scope 1 : Old Scope=InNet('R15') New Scope=InNet('T15')
Change Rule Scope 1 : Old Scope=InNet('N3') New Scope=InNet('R1')
Change Rule Scope 1 : Old Scope=InNet('CONFIG_TDO') New Scope=InNet('CONFIG_TMS')
Change Rule Scope 1 : Old Scope=InNet('R\A\S\') New Scope=InNet('W\E\')
Change Rule Scope 1 : Old Scope=InNet('LDM') New Scope=InNet('UDM')
Change Rule Scope 1 : Old Scope=InNet('DQ3') New Scope=InNet('DQ2')
Change Rule Scope 1 : Old Scope=InNet('DQ11') New Scope=InNet('DQ10')
Change Rule Scope 1 : Old Scope=InNet('QSPI_DATA0') New Scope=InNet('QSPI_DATA2')
Change Rule Scope 1 : Old Scope=InNet('QSPI_DATA0') New Scope=InNet('QSPI_DATA2')
Change Rule Scope 1 : Old Scope=InNet('W\E\') New Scope=InNet('R\A\S\')
Change Rule Scope 1 : Old Scope=InNet('LDM') New Scope=InNet('UDM')
Change Rule Scope 1 : Old Scope=InNet('DQ2') New Scope=InNet('DQ5')
Change Rule Scope 1 : Old Scope=InNet('DQ11') New Scope=InNet('DQ9')
Change Rule Scope 1 : Old Scope=InNet('UDQS_N') New Scope=InNet('LDQS_P')
Change Rule Scope 1 : Old Scope=InNet('R\A\S\') New Scope=InNet('C\A\S\')
Change Rule Scope 1 : Old Scope=InNet('UDM') New Scope=InNet('LDM')
Change Rule Scope 1 : Old Scope=InNet('DQ3') New Scope=InNet('DQ2')
Change Rule Scope 1 : Old Scope=InNet('DQ11') New Scope=InNet('DQ10')
Change Rule Scope 1 : Old Scope=InNet('EEPROM_CS') New Scope=InNet('EEPROM_DATA')
Change Rule Scope 1 : Old Scope=InNet('QSPI_DATA1') New Scope=InNet('QSPI_DATA2')
Change Rule Scope 1 : Old Scope=InNet('R15') New Scope=InNet('N13')
Change Rule Scope 1 : Old Scope=InNet('P5') New Scope=InNet('M1')
Change Rule Scope 1 : Old Scope=InNet('CONFIG_TDO') New Scope=InNet('CONFIG_TCK')
Change Rule Scope 1 : Old Scope=InNet('UART_RX') New Scope=InNet('UART_TX')
