Replace Part C1 C0805C474K4RACTU in C:\Users\santi\OneDrive\Documentos\PCB_Design\Proyecto0\Proyecto0\USB_Port_FTT.SchDoc with C0805C474K4RACTU from Pasivos.IntLib
Replace Part C2 C0805C474K4RACTU in C:\Users\santi\OneDrive\Documentos\PCB_Design\Proyecto0\Proyecto0\USB_Port_FTT.SchDoc with C0805C474K4RACTU from Pasivos.IntLib
Replace Part C3 C0805C475K4RACTU in C:\Users\santi\OneDrive\Documentos\PCB_Design\Proyecto0\Proyecto0\USB_Port_FTT.SchDoc with C0805C475K4RACTU from Pasivos.IntLib
Replace Part C4 C0805C475K4RACTU in C:\Users\santi\OneDrive\Documentos\PCB_Design\Proyecto0\Proyecto0\USB_Port_FTT.SchDoc with C0805C475K4RACTU from Pasivos.IntLib
Replace Part C5 C0805C474K4RACTU in C:\Users\santi\OneDrive\Documentos\PCB_Design\Proyecto0\Proyecto0\USB_Port_FTT.SchDoc with C0805C474K4RACTU from Pasivos.IntLib
Replace Part C6 C0805C474K4RACTU in C:\Users\santi\OneDrive\Documentos\PCB_Design\Proyecto0\Proyecto0\USB_Port_FTT.SchDoc with C0805C474K4RACTU from Pasivos.IntLib
Replace Part C7 C0805C475K4RACTU in C:\Users\santi\OneDrive\Documentos\PCB_Design\Proyecto0\Proyecto0\USB_Port_FTT.SchDoc with C0805C475K4RACTU from Pasivos.IntLib
Replace Part C8 C0805C475K4RACTU in C:\Users\santi\OneDrive\Documentos\PCB_Design\Proyecto0\Proyecto0\USB_Port_FTT.SchDoc with C0805C475K4RACTU from Pasivos.IntLib
Replace Part C9 C0603C332K5RAC7867 in C:\Users\santi\OneDrive\Documentos\PCB_Design\Proyecto0\Proyecto0\USB_Port_FTT.SchDoc with C0603C332K5RAC7867 from Pasivos.IntLib
Replace Part C10 C0603C104K4RAC7867 in C:\Users\santi\OneDrive\Documentos\PCB_Design\Proyecto0\Proyecto0\USB_Port_FTT.SchDoc with C0603C104K4RAC7867 from Pasivos.IntLib
Replace Part C11 C0805C474K4RACTU in C:\Users\santi\OneDrive\Documentos\PCB_Design\Proyecto0\Proyecto0\USB_Port_FTT.SchDoc with C0805C474K4RACTU from Pasivos.IntLib
Replace Part C12 C0805C474K4RACTU in C:\Users\santi\OneDrive\Documentos\PCB_Design\Proyecto0\Proyecto0\USB_Port_FTT.SchDoc with C0805C474K4RACTU from Pasivos.IntLib
Replace Part C13 C0603C104K4RAC7867 in C:\Users\santi\OneDrive\Documentos\PCB_Design\Proyecto0\Proyecto0\USB_Port_FTT.SchDoc with C0603C104K4RAC7867 from Pasivos.IntLib
Replace Part C14 C0805C475K4RACTU in C:\Users\santi\OneDrive\Documentos\PCB_Design\Proyecto0\Proyecto0\USB_Port_FTT.SchDoc with C0805C475K4RACTU from Pasivos.IntLib
Replace Part C15 C0603C104K4RAC7867 in C:\Users\santi\OneDrive\Documentos\PCB_Design\Proyecto0\Proyecto0\USB_Port_FTT.SchDoc with C0603C104K4RAC7867 from Pasivos.IntLib
Replace Part C16 C0603C270K5RAC7867 in C:\Users\santi\OneDrive\Documentos\PCB_Design\Proyecto0\Proyecto0\USB_Port_FTT.SchDoc with C0603C270K5RAC7867 from Pasivos.IntLib
Replace Part C17 C0603C270K5RAC7867 in C:\Users\santi\OneDrive\Documentos\PCB_Design\Proyecto0\Proyecto0\USB_Port_FTT.SchDoc with C0603C270K5RAC7867 from Pasivos.IntLib
Replace Part C18 C0805C474K4RACTU in C:\Users\santi\OneDrive\Documentos\PCB_Design\Proyecto0\Proyecto0\USB_Port_FTT.SchDoc with C0805C474K4RACTU from Pasivos.IntLib
Replace Part CNT1 USB-C in C:\Users\santi\OneDrive\Documentos\PCB_Design\Proyecto0\Proyecto0\USB_Port_FTT.SchDoc with USB-C from Connectors.IntLib
Replace Part D1 ESD321 in C:\Users\santi\OneDrive\Documentos\PCB_Design\Proyecto0\Proyecto0\USB_Port_FTT.SchDoc with ESD321 from Pasivos.IntLib
Replace Part D2 ESD321 in C:\Users\santi\OneDrive\Documentos\PCB_Design\Proyecto0\Proyecto0\USB_Port_FTT.SchDoc with ESD321 from Pasivos.IntLib
Replace Part L1 HZ0603C651R-10 in C:\Users\santi\OneDrive\Documentos\PCB_Design\Proyecto0\Proyecto0\USB_Port_FTT.SchDoc with HZ0603C651R-10 from Pasivos.IntLib
Replace Part L2 HZ0603C651R-10 in C:\Users\santi\OneDrive\Documentos\PCB_Design\Proyecto0\Proyecto0\USB_Port_FTT.SchDoc with HZ0603C651R-10 from Pasivos.IntLib
Replace Part R1 CRCW06035K10FKEA in C:\Users\santi\OneDrive\Documentos\PCB_Design\Proyecto0\Proyecto0\USB_Port_FTT.SchDoc with CRCW06035K10FKEA from Pasivos.IntLib
Replace Part R2 CRCW06035K10FKEA in C:\Users\santi\OneDrive\Documentos\PCB_Design\Proyecto0\Proyecto0\USB_Port_FTT.SchDoc with CRCW06035K10FKEA from Pasivos.IntLib
Replace Part R3 CRCW060310K0FKEA in C:\Users\santi\OneDrive\Documentos\PCB_Design\Proyecto0\Proyecto0\USB_Port_FTT.SchDoc with CRCW060310K0FKEA from Pasivos.IntLib
Replace Part R4 CRCW060310K0FKEA in C:\Users\santi\OneDrive\Documentos\PCB_Design\Proyecto0\Proyecto0\USB_Port_FTT.SchDoc with CRCW060310K0FKEA from Pasivos.IntLib
Replace Part R5 CRCW060310K0FKEA in C:\Users\santi\OneDrive\Documentos\PCB_Design\Proyecto0\Proyecto0\USB_Port_FTT.SchDoc with CRCW060310K0FKEA from Pasivos.IntLib
Replace Part R6 CRCW060310K0FKEA in C:\Users\santi\OneDrive\Documentos\PCB_Design\Proyecto0\Proyecto0\USB_Port_FTT.SchDoc with CRCW060310K0FKEA from Pasivos.IntLib
Replace Part R7 CRCW060312K0FKEA in C:\Users\santi\OneDrive\Documentos\PCB_Design\Proyecto0\Proyecto0\USB_Port_FTT.SchDoc with CRCW060312K0FKEA from Pasivos.IntLib
Replace Part R8 CRCW06034K70FKEA in C:\Users\santi\OneDrive\Documentos\PCB_Design\Proyecto0\Proyecto0\USB_Port_FTT.SchDoc with CRCW06034K70FKEA from Pasivos.IntLib
Replace Part R9 CRCW06032K00FKEA in C:\Users\santi\OneDrive\Documentos\PCB_Design\Proyecto0\Proyecto0\USB_Port_FTT.SchDoc with CRCW06032K00FKEA from Pasivos.IntLib
Replace Part R10 CRCW060310K0FKEA in C:\Users\santi\OneDrive\Documentos\PCB_Design\Proyecto0\Proyecto0\USB_Port_FTT.SchDoc with CRCW060310K0FKEA from Pasivos.IntLib
Replace Part S1 SK34A in C:\Users\santi\OneDrive\Documentos\PCB_Design\Proyecto0\Proyecto0\USB_Port_FTT.SchDoc with SK34A from Integrated_Circuits.IntLib
Replace Part U1 FT2232HL in C:\Users\santi\OneDrive\Documentos\PCB_Design\Proyecto0\Proyecto0\USB_Port_FTT.SchDoc with FT2232HL from Integrated_Circuits.IntLib
Replace Part U2 EEPROM in C:\Users\santi\OneDrive\Documentos\PCB_Design\Proyecto0\Proyecto0\USB_Port_FTT.SchDoc with EEPROM from Integrated_Circuits.IntLib
Replace Part XTAL1 XTAL_12MHz in C:\Users\santi\OneDrive\Documentos\PCB_Design\Proyecto0\Proyecto0\USB_Port_FTT.SchDoc with XTAL_12MHz from Integrated_Circuits.IntLib
