Replace Symbol from C1 C0805C474K4RACTU in C:\Users\santi\OneDrive\Documentos\PCB_Design\Proyecto0\Proyecto0\USB_Port_FTT.SchDoc with C0805C474K4RACTU from Pasivos.IntLib
Replace Symbol from C2 C0805C474K4RACTU in C:\Users\santi\OneDrive\Documentos\PCB_Design\Proyecto0\Proyecto0\USB_Port_FTT.SchDoc with C0805C474K4RACTU from Pasivos.IntLib
Replace Symbol from C3 C0805C475K4RACTU in C:\Users\santi\OneDrive\Documentos\PCB_Design\Proyecto0\Proyecto0\USB_Port_FTT.SchDoc with C0805C475K4RACTU from Pasivos.IntLib
Replace Symbol from C4 C0805C475K4RACTU in C:\Users\santi\OneDrive\Documentos\PCB_Design\Proyecto0\Proyecto0\USB_Port_FTT.SchDoc with C0805C475K4RACTU from Pasivos.IntLib
Replace Symbol from C5 C0805C474K4RACTU in C:\Users\santi\OneDrive\Documentos\PCB_Design\Proyecto0\Proyecto0\USB_Port_FTT.SchDoc with C0805C474K4RACTU from Pasivos.IntLib
Replace Symbol from C6 C0805C474K4RACTU in C:\Users\santi\OneDrive\Documentos\PCB_Design\Proyecto0\Proyecto0\USB_Port_FTT.SchDoc with C0805C474K4RACTU from Pasivos.IntLib
Replace Symbol from C7 C0805C475K4RACTU in C:\Users\santi\OneDrive\Documentos\PCB_Design\Proyecto0\Proyecto0\USB_Port_FTT.SchDoc with C0805C475K4RACTU from Pasivos.IntLib
Replace Symbol from C8 C0805C475K4RACTU in C:\Users\santi\OneDrive\Documentos\PCB_Design\Proyecto0\Proyecto0\USB_Port_FTT.SchDoc with C0805C475K4RACTU from Pasivos.IntLib
Replace Symbol from C9 C0603C332K5RAC7867 in C:\Users\santi\OneDrive\Documentos\PCB_Design\Proyecto0\Proyecto0\USB_Port_FTT.SchDoc with C0603C332K5RAC7867 from Pasivos.IntLib
Replace Symbol from C10 C0603C104K4RAC7867 in C:\Users\santi\OneDrive\Documentos\PCB_Design\Proyecto0\Proyecto0\USB_Port_FTT.SchDoc with C0603C104K4RAC7867 from Pasivos.IntLib
Replace Symbol from C11 C0805C474K4RACTU in C:\Users\santi\OneDrive\Documentos\PCB_Design\Proyecto0\Proyecto0\USB_Port_FTT.SchDoc with C0805C474K4RACTU from Pasivos.IntLib
Replace Symbol from C12 C0805C474K4RACTU in C:\Users\santi\OneDrive\Documentos\PCB_Design\Proyecto0\Proyecto0\USB_Port_FTT.SchDoc with C0805C474K4RACTU from Pasivos.IntLib
Replace Symbol from C13 C0603C104K4RAC7867 in C:\Users\santi\OneDrive\Documentos\PCB_Design\Proyecto0\Proyecto0\USB_Port_FTT.SchDoc with C0603C104K4RAC7867 from Pasivos.IntLib
Replace Symbol from C14 C0805C475K4RACTU in C:\Users\santi\OneDrive\Documentos\PCB_Design\Proyecto0\Proyecto0\USB_Port_FTT.SchDoc with C0805C475K4RACTU from Pasivos.IntLib
Replace Symbol from C15 C0603C104K4RAC7867 in C:\Users\santi\OneDrive\Documentos\PCB_Design\Proyecto0\Proyecto0\USB_Port_FTT.SchDoc with C0603C104K4RAC7867 from Pasivos.IntLib
Replace Symbol from C16 C0603C270K5RAC7867 in C:\Users\santi\OneDrive\Documentos\PCB_Design\Proyecto0\Proyecto0\USB_Port_FTT.SchDoc with C0603C270K5RAC7867 from Pasivos.IntLib
Replace Symbol from C17 C0603C270K5RAC7867 in C:\Users\santi\OneDrive\Documentos\PCB_Design\Proyecto0\Proyecto0\USB_Port_FTT.SchDoc with C0603C270K5RAC7867 from Pasivos.IntLib
Replace Symbol from C18 C0805C474K4RACTU in C:\Users\santi\OneDrive\Documentos\PCB_Design\Proyecto0\Proyecto0\USB_Port_FTT.SchDoc with C0805C474K4RACTU from Pasivos.IntLib
Replace Symbol from CNT1 USB-C in C:\Users\santi\OneDrive\Documentos\PCB_Design\Proyecto0\Proyecto0\USB_Port_FTT.SchDoc with USB-C from Connectors.IntLib
Replace Symbol from D1 ESD321 in C:\Users\santi\OneDrive\Documentos\PCB_Design\Proyecto0\Proyecto0\USB_Port_FTT.SchDoc with ESD321 from Pasivos.IntLib
Replace Symbol from D2 ESD321 in C:\Users\santi\OneDrive\Documentos\PCB_Design\Proyecto0\Proyecto0\USB_Port_FTT.SchDoc with ESD321 from Pasivos.IntLib
Replace Symbol from L1 HZ0603C651R-10 in C:\Users\santi\OneDrive\Documentos\PCB_Design\Proyecto0\Proyecto0\USB_Port_FTT.SchDoc with HZ0603C651R-10 from Pasivos.IntLib
Replace Symbol from L2 HZ0603C651R-10 in C:\Users\santi\OneDrive\Documentos\PCB_Design\Proyecto0\Proyecto0\USB_Port_FTT.SchDoc with HZ0603C651R-10 from Pasivos.IntLib
Replace Symbol from R1 CRCW06035K10FKEA in C:\Users\santi\OneDrive\Documentos\PCB_Design\Proyecto0\Proyecto0\USB_Port_FTT.SchDoc with CRCW06035K10FKEA from Pasivos.IntLib
Replace Symbol from R2 CRCW06035K10FKEA in C:\Users\santi\OneDrive\Documentos\PCB_Design\Proyecto0\Proyecto0\USB_Port_FTT.SchDoc with CRCW06035K10FKEA from Pasivos.IntLib
Replace Symbol from R3 CRCW060310K0FKEA in C:\Users\santi\OneDrive\Documentos\PCB_Design\Proyecto0\Proyecto0\USB_Port_FTT.SchDoc with CRCW060310K0FKEA from Pasivos.IntLib
Replace Symbol from R4 CRCW060310K0FKEA in C:\Users\santi\OneDrive\Documentos\PCB_Design\Proyecto0\Proyecto0\USB_Port_FTT.SchDoc with CRCW060310K0FKEA from Pasivos.IntLib
Replace Symbol from R5 CRCW060310K0FKEA in C:\Users\santi\OneDrive\Documentos\PCB_Design\Proyecto0\Proyecto0\USB_Port_FTT.SchDoc with CRCW060310K0FKEA from Pasivos.IntLib
Replace Symbol from R6 CRCW060310K0FKEA in C:\Users\santi\OneDrive\Documentos\PCB_Design\Proyecto0\Proyecto0\USB_Port_FTT.SchDoc with CRCW060310K0FKEA from Pasivos.IntLib
Replace Symbol from R7 CRCW060312K0FKEA in C:\Users\santi\OneDrive\Documentos\PCB_Design\Proyecto0\Proyecto0\USB_Port_FTT.SchDoc with CRCW060312K0FKEA from Pasivos.IntLib
Replace Symbol from R8 CRCW06034K70FKEA in C:\Users\santi\OneDrive\Documentos\PCB_Design\Proyecto0\Proyecto0\USB_Port_FTT.SchDoc with CRCW06034K70FKEA from Pasivos.IntLib
Replace Symbol from R9 CRCW06032K00FKEA in C:\Users\santi\OneDrive\Documentos\PCB_Design\Proyecto0\Proyecto0\USB_Port_FTT.SchDoc with CRCW06032K00FKEA from Pasivos.IntLib
Replace Symbol from R10 CRCW060310K0FKEA in C:\Users\santi\OneDrive\Documentos\PCB_Design\Proyecto0\Proyecto0\USB_Port_FTT.SchDoc with CRCW060310K0FKEA from Pasivos.IntLib
Replace Symbol from S1 SK34A in C:\Users\santi\OneDrive\Documentos\PCB_Design\Proyecto0\Proyecto0\USB_Port_FTT.SchDoc with SK34A from Integrated_Circuits.IntLib
Replace Symbol from U1 FT2232HL in C:\Users\santi\OneDrive\Documentos\PCB_Design\Proyecto0\Proyecto0\USB_Port_FTT.SchDoc with FT2232HL from Integrated_Circuits.IntLib
Replace Symbol from U2 EEPROM in C:\Users\santi\OneDrive\Documentos\PCB_Design\Proyecto0\Proyecto0\USB_Port_FTT.SchDoc with EEPROM from Integrated_Circuits.IntLib
Replace Symbol from XTAL1 XTAL_12MHz in C:\Users\santi\OneDrive\Documentos\PCB_Design\Proyecto0\Proyecto0\USB_Port_FTT.SchDoc with XTAL_12MHz from Integrated_Circuits.IntLib
