Replace Part C1 C0402C474K8RAC in E:\Santiago\Diseño PCB\Proyecto0\Proyecto0\USB_Port_FTT.SchDoc with C0402C474K8RAC from Pasivos.IntLib
Replace Part C2 C0402C474K8RAC in E:\Santiago\Diseño PCB\Proyecto0\Proyecto0\USB_Port_FTT.SchDoc with C0402C474K8RAC from Pasivos.IntLib
Replace Part C3 C0402C475M9PAC in E:\Santiago\Diseño PCB\Proyecto0\Proyecto0\USB_Port_FTT.SchDoc with C0402C475M9PAC from Pasivos.IntLib
Replace Part C4 C0402C475M9PAC in E:\Santiago\Diseño PCB\Proyecto0\Proyecto0\USB_Port_FTT.SchDoc with C0402C475M9PAC from Pasivos.IntLib
Replace Part C5 C0402C474K8RAC in E:\Santiago\Diseño PCB\Proyecto0\Proyecto0\USB_Port_FTT.SchDoc with C0402C474K8RAC from Pasivos.IntLib
Replace Part C6 C0402C474K8RAC in E:\Santiago\Diseño PCB\Proyecto0\Proyecto0\USB_Port_FTT.SchDoc with C0402C474K8RAC from Pasivos.IntLib
Replace Part C7 C0402C475M9PAC in E:\Santiago\Diseño PCB\Proyecto0\Proyecto0\USB_Port_FTT.SchDoc with C0402C475M9PAC from Pasivos.IntLib
Replace Part C8 C0402C475M9PAC in E:\Santiago\Diseño PCB\Proyecto0\Proyecto0\USB_Port_FTT.SchDoc with C0402C475M9PAC from Pasivos.IntLib
Replace Part C10 C0402C104K4RAC in E:\Santiago\Diseño PCB\Proyecto0\Proyecto0\USB_Port_FTT.SchDoc with C0402C104K4RAC from Pasivos.IntLib
Replace Part C11 C0402C104K4RAC in E:\Santiago\Diseño PCB\Proyecto0\Proyecto0\USB_Port_FTT.SchDoc with C0402C104K4RAC from Pasivos.IntLib
Replace Part C12 C0402C474K8RAC in E:\Santiago\Diseño PCB\Proyecto0\Proyecto0\USB_Port_FTT.SchDoc with C0402C474K8RAC from Pasivos.IntLib
Replace Part C13 C0402C104K4RAC in E:\Santiago\Diseño PCB\Proyecto0\Proyecto0\USB_Port_FTT.SchDoc with C0402C104K4RAC from Pasivos.IntLib
Replace Part C14 C0402C104K4RAC in E:\Santiago\Diseño PCB\Proyecto0\Proyecto0\USB_Port_FTT.SchDoc with C0402C104K4RAC from Pasivos.IntLib
Replace Part C16 C0402C270K5RAC in E:\Santiago\Diseño PCB\Proyecto0\Proyecto0\USB_Port_FTT.SchDoc with C0402C270K5RAC from Pasivos.IntLib
Replace Part C17 C0402C270K5RAC in E:\Santiago\Diseño PCB\Proyecto0\Proyecto0\USB_Port_FTT.SchDoc with C0402C270K5RAC from Pasivos.IntLib
Replace Part C18 C0603C474K4RAC in E:\Santiago\Diseño PCB\Proyecto0\Proyecto0\USB_Port_FTT.SchDoc with C0603C474K4RAC from Pasivos.IntLib
Replace Part C104 C0402C104K4RAC in E:\Santiago\Diseño PCB\Proyecto0\Proyecto0\USB_Port_FTT.SchDoc with C0402C104K4RAC from Pasivos.IntLib
Replace Part C105 C0402C104K4RAC in E:\Santiago\Diseño PCB\Proyecto0\Proyecto0\USB_Port_FTT.SchDoc with C0402C104K4RAC from Pasivos.IntLib
Replace Part CNT1 USB-C in E:\Santiago\Diseño PCB\Proyecto0\Proyecto0\USB_Port_FTT.SchDoc with USB-C from Connectors.IntLib
Replace Part D1 ESD321 in E:\Santiago\Diseño PCB\Proyecto0\Proyecto0\USB_Port_FTT.SchDoc with ESD321 from Pasivos.IntLib
Replace Part D2 ESD321 in E:\Santiago\Diseño PCB\Proyecto0\Proyecto0\USB_Port_FTT.SchDoc with ESD321 from Pasivos.IntLib
Replace Part L1 HZ0603C651R-10 in E:\Santiago\Diseño PCB\Proyecto0\Proyecto0\USB_Port_FTT.SchDoc with HZ0603C651R-10 from Pasivos.IntLib
Replace Part L2 HZ0603C651R-10 in E:\Santiago\Diseño PCB\Proyecto0\Proyecto0\USB_Port_FTT.SchDoc with HZ0603C651R-10 from Pasivos.IntLib
Replace Part S1 SK34A in E:\Santiago\Diseño PCB\Proyecto0\Proyecto0\USB_Port_FTT.SchDoc with SK34A from Integrated_Circuits.IntLib
Replace Part U1 FT2232HL in E:\Santiago\Diseño PCB\Proyecto0\Proyecto0\USB_Port_FTT.SchDoc with FT2232HL from Integrated_Circuits.IntLib
Replace Part U2 EEPROM in E:\Santiago\Diseño PCB\Proyecto0\Proyecto0\USB_Port_FTT.SchDoc with EEPROM from Integrated_Circuits.IntLib
Replace Part XTAL1 XTAL_12MHz in E:\Santiago\Diseño PCB\Proyecto0\Proyecto0\USB_Port_FTT.SchDoc with XTAL_12MHz from Integrated_Circuits.IntLib
