Replace Part C? C0603C270K5RAC7867 in C:\Users\santi\OneDrive\Documentos\PCB_Design\Proyecto0\Proyecto0\USB_Port_FTT.SchDoc with C0603C270K5RAC7867 from Pasivos.IntLib
Replace Part C? C0603C270K5RAC7867 in C:\Users\santi\OneDrive\Documentos\PCB_Design\Proyecto0\Proyecto0\USB_Port_FTT.SchDoc with C0603C270K5RAC7867 from Pasivos.IntLib
Replace Part C? C0603C332K5RAC7867 in C:\Users\santi\OneDrive\Documentos\PCB_Design\Proyecto0\Proyecto0\USB_Port_FTT.SchDoc with C0603C332K5RAC7867 from Pasivos.IntLib
Replace Part C? C0805C474K4RACTU in C:\Users\santi\OneDrive\Documentos\PCB_Design\Proyecto0\Proyecto0\USB_Port_FTT.SchDoc with C0805C474K4RACTU from Pasivos.IntLib
Replace Part C? C0805C475K4RACTU in C:\Users\santi\OneDrive\Documentos\PCB_Design\Proyecto0\Proyecto0\USB_Port_FTT.SchDoc with C0805C475K4RACTU from Pasivos.IntLib
Replace Part C? C0603C104K4RAC7867 in C:\Users\santi\OneDrive\Documentos\PCB_Design\Proyecto0\Proyecto0\USB_Port_FTT.SchDoc with C0603C104K4RAC7867 from Pasivos.IntLib
Replace Part C? C0603C104K4RAC7867 in C:\Users\santi\OneDrive\Documentos\PCB_Design\Proyecto0\Proyecto0\USB_Port_FTT.SchDoc with C0603C104K4RAC7867 from Pasivos.IntLib
Replace Part C? C0603C104K4RAC7867 in C:\Users\santi\OneDrive\Documentos\PCB_Design\Proyecto0\Proyecto0\USB_Port_FTT.SchDoc with C0603C104K4RAC7867 from Pasivos.IntLib
Replace Part C? C0805C474K4RACTU in C:\Users\santi\OneDrive\Documentos\PCB_Design\Proyecto0\Proyecto0\USB_Port_FTT.SchDoc with C0805C474K4RACTU from Pasivos.IntLib
Replace Part C? C0805C475K4RACTU in C:\Users\santi\OneDrive\Documentos\PCB_Design\Proyecto0\Proyecto0\USB_Port_FTT.SchDoc with C0805C475K4RACTU from Pasivos.IntLib
Replace Part C? C0805C474K4RACTU in C:\Users\santi\OneDrive\Documentos\PCB_Design\Proyecto0\Proyecto0\USB_Port_FTT.SchDoc with C0805C474K4RACTU from Pasivos.IntLib
Replace Part C? C0805C475K4RACTU in C:\Users\santi\OneDrive\Documentos\PCB_Design\Proyecto0\Proyecto0\USB_Port_FTT.SchDoc with C0805C475K4RACTU from Pasivos.IntLib
Replace Part C? C0805C474K4RACTU in C:\Users\santi\OneDrive\Documentos\PCB_Design\Proyecto0\Proyecto0\USB_Port_FTT.SchDoc with C0805C474K4RACTU from Pasivos.IntLib
Replace Part C? C0805C474K4RACTU in C:\Users\santi\OneDrive\Documentos\PCB_Design\Proyecto0\Proyecto0\USB_Port_FTT.SchDoc with C0805C474K4RACTU from Pasivos.IntLib
Replace Part C? C0805C475K4RACTU in C:\Users\santi\OneDrive\Documentos\PCB_Design\Proyecto0\Proyecto0\USB_Port_FTT.SchDoc with C0805C475K4RACTU from Pasivos.IntLib
Replace Part C? C0805C475K4RACTU in C:\Users\santi\OneDrive\Documentos\PCB_Design\Proyecto0\Proyecto0\USB_Port_FTT.SchDoc with C0805C475K4RACTU from Pasivos.IntLib
Replace Part C? C0805C474K4RACTU in C:\Users\santi\OneDrive\Documentos\PCB_Design\Proyecto0\Proyecto0\USB_Port_FTT.SchDoc with C0805C474K4RACTU from Pasivos.IntLib
Replace Part C? C0805C474K4RACTU in C:\Users\santi\OneDrive\Documentos\PCB_Design\Proyecto0\Proyecto0\USB_Port_FTT.SchDoc with C0805C474K4RACTU from Pasivos.IntLib
Replace Part CNT? USB-C in C:\Users\santi\OneDrive\Documentos\PCB_Design\Proyecto0\Proyecto0\USB_Port_FTT.SchDoc with USB-C from Connectors.IntLib
Replace Part D? ESD321 in C:\Users\santi\OneDrive\Documentos\PCB_Design\Proyecto0\Proyecto0\USB_Port_FTT.SchDoc with ESD321 from Pasivos.IntLib
Replace Part D? ESD321 in C:\Users\santi\OneDrive\Documentos\PCB_Design\Proyecto0\Proyecto0\USB_Port_FTT.SchDoc with ESD321 from Pasivos.IntLib
Replace Part L? HZ0603C651R-10 in C:\Users\santi\OneDrive\Documentos\PCB_Design\Proyecto0\Proyecto0\USB_Port_FTT.SchDoc with HZ0603C651R-10 from Pasivos.IntLib
Replace Part L? HZ0603C651R-10 in C:\Users\santi\OneDrive\Documentos\PCB_Design\Proyecto0\Proyecto0\USB_Port_FTT.SchDoc with HZ0603C651R-10 from Pasivos.IntLib
Replace Part R? CRCW06035K10FKEA in C:\Users\santi\OneDrive\Documentos\PCB_Design\Proyecto0\Proyecto0\USB_Port_FTT.SchDoc with CRCW06035K10FKEA from Pasivos.IntLib
Replace Part R? CRCW06035K10FKEA in C:\Users\santi\OneDrive\Documentos\PCB_Design\Proyecto0\Proyecto0\USB_Port_FTT.SchDoc with CRCW06035K10FKEA from Pasivos.IntLib
Replace Part R? CRCW060312K0FKEA in C:\Users\santi\OneDrive\Documentos\PCB_Design\Proyecto0\Proyecto0\USB_Port_FTT.SchDoc with CRCW060312K0FKEA from Pasivos.IntLib
Replace Part R? CRCW060310K0FKEA in C:\Users\santi\OneDrive\Documentos\PCB_Design\Proyecto0\Proyecto0\USB_Port_FTT.SchDoc with CRCW060310K0FKEA from Pasivos.IntLib
Replace Part R? CRCW060310K0FKEA in C:\Users\santi\OneDrive\Documentos\PCB_Design\Proyecto0\Proyecto0\USB_Port_FTT.SchDoc with CRCW060310K0FKEA from Pasivos.IntLib
Replace Part R? CRCW060310K0FKEA in C:\Users\santi\OneDrive\Documentos\PCB_Design\Proyecto0\Proyecto0\USB_Port_FTT.SchDoc with CRCW060310K0FKEA from Pasivos.IntLib
Replace Part R? CRCW06032K00FKEA in C:\Users\santi\OneDrive\Documentos\PCB_Design\Proyecto0\Proyecto0\USB_Port_FTT.SchDoc with CRCW06032K00FKEA from Pasivos.IntLib
Replace Part R? CRCW060310K0FKEA in C:\Users\santi\OneDrive\Documentos\PCB_Design\Proyecto0\Proyecto0\USB_Port_FTT.SchDoc with CRCW060310K0FKEA from Pasivos.IntLib
Replace Part R? CRCW060310K0FKEA in C:\Users\santi\OneDrive\Documentos\PCB_Design\Proyecto0\Proyecto0\USB_Port_FTT.SchDoc with CRCW060310K0FKEA from Pasivos.IntLib
Replace Part R? CRCW06034K70FKEA in C:\Users\santi\OneDrive\Documentos\PCB_Design\Proyecto0\Proyecto0\USB_Port_FTT.SchDoc with CRCW06034K70FKEA from Pasivos.IntLib
Replace Part S? SK34A in C:\Users\santi\OneDrive\Documentos\PCB_Design\Proyecto0\Proyecto0\USB_Port_FTT.SchDoc with SK34A from Integrated_Circuits.IntLib
Replace Part U? EEPROM in C:\Users\santi\OneDrive\Documentos\PCB_Design\Proyecto0\Proyecto0\USB_Port_FTT.SchDoc with EEPROM from Integrated_Circuits.IntLib
Replace Part U? FT2232HL in C:\Users\santi\OneDrive\Documentos\PCB_Design\Proyecto0\Proyecto0\USB_Port_FTT.SchDoc with FT2232HL from Integrated_Circuits.IntLib
Replace Part XTAL? XTAL_12MHz in C:\Users\santi\OneDrive\Documentos\PCB_Design\Proyecto0\Proyecto0\USB_Port_FTT.SchDoc with XTAL_12MHz from Integrated_Circuits.IntLib
