Change Net Color : Net Name= ADD0 Old Net Color=RGB(110, 110, 255) New Net Color=Default
Change Net Color : Net Name= ADD1 Old Net Color=RGB(110, 110, 255) New Net Color=Default
Change Net Color : Net Name= ADD2 Old Net Color=RGB(110, 110, 255) New Net Color=Default
Change Net Color : Net Name= ADD3 Old Net Color=RGB(110, 110, 255) New Net Color=Default
Change Net Color : Net Name= ADD4 Old Net Color=RGB(110, 110, 255) New Net Color=Default
Change Net Color : Net Name= ADD5 Old Net Color=RGB(110, 110, 255) New Net Color=Default
Change Net Color : Net Name= ADD6 Old Net Color=RGB(110, 110, 255) New Net Color=Default
Change Net Color : Net Name= ADD7 Old Net Color=RGB(110, 110, 255) New Net Color=Default
Change Net Color : Net Name= ADD8 Old Net Color=RGB(110, 110, 255) New Net Color=Default
Change Net Color : Net Name= ADD9 Old Net Color=RGB(110, 110, 255) New Net Color=Default
Change Net Color : Net Name= ADD10 Old Net Color=RGB(110, 110, 255) New Net Color=Default
Change Net Color : Net Name= ADD11 Old Net Color=RGB(110, 110, 255) New Net Color=Default
Change Net Color : Net Name= ADD12 Old Net Color=RGB(110, 110, 255) New Net Color=Default
Change Net Color : Net Name= ADD13 Old Net Color=RGB(110, 110, 255) New Net Color=Default
Change Net Color : Net Name= ADD14 Old Net Color=RGB(110, 110, 255) New Net Color=Default
Change Net Color : Net Name= BA0 Old Net Color=RGB(110, 110, 255) New Net Color=Default
Change Net Color : Net Name= BA1 Old Net Color=RGB(110, 110, 255) New Net Color=Default
Change Net Color : Net Name= BA2 Old Net Color=RGB(110, 110, 255) New Net Color=Default
Change Net Color : Net Name= C\A\S\ Old Net Color=RGB(110, 110, 255) New Net Color=Default
Change Net Color : Net Name= C\S\ Old Net Color=RGB(255, 110, 255) New Net Color=Default
Change Net Color : Net Name= CK_N Old Net Color=RGB(110, 255, 255) New Net Color=Default
Change Net Color : Net Name= CK_P Old Net Color=RGB(110, 255, 255) New Net Color=Default
Change Net Color : Net Name= CKE Old Net Color=RGB(255, 110, 255) New Net Color=Default
Change Net Color : Net Name= D\D\R\_\R\E\S\E\T\ Old Net Color=RGB(255, 110, 255) New Net Color=Default
Change Net Color : Net Name= DQ0 Old Net Color=RGB(110, 255, 110) New Net Color=Default
Change Net Color : Net Name= DQ1 Old Net Color=RGB(110, 255, 110) New Net Color=Default
Change Net Color : Net Name= DQ2 Old Net Color=RGB(110, 255, 110) New Net Color=Default
Change Net Color : Net Name= DQ3 Old Net Color=RGB(110, 255, 110) New Net Color=Default
Change Net Color : Net Name= DQ4 Old Net Color=RGB(110, 255, 110) New Net Color=Default
Change Net Color : Net Name= DQ5 Old Net Color=RGB(110, 255, 110) New Net Color=Default
Change Net Color : Net Name= DQ6 Old Net Color=RGB(110, 255, 110) New Net Color=Default
Change Net Color : Net Name= DQ7 Old Net Color=RGB(110, 255, 110) New Net Color=Default
Change Net Color : Net Name= DQ8 Old Net Color=RGB(110, 255, 110) New Net Color=Default
Change Net Color : Net Name= DQ9 Old Net Color=RGB(110, 255, 110) New Net Color=Default
Change Net Color : Net Name= DQ10 Old Net Color=RGB(110, 255, 110) New Net Color=Default
Change Net Color : Net Name= DQ11 Old Net Color=RGB(110, 255, 110) New Net Color=Default
Change Net Color : Net Name= DQ12 Old Net Color=RGB(110, 255, 110) New Net Color=Default
Change Net Color : Net Name= DQ13 Old Net Color=RGB(110, 255, 110) New Net Color=Default
Change Net Color : Net Name= DQ14 Old Net Color=RGB(110, 255, 110) New Net Color=Default
Change Net Color : Net Name= DQ15 Old Net Color=RGB(110, 255, 110) New Net Color=Default
Change Net Color : Net Name= LDM Old Net Color=RGB(110, 255, 110) New Net Color=Default
Change Net Color : Net Name= LDQS_N Old Net Color=RGB(110, 255, 110) New Net Color=Default
Change Net Color : Net Name= LDQS_P Old Net Color=RGB(110, 255, 110) New Net Color=Default
Change Net Color : Net Name= ODT Old Net Color=RGB(255, 110, 255) New Net Color=Default
Change Net Color : Net Name= R\A\S\ Old Net Color=RGB(110, 110, 255) New Net Color=Default
Change Net Color : Net Name= UDM Old Net Color=RGB(110, 255, 110) New Net Color=Default
Change Net Color : Net Name= UDQS_N Old Net Color=RGB(110, 255, 110) New Net Color=Default
Change Net Color : Net Name= UDQS_P Old Net Color=RGB(110, 255, 110) New Net Color=Default
Change Net Color : Net Name= W\E\ Old Net Color=RGB(110, 110, 255) New Net Color=Default
Change Pin Designator/Name:  Old Designator=U4C-C13 Old Name=IO_L12N_T1_MRCC_15 New Designator =IO_L16N_T2_A27_15 New Name=F13
Change Pin Designator/Name:  Old Designator=U4C-B9 Old Name=IO_L3P_T0_DQS_AD1P_15 New Designator =IO_L8P_T1_AD10P_15 New Name=C14
Change Pin Designator/Name:  Old Designator=U4C-A10 Old Name=IO_L3N_T0_DQS_AD1N_15 New Designator =IO_L7N_T1_AD2N_15 New Name=A14
Change Pin Designator/Name:  Old Designator=U4C-B12 Old Name=IO_L5P_T0_AD9P_15 New Designator =IO_L13N_T2_MRCC_15 New Name=E13
Change Pin Designator/Name:  Old Designator=U4C-A12 Old Name=IO_L5N_T0_AD9N_15 New Designator =IO_L8N_T1_AD10N_15 New Name=B14
Change Pin Designator/Name:  Old Designator=U4C-H11 Old Name=IO_L19P_T3_A22_15 New Designator =IO_25_15 New Name=G11
Change Pin Designator/Name:  Old Designator=U4C-F14 Old Name=IO_L21N_T3_DQS_A18_15 New Designator =IO_L16P_T2_A28_15 New Name=F12
Change Pin Designator/Name:  Old Designator=U4C-C14 Old Name=IO_L8P_T1_AD10P_15 New Designator =IO_L21N_T3_DQS_A18_15 New Name=F14
Change Pin Designator/Name:  Old Designator=U4C-A14 Old Name=IO_L7N_T1_AD2N_15 New Designator =IO_L7P_T1_AD2P_15 New Name=A13
Change Pin Designator/Name:  Old Designator=U4C-B14 Old Name=IO_L8N_T1_AD10N_15 New Designator =IO_L15P_T2_DQS_15 New Name=D14
Change Pin Designator/Name:  Old Designator=U4C-G14 Old Name=IO_L21P_T3_DQS_15 New Designator =IO_L20P_T3_A20_15 New Name=H12
Change Pin Designator/Name:  Old Designator=U4C-H12 Old Name=IO_L20P_T3_A20_15 New Designator =IO_L19P_T3_A22_15 New Name=H11
Change Pin Designator/Name:  Old Designator=U4C-G11 Old Name=IO_25_15 New Designator =IO_L19N_T3_A21_VREF_15 New Name=G12
Change Pin Designator/Name:  Old Designator=U4C-E11 Old Name=IO_L14P_T2_SRCC_15 New Designator =IO_L14N_T2_SRCC_15 New Name=D11
Change Pin Designator/Name:  Old Designator=U4C-G12 Old Name=IO_L19N_T3_A21_VREF_15 New Designator =IO_L5P_T0_AD9P_15 New Name=B12
Change Pin Designator/Name:  Old Designator=U4C-E13 Old Name=IO_L13N_T2_MRCC_15 New Designator =IO_L12P_T1_MRCC_15 New Name=D13
Change Pin Designator/Name:  Old Designator=U4C-C12 Old Name=IO_L11N_T1_SRCC_15 New Designator =IO_L11P_T1_SRCC_15 New Name=C11
Change Pin Designator/Name:  Old Designator=U4C-F13 Old Name=IO_L16N_T2_A27_15 New Designator =IO_L6P_T0_15 New Name=D8
Change Pin Designator/Name:  Old Designator=U4C-F12 Old Name=IO_L16P_T2_A28_15 New Designator =IO_L6N_T0_VREF_15 New Name=D9
Change Pin Designator/Name:  Old Designator=U4C-D14 Old Name=IO_L15P_T2_DQS_15 New Designator =IO_L21P_T3_DQS_15 New Name=G14
Change Pin Designator/Name:  Old Designator=U4C-C11 Old Name=IO_L11P_T1_SRCC_15 New Designator =IO_L5N_T0_AD9N_15 New Name=A12
Change Pin Designator/Name:  Old Designator=U4C-A8 Old Name=IO_L2P_T0_AD8P_15 New Designator =IO_L14P_T2_SRCC_15 New Name=E11
Change Pin Designator/Name:  Old Designator=U4C-A9 Old Name=IO_L2N_T0_AD8N_15 New Designator =IO_L3N_T0_DQS_AD1N_15 New Name=A10
Change Pin Designator/Name:  Old Designator=U4C-D11 Old Name=IO_L14N_T2_SRCC_15 New Designator =IO_L4P_T0_15 New Name=B10
Change Pin Designator/Name:  Old Designator=U4C-A13 Old Name=IO_L7P_T1_AD2P_15 New Designator =IO_L12N_T1_MRCC_15 New Name=C13
Change Pin Designator/Name:  Old Designator=U4C-B10 Old Name=IO_L4P_T0_15 New Designator =IO_L2P_T0_AD8P_15 New Name=A8
Change Pin Designator/Name:  Old Designator=U4C-D9 Old Name=IO_L6N_T0_VREF_15 New Designator =IO_L2N_T0_AD8N_15 New Name=A9
Change Pin Designator/Name:  Old Designator=U4C-D8 Old Name=IO_L6P_T0_15 New Designator =IO_L3P_T0_DQS_AD1P_15 New Name=B9
Change Pin Designator/Name:  Old Designator=U4C-D13 Old Name=IO_L12P_T1_MRCC_15 New Designator =IO_L11N_T1_SRCC_15 New Name=C12
