Removed Pin From Net: NetName=UART_RX Pin=CNT4-23
Removed Pin From Net: NetName=UART_TX Pin=CNT4-24
Removed Pin From Net: NetName=CONFIG_TCK Pin=U1-28
Removed Pin From Net: NetName=CONFIG_TMS Pin=U1-29
Removed Pin From Net: NetName=CONFIG_TDI Pin=U1-33
Removed Pin From Net: NetName=CONFIG_TDO Pin=U1-34
Added Pin To Net: NetName=UART_TX Pin=CNT4-23
Added Pin To Net: NetName=UART_RX Pin=CNT4-24
Added Pin To Net: NetName=CONFIG_TDO Pin=U1-28
Added Pin To Net: NetName=CONFIG_TDI Pin=U1-29
Added Pin To Net: NetName=CONFIG_TMS Pin=U1-33
Added Pin To Net: NetName=CONFIG_TCK Pin=U1-34
Change Net Color : Old Net Color=RGB(255, 110, 255) New Net Color=RGB(255, 110, 255)
Change Net Color : Old Net Color=Yellow New Net Color=Yellow
Change Net Color : Old Net Color=Yellow New Net Color=Yellow
Change Net Color : Old Net Color=RGB(255, 110, 255) New Net Color=RGB(255, 110, 255)
Change Net Color : Old Net Color=RGB(158, 161, 117) New Net Color=Default
Change Net Color : Old Net Color=RGB(158, 161, 117) New Net Color=Default
Change Net Color : Old Net Color=RGB(158, 161, 117) New Net Color=Default
Change Net Color : Old Net Color=RGB(158, 161, 117) New Net Color=Default
Change Net Color : Old Net Color=RGB(158, 161, 117) New Net Color=Default
Change Net Color : Old Net Color=RGB(158, 161, 117) New Net Color=Default
Change Net Color : Old Net Color=RGB(158, 161, 117) New Net Color=Default
Change Net Color : Old Net Color=RGB(255, 110, 255) New Net Color=RGB(255, 110, 255)
Change Net Color : Old Net Color=RGB(158, 161, 117) New Net Color=RGB(158, 161, 117)
Change Net Color : Old Net Color=RGB(158, 161, 117) New Net Color=RGB(158, 161, 117)
Change Net Color : Old Net Color=RGB(158, 161, 117) New Net Color=RGB(158, 161, 117)
Change Net Color : Old Net Color=RGB(255, 110, 255) New Net Color=RGB(255, 110, 255)
Change Net Color : Old Net Color=RGB(255, 110, 255) New Net Color=RGB(255, 110, 255)
Change Net Color : Old Net Color=RGB(255, 110, 255) New Net Color=RGB(255, 110, 255)
Change Net Color : Old Net Color=RGB(158, 161, 117) New Net Color=RGB(158, 161, 117)
Change Net Color : Old Net Color=RGB(158, 161, 117) New Net Color=RGB(158, 161, 117)
Change Net Color : Old Net Color=RGB(158, 161, 117) New Net Color=RGB(158, 161, 117)
Change Net Color : Old Net Color=RGB(158, 161, 117) New Net Color=RGB(158, 161, 117)
Change Net Color : Old Net Color=RGB(158, 161, 117) New Net Color=RGB(158, 161, 117)
Change Net Color : Old Net Color=RGB(158, 161, 117) New Net Color=RGB(158, 161, 117)
